--------------------------------------------------------------------------------
Translator Name    : Spatial InterOp Connect ( Version : 2019 1.0.1 )
System Name        : Windows_NT
Machine Name       : TUCAN-MAGPC
User Name          : mzhao
Source System      : STEP
Destination System : ACIS
Input File         : C:\Users\mzhao\OPERA_miniMSR\stpfiles\innerMSRstructure.STEP
Output File        : C:\Users\mzhao\AppData\Local\Temp\SPAXTemp-P31988-T3932-24_SPAIop_12_Doc.sab
Start Time         : Wed May 15 15:19:01 2024

--------------------------------------------------------------------------------
Message : === Translation Options ===
Message : TranslateAttributes : true
Message : Flatten : true
Message : Representation : BRep+Assembly
Message : ===========================
-------------------------Source File Header Information-------------------------
Modification Date        : 2024-05-15T21:33:15
File Name                : innerMSRstructure.STEP
Author                   : ''
Organization             : ''
Source System            : SolidWorks 2023 SwSTEP 2.0
Version                  : AP214
Authorization            : 
File Description         : 'STEP AP214'
Implementation Level     : 1
File Schema Name         : 'AUTOMOTIVE_DESIGN'
Document Type            : Part
Units                    : METER
Format Type              : STEP
--------------------------------------------------------------------------------
--------------------------------------------------------------------------------
Source Document Preprocessing Result : Success
--------------------------------------------------------------------------------
--------------------------------------------------------------------------------
Target Document Preprocessing Result : Success
--------------------------------------------------------------------------------
--------------------------------------------------------------------------------
Start BRep
--------------------------------------------------------------------------------
--------------------------------------------------------------------------------
BRep Source Representation Preprocessing Result : Success
--------------------------------------------------------------------------------
--------------------------------------------------------------------------------
BRep Source Representation Postprocessing Result : Success
--------------------------------------------------------------------------------
--------------------------------------------------------------------------------
BRep Target Representation Postprocessing Result : Success
--------------------------------------------------------------------------------
--------------------------------------------------------------------------------
End BRep
------------------------Representation Conversion Summary-----------------------
No. of Acorn Bodies                       :    0
No. of Mixed Bodies                       :    0
No. of Solid Bodies                       :    1
No. of Wire Bodies                        :    0
No. of Free Surfaces                      :    0
No. of Free Curves                        :    0
No. of Sheet Bodies                       :    0
No. of Free Points                        :    0
--------------------------------------------------------------------------------
BRep Conversion Result : Success
--------------------------------------------------------------------------------
--------------------------------------------------------------------------------
Start DocumentFeature
--------------------------------------------------------------------------------
--------------------------------------------------------------------------------
DocumentFeature Source Representation Preprocessing Result : Success
--------------------------------------------------------------------------------
--------------------------------------------------------------------------------
DocumentFeature Source Representation Postprocessing Result : Success
--------------------------------------------------------------------------------
--------------------------------------------------------------------------------
DocumentFeature Target Representation Postprocessing Result : Success
--------------------------------------------------------------------------------
--------------------------------------------------------------------------------
End DocumentFeature
------------------------Representation Conversion Summary-----------------------
No. of Selection Sets                     :    0
No. of Working Coordinate Systems         :    0
No. of Associative Groups                 :    0
No. of Layer Filters                      :    0
--------------------------------------------------------------------------------
DocumentFeature Conversion Result : No Entity to Translate
--------------------------------------------------------------------------------
--------------------------------------------------------------------------------
Target Document Postprocessing Result : Success
--------------------------------------------------------------------------------
--------------------------------------------------------------------------------
Target Document Postprocessing Result : Success
--------------------------------------------------------------------------------
--------------------------------------------------------------------------------
---------------------------Document Conversion Summary--------------------------
No. of Items of DocumentFeature Representation :    0
No. of Items of BRep Representation            :    1
--------------------------------------------------------------------------------
Message : Setting save mode for ACIS file based on the file extension
Output File "C:\Users\mzhao\AppData\Local\Temp\SPAXTemp-P31988-T3932-24_SPAIop_12_Doc.sab" is Successfully Written
--------------------------------------------------------------------------------
Finish Time : Wed May 15 15:19:01 2024

--------------------------------------------------------------------------------
Translation Result : Success
--------------------------------------------------------------------------------
--------------------------------------------------------------------------------
