/ Opera-3d Modeller
/ Opera 2021 SP3 [Build 3]
/ Started: 23/May/2024 09:44:31
/ Node: UCNENG01. Processor: Intel64 Family 6 Model 42 Stepping 7, GenuineIntel. System: Windows 10 Version 2009 windows (10.0.19045)


PREVIEW OPTION=UNPICK REDISPLAY=YES
$ COMI 'C:\Users\mzhao\OPERA_miniMSR\test.comi'
BHDATA OPTION=VIEW  label=innermumetal_door_BH
$ COMI 'C:\Users\mzhao\OPERA_miniMSR\test.comi'
$ COMI 'C:\Users\mzhao\OPERA_miniMSR\test.comi'
$ COMI 'C:\Users\mzhao\OPERA_miniMSR\test.comi'
$ COMI 'C:\Users\mzhao\OPERA_miniMSR\test.comi'
BHDATA OPTION=VIEW  label=outermumetal_door_BH
BHDATA OPTION=NEW  LABEL='mumetal_PMT'
BHDATA OPTION=LOAD LABEL=mumetal_PMT FILE=C:/Users/mzhao/OPERA_miniMSR/bhdata/PMTshieldB_anh.bh
BHDATA OPTION=VIEW  label=innermumetal_floor_BH
MODEL DELETE
BACKGROUND OPTION=LOAD
BACKGROUND OPTION=SET SHAPE=NONE
BACKGROUND OPTION=LOAD
BACKGROUND OPTION=SET SHAPE=BLOCK SCALEX=1 SCALEY=1 SCALEZ=1   XYSYMMETRYPLANE=NO YZSYMMETRYPLANE=YES ROTZNUM=1 ZXSYMMETRYPLANE=YES EMRYZ=TANGMAGN EMRZX=TANGMAGN
MODEL CREATE
MESH GENERATOR=AUTOMATIC SIZE=0.3 NORMALTOL=30.0 SURFACETOL=0.0 TOLERANCE=1.0E-06 TYPE=PREFERTETRA
FILL TOL=1.0E-06
MULTIPHYSICS OPTION=RESET
DBCASEDATA PROGRAM=TOSCAMAGN OPTION=CLEAR
ANALYSISDATA OPTION=SET PROGRAM=TOSCAMAGN HX=0 HY=50 HZ=0 LINEAR=NO NITERATIONS=100 NLITERTYPE=NEWTON POTENTIALCUT=YES RHS=ADAPTIVE SCALEDRIVE=ALL TOLERANCE=0.001 USEDEFORMEDMESH=NO USEDIRECTSOLVER=NO
MULTIPHYSICS OPTION=RESET
DBCASEDATA PROGRAM=TOSCAMAGN OPTION=CLEAR
ANALYSISDATA OPTION=SET PROGRAM=TOSCAMAGN HX=0 HY=50 HZ=0 LINEAR=NO NITERATIONS=100 NLITERTYPE=NEWTON POTENTIALCUT=YES RHS=ADAPTIVE SCALEDRIVE=ALL TOLERANCE=0.001 USEDEFORMEDMESH=NO USEDIRECTSOLVER=NO
SOLVERS SOLVENOW=NO SAVEMODEL=YES, | SOLVERS OPTION=TEST FILE='mini_MSR.op3' UNITS=METRE ELEMENT=MIXED SURFACE=CURVED | COMMENT CLEAR=YES TYPE=DBTITLE | SOLVERS OPTION=OVERWRITE
MODEL DELETE
BACKGROUND OPTION=LOAD
BACKGROUND OPTION=SET SHAPE=BLOCK SCALEX=2 SCALEY=2 SCALEZ=2   XYSYMMETRYPLANE=NO YZSYMMETRYPLANE=YES ROTZNUM=1 ZXSYMMETRYPLANE=YES EMRYZ=TANGMAGN EMRZX=TANGMAGN
MODEL CREATE
MESH GENERATOR=AUTOMATIC SIZE=0.3 NORMALTOL=30.0 SURFACETOL=0.0 TOLERANCE=1.0E-06 TYPE=PREFERTETRA
FILL TOL=1.0E-06
SOLVERS SOLVENOW=YES SAVEMODEL=YES, | SOLVERS OPTION=TEST FILE='mini_MSR.op3' UNITS=METRE ELEMENT=MIXED SURFACE=CURVED | COMMENT CLEAR=YES TYPE=DBTITLE | SOLVERS OPTION=OVERWRITE
MODEL DELETE
BACKGROUND OPTION=LOAD
BACKGROUND OPTION=SET SHAPE=BLOCK SCALEX=0.5 SCALEY=0.5 SCALEZ=0.5   XYSYMMETRYPLANE=NO YZSYMMETRYPLANE=YES ROTZNUM=1 ZXSYMMETRYPLANE=YES EMRYZ=TANGMAGN EMRZX=TANGMAGN
BACKGROUND OPTION=SET SHAPE=BLOCK SCALEX=5 SCALEY=5 SCALEZ=5   XYSYMMETRYPLANE=NO YZSYMMETRYPLANE=YES ROTZNUM=1 ZXSYMMETRYPLANE=YES EMRYZ=TANGMAGN EMRZX=TANGMAGN
MODEL CREATE
MESH GENERATOR=AUTOMATIC SIZE=0.3 NORMALTOL=30.0 SURFACETOL=0.0 TOLERANCE=1.0E-06 TYPE=PREFERTETRA
FILL TOL=1.0E-06
SOLVERS SOLVENOW=YES SAVEMODEL=YES, | SOLVERS OPTION=TEST FILE='mini_MSR.op3' UNITS=METRE ELEMENT=MIXED SURFACE=CURVED | COMMENT CLEAR=YES TYPE=DBTITLE | SOLVERS OPTION=OVERWRITE
MODEL DELETE
MODEL CREATE
MESH GENERATOR=AUTOMATIC SIZE=0.1 NORMALTOL=30.0 SURFACETOL=0.0 TOLERANCE=1.0E-06 TYPE=PREFERTETRA
FILL TOL=1.0E-06
SOLVERS SOLVENOW=YES SAVEMODEL=YES, | SOLVERS OPTION=TEST FILE='mini_MSR.op3' UNITS=METRE ELEMENT=MIXED SURFACE=CURVED | COMMENT CLEAR=YES TYPE=DBTITLE | SOLVERS OPTION=OVERWRITE
