/ Opera-3d Modeller
/ Opera 2020 SP3 [Build 2]
/ Started: 17/May/2024 12:10:24
/ Node: TUCAN-MAGPC. Processor: Intel64. System: Windows 10

$ COMI 'C:\Users\mzhao\OPERA_miniMSR\test.comi'
FILTER TYPE=BODY
PREVIEW OPTION=PICK | PICK OPTION=ADD PROPERTY=UniqueName LABEL='inner_front'

PREVIEW OPTION=UNPICK REDISPLAY=YES
PREVIEW OPTION=PICK | PICK OPTION=ADD PROPERTY=UniqueName LABEL='inner_front'

PREVIEW OPTION=ACCEPT REDISPLAY=NO |  CELLDATA OPTION=MODIFY MATERIALLABEL='Air' POTENTIAL=Default ELEMENTTYPE=Linear ELEMSHAPEPREF=NONE
PREVIEW OPTION=PICK | PICK OPTION=ADD PROPERTY=UniqueName LABEL='inner_front'

PREVIEW OPTION=UNPICK REDISPLAY=YES
PREVIEW OPTION=PICK | PICK OPTION=ADD PROPERTY=UniqueName LABEL='inner_front'

PREVIEW OPTION=ACCEPT REDISPLAY=NO |  CELLDATA OPTION=MODIFY MATERIALLABEL='Air' POTENTIAL=Total ELEMENTTYPE=Linear LEVEL=3 SIZE=21 NORMALTOL=1 ELEMSHAPEPREF=NONE
$ COMI 'C:\Users\mzhao\OPERA_miniMSR\test.comi'
PREVIEW OPTION=PICK | PICK OPTION=ADD TYPE=FACE UNIQUEBODYNAME='inner_front' IDENTIFIER=A.00007

PREVIEW OPTION=UNPICK REDISPLAY=YES
FILTER TYPE=BODY
PREVIEW OPTION=PICK | PICK OPTION=ADD PROPERTY=UniqueName LABEL='inner_front'

PREVIEW OPTION=UNPICK REDISPLAY=YES
PREVIEW OPTION=PICK | PICK OPTION=ADD PROPERTY=UniqueName LABEL='inner_front'

PREVIEW OPTION=UNPICK REDISPLAY=YES
FILTER TYPE=FACE
FILTER COMMAND=CURSORHIDE
PREVIEW OPTION=PICK | PICK OPTION=ADD TYPE=FACE UNIQUEBODYNAME='Unnamed:AAA-018' IDENTIFIER=A.00009

PREVIEW OPTION=UNPICK REDISPLAY=YES
SELECT OPTION=CURSORHIDE TYPE=FACE UNIQUEBODYNAME='Unnamed:AAA-018' IDENTIFIER=A.00009
SELECT OPTION=CURSORHIDE TYPE=FACE UNIQUEBODYNAME='Unnamed:AAA-018' IDENTIFIER=A.00010
FILTER COMMAND=PICK
PREVIEW OPTION=PICK | PICK OPTION=ADD TYPE=FACE UNIQUEBODYNAME='inner_front' IDENTIFIER=A.00006

PREVIEW OPTION=ACCEPT REDISPLAY=NO |  FACEDATA OPTION=MODIFY BOUNDARYLABEL='mumetal' LEVEL=500 ELEMENTTYPE=Linear SIZE=0.05 NORMALTOL=30 FORMETHOD=NONE BACKMETHOD=NONE
SELECT OPTION=UNHIDE
FILTER COMMAND=CURSORHIDE
PREVIEW OPTION=PICK | PICK OPTION=ADD TYPE=FACE UNIQUEBODYNAME='inner_front' IDENTIFIER=A.00007

PREVIEW OPTION=UNPICK REDISPLAY=YES
PREVIEW OPTION=PICK | PICK OPTION=ADD TYPE=FACE UNIQUEBODYNAME='inner_front' IDENTIFIER=A.00007

PREVIEW OPTION=UNPICK REDISPLAY=YES
SELECT OPTION=CURSORHIDE TYPE=FACE UNIQUEBODYNAME='inner_front' IDENTIFIER=A.00007
SELECT OPTION=CURSORHIDE TYPE=FACE UNIQUEBODYNAME='inner_front' IDENTIFIER=A.00006
FILTER COMMAND=PICK
FILTER TYPE=BODY
PREVIEW OPTION=PICK | PICK OPTION=ADD PROPERTY=UniqueName LABEL='Unnamed:AAA-018'

PREVIEW OPTION=UNPICK REDISPLAY=YES
FILTER TYPE=FACE
PREVIEW OPTION=PICK | PICK OPTION=ADD TYPE=FACE UNIQUEBODYNAME='Unnamed:AAA-018' IDENTIFIER=A.00010

PREVIEW OPTION=UNPICK REDISPLAY=YES
FILTER TYPE=FACE
FILTER TYPE=BODY
PREVIEW OPTION=PICK | PICK OPTION=ADD PROPERTY=UniqueName LABEL='Unnamed:AAA-010'

PREVIEW OPTION=UNPICK REDISPLAY=YES
FILTER TYPE=FACE
PREVIEW OPTION=PICK | PICK OPTION=ADD TYPE=FACE UNIQUEBODYNAME='Unnamed:AAA-010' IDENTIFIER=A.00010

PREVIEW OPTION=UNPICK REDISPLAY=YES
FILTER TYPE=BODY
FILTER TYPE=CELL
FILTER TYPE=CELL
FILTER TYPE=FACE
PREVIEW OPTION=PICK | PICK OPTION=ADD TYPE=FACE UNIQUEBODYNAME='Unnamed:AAA-006' IDENTIFIER=A.00010

PREVIEW OPTION=UNPICK REDISPLAY=YES
PREVIEW OPTION=PICK | PICK OPTION=ADD TYPE=FACE UNIQUEBODYNAME='Unnamed:AAA-017' IDENTIFIER=A.00010

PREVIEW OPTION=UNPICK REDISPLAY=YES
PREVIEW OPTION=PICK | PICK OPTION=ADD TYPE=FACE UNIQUEBODYNAME='Unnamed:AAA-007' IDENTIFIER=A.00010

PREVIEW OPTION=UNPICK REDISPLAY=YES
$ COMI 'C:\Users\mzhao\OPERA_miniMSR\test.comi'
PREVIEW OPTION=PICK | PICK OPTION=ADD TYPE=FACE UNIQUEBODYNAME='inner_front' IDENTIFIER=A.00007

PREVIEW OPTION=UNPICK REDISPLAY=YES
PREVIEW OPTION=PICK | PICK OPTION=ADD TYPE=FACE UNIQUEBODYNAME='inner_front' IDENTIFIER=A.00007

PREVIEW OPTION=UNPICK REDISPLAY=YES
PICK OPTION=TOGGLE TYPE=FACE UNIQUEBODYNAME='inner_front' IDENTIFIER=A.00007
SELECT OPTION=PICKEDREMOVE
SELECT OPTION=PICKEDREMOVE
PICK OPTION=TOGGLE TYPE=FACE UNIQUEBODYNAME='inner_front' IDENTIFIER=A.00006
SELECT OPTION=PICKEDREMOVE
UNDO
FILTER TYPE=BODY
PICK OPTION=TOGGLE PROPERTY=UniqueName LABEL='inner_front'
SELECT OPTION=PICKEDREMOVE
PREVIEW OPTION=PICK | PICK OPTION=ADD PROPERTY=UniqueName LABEL='inner_right'

PREVIEW OPTION=UNPICK REDISPLAY=YES
SELECT OPTION=PICKEDREMOVE
PREVIEW OPTION=PICK | PICK OPTION=ADD PROPERTY=UniqueName LABEL='inner_right'

PREVIEW OPTION=UNPICK REDISPLAY=YES
PREVIEW OPTION=PICK | PICK OPTION=ADD PROPERTY=UniqueName LABEL='inner_front'

PREVIEW OPTION=UNPICK REDISPLAY=YES
PICK OPTION=TOGGLE PROPERTY=UniqueName LABEL='inner_front'
SELECT OPTION=PICKEDREMOVE
SELECT OPTION=PICKEDREMOVE
$ COMI 'C:\Users\mzhao\OPERA_miniMSR\test.comi'
FILTER TYPE=BODY
PICK OPTION=TOGGLE PROPERTY=UniqueName LABEL='inner_front'
SELECT OPTION=PICKEDREMOVE
PICK OPTION=TOGGLE PROPERTY=UniqueName LABEL='inner_right'
FILTER TYPE=FACE
PREVIEW OPTION=PICK | PICK OPTION=ADD TYPE=FACE UNIQUEBODYNAME='inner_right' IDENTIFIER=A.00010

PREVIEW OPTION=UNPICK REDISPLAY=YES | PICK OPTION=RESET
PREVIEW OPTION=PICK | PICK OPTION=ADD TYPE=FACE UNIQUEBODYNAME='inner_right' IDENTIFIER=A.00010

PREVIEW OPTION=UNPICK REDISPLAY=YES
PREVIEW OPTION=PICK | PICK OPTION=ADD TYPE=FACE UNIQUEBODYNAME='inner_right' IDENTIFIER=A.00010

PREVIEW OPTION=UNPICK REDISPLAY=YES
PICK OPTION=TOGGLE TYPE=FACE UNIQUEBODYNAME='inner_front' IDENTIFIER=A.00007
FILTER COMMAND=CURSORHIDE
SELECT OPTION=CURSORHIDE TYPE=FACE UNIQUEBODYNAME='inner_front' IDENTIFIER=A.00007
SELECT OPTION=CURSORHIDE TYPE=FACE UNIQUEBODYNAME='inner_front' IDENTIFIER=A.00007
SELECT OPTION=CURSORHIDE TYPE=FACE UNIQUEBODYNAME='inner_front' IDENTIFIER=A.00007
SELECT OPTION=CURSORHIDE TYPE=FACE UNIQUEBODYNAME='inner_front' IDENTIFIER=A.00007
SELECT OPTION=CURSORHIDE TYPE=FACE UNIQUEBODYNAME='inner_front' IDENTIFIER=A.00007
UNDO
$ COMI 'C:\Users\mzhao\OPERA_miniMSR\test.comi'
FILTER COMMAND=CURSORHIDE
SELECT OPTION=CURSORHIDE TYPE=FACE UNIQUEBODYNAME='inner_front' IDENTIFIER=A.00007
SELECT OPTION=CURSORHIDE TYPE=FACE UNIQUEBODYNAME='inner_front' IDENTIFIER=A.00006
FILTER COMMAND=PICK
PREVIEW OPTION=PICK | PICK OPTION=ADD TYPE=FACE UNIQUEBODYNAME='inner_right' IDENTIFIER=A.00010

PREVIEW OPTION=UNPICK REDISPLAY=YES
PREVIEW OPTION=PICK | PICK OPTION=ADD TYPE=FACE UNIQUEBODYNAME='inner_back' IDENTIFIER=A.00010

PREVIEW OPTION=UNPICK REDISPLAY=YES
PREVIEW OPTION=PICK | PICK OPTION=ADD TYPE=FACE UNIQUEBODYNAME='inner_top' IDENTIFIER=A.00010

PREVIEW OPTION=UNPICK REDISPLAY=YES
$ COMI 'C:\Users\mzhao\OPERA_miniMSR\test.comi'
FILTER COMMAND=CURSORHIDE
SELECT OPTION=CURSORHIDE TYPE=FACE UNIQUEBODYNAME='inner_front' IDENTIFIER=A.00007
SELECT OPTION=CURSORHIDE TYPE=FACE UNIQUEBODYNAME='inner_front' IDENTIFIER=A.00006
FILTER COMMAND=PICK
PREVIEW OPTION=PICK | PICK OPTION=ADD TYPE=FACE UNIQUEBODYNAME='inner_back' IDENTIFIER=A.00010

PREVIEW OPTION=UNPICK REDISPLAY=YES
PREVIEW OPTION=PICK | PICK OPTION=ADD TYPE=FACE UNIQUEBODYNAME='inner_right' IDENTIFIER=A.00010

PREVIEW OPTION=UNPICK REDISPLAY=YES
$ COMI 'C:\Users\mzhao\OPERA_miniMSR\test.comi'
FILTER COMMAND=CURSORHIDE
SELECT OPTION=CURSORHIDE TYPE=FACE UNIQUEBODYNAME='inner_front' IDENTIFIER=A.00007
SELECT OPTION=CURSORHIDE TYPE=FACE UNIQUEBODYNAME='inner_front' IDENTIFIER=A.00006
FILTER COMMAND=PICK
PREVIEW OPTION=PICK | PICK OPTION=ADD TYPE=FACE UNIQUEBODYNAME='inner_back' IDENTIFIER=A.00010

PREVIEW OPTION=UNPICK REDISPLAY=YES
PREVIEW OPTION=PICK | PICK OPTION=ADD TYPE=FACE UNIQUEBODYNAME='inner_bottom' IDENTIFIER=A.00010

PREVIEW OPTION=UNPICK REDISPLAY=YES
PREVIEW OPTION=PICK | PICK OPTION=ADD TYPE=FACE UNIQUEBODYNAME='inner_bottom' IDENTIFIER=A.00010

LIST | PREVIEW OPTION=UNPICK REDISPLAY=YES
PREVIEW OPTION=PICK | PICK OPTION=ADD TYPE=FACE UNIQUEBODYNAME='inner_bottom' IDENTIFIER=A.00010

PREVIEW OPTION=UNPICK REDISPLAY=YES
PREVIEW OPTION=PICK | PICK OPTION=ADD TYPE=FACE UNIQUEBODYNAME='inner_left' IDENTIFIER=A.00010

PREVIEW OPTION=UNPICK REDISPLAY=YES
PREVIEW OPTION=PICK | PICK OPTION=ADD TYPE=FACE UNIQUEBODYNAME='Unnamed:AAA-005' IDENTIFIER=A.00009

PREVIEW OPTION=UNPICK REDISPLAY=YES
PREVIEW OPTION=PICK | PICK OPTION=ADD TYPE=FACE UNIQUEBODYNAME='Unnamed:AAA-008' IDENTIFIER=A.00018

PREVIEW OPTION=UNPICK REDISPLAY=YES
PREVIEW OPTION=PICK | PICK OPTION=ADD TYPE=FACE UNIQUEBODYNAME='Unnamed:AAA-008' IDENTIFIER=A.00013

PREVIEW OPTION=UNPICK REDISPLAY=YES
PREVIEW OPTION=PICK | PICK OPTION=ADD TYPE=FACE UNIQUEBODYNAME='Unnamed:AAA-008' IDENTIFIER=A.00006

PREVIEW OPTION=UNPICK REDISPLAY=YES
PREVIEW OPTION=PICK | PICK OPTION=ADD TYPE=FACE UNIQUEBODYNAME='Unnamed:AAA-002' IDENTIFIER=A.00018

PREVIEW OPTION=UNPICK REDISPLAY=YES
PREVIEW OPTION=PICK | PICK OPTION=ADD TYPE=FACE UNIQUEBODYNAME='Unnamed:AAA-014' IDENTIFIER=A.00006

PREVIEW OPTION=UNPICK REDISPLAY=YES
PREVIEW OPTION=PICK | PICK OPTION=ADD TYPE=FACE UNIQUEBODYNAME='Unnamed:AAA-014' IDENTIFIER=A.00013

PREVIEW OPTION=UNPICK REDISPLAY=YES
PREVIEW OPTION=PICK | PICK OPTION=ADD TYPE=FACE UNIQUEBODYNAME='Unnamed:AAA-014' IDENTIFIER=A.00018

PREVIEW OPTION=UNPICK REDISPLAY=YES
PREVIEW OPTION=PICK | PICK OPTION=ADD TYPE=FACE UNIQUEBODYNAME='Unnamed:AAA-003' IDENTIFIER=A.00009

PREVIEW OPTION=UNPICK REDISPLAY=YES
PREVIEW OPTION=PICK | PICK OPTION=ADD TYPE=FACE UNIQUEBODYNAME='Unnamed:AAA-003' IDENTIFIER=A.00009

PREVIEW OPTION=UNPICK REDISPLAY=YES
FILTER TYPE=BODY
PREVIEW OPTION=PICK | PICK OPTION=ADD PROPERTY=UniqueName LABEL='Unnamed:AAA-003'

PREVIEW OPTION=UNPICK REDISPLAY=YES
FILTER COMMAND=CURSORHIDE
PREVIEW OPTION=PICK | PICK OPTION=ADD PROPERTY=UniqueName LABEL='Unnamed:AAA-003'

PREVIEW OPTION=UNPICK REDISPLAY=YES
SELECT OPTION=CURSORHIDE PROPERTY=UniqueName LABEL='Unnamed:AAA-003'
SELECT OPTION=UNHIDE
FILTER TYPE=FACE
PREVIEW OPTION=PICK | PICK OPTION=ADD TYPE=FACE UNIQUEBODYNAME='inner_front' IDENTIFIER=A.00007

PREVIEW OPTION=UNPICK REDISPLAY=YES
PREVIEW OPTION=PICK | PICK OPTION=ADD TYPE=FACE UNIQUEBODYNAME='inner_front' IDENTIFIER=A.00007

PREVIEW OPTION=UNPICK REDISPLAY=YES
PREVIEW OPTION=PICK | PICK OPTION=ADD TYPE=FACE UNIQUEBODYNAME='inner_front' IDENTIFIER=A.00007

PREVIEW OPTION=UNPICK REDISPLAY=YES
SELECT OPTION=CURSORHIDE TYPE=FACE UNIQUEBODYNAME='inner_front' IDENTIFIER=A.00007
SELECT OPTION=CURSORHIDE TYPE=FACE UNIQUEBODYNAME='inner_front' IDENTIFIER=A.00006
FILTER COMMAND=PICK
PREVIEW OPTION=PICK | PICK OPTION=ADD TYPE=FACE UNIQUEBODYNAME='Unnamed:AAA-005' IDENTIFIER=A.00009

PREVIEW OPTION=UNPICK REDISPLAY=YES
PREVIEW OPTION=PICK | PICK OPTION=ADD TYPE=FACE UNIQUEBODYNAME='Unnamed:AAA-005' IDENTIFIER=A.00009

PREVIEW OPTION=UNPICK REDISPLAY=YES
PREVIEW OPTION=PICK | PICK OPTION=ADD TYPE=FACE UNIQUEBODYNAME='Unnamed:AAA-003' IDENTIFIER=A.00009

PREVIEW OPTION=UNPICK REDISPLAY=YES
FILTER TYPE=BODY
PICK OPTION=TOGGLE PROPERTY=UniqueName LABEL='Unnamed:AAA-005'
SELECT OPTION=PICKEDREMOVE
$constant testfunct max(abs(#x1);abs(#x2))
$constant testfunct(a) max(abs(a))
$constant testfunct(a) MAX(ABS(a))
ABS(-5)
$ COMI 'C:\Users\mzhao\OPERA_miniMSR\test.comi'
FILTER COMMAND=CURSORHIDE
PREVIEW OPTION=PICK | PICK OPTION=ADD TYPE=FACE UNIQUEBODYNAME='inner_front' IDENTIFIER=A.00007

PREVIEW OPTION=UNPICK REDISPLAY=YES
PREVIEW OPTION=PICK | PICK OPTION=ADD TYPE=FACE UNIQUEBODYNAME='inner_front' IDENTIFIER=A.00007

PREVIEW OPTION=UNPICK REDISPLAY=YES
SELECT OPTION=CURSORHIDE TYPE=FACE UNIQUEBODYNAME='inner_front' IDENTIFIER=A.00007
SELECT OPTION=CURSORHIDE TYPE=FACE UNIQUEBODYNAME='inner_front' IDENTIFIER=A.00006
SELECT OPTION=CURSORHIDE TYPE=FACE UNIQUEBODYNAME='inner_back' IDENTIFIER=A.00009
SELECT OPTION=CURSORHIDE TYPE=FACE UNIQUEBODYNAME='inner_back' IDENTIFIER=A.00010
FILTER COMMAND=PICK
PREVIEW OPTION=PICK | PICK OPTION=ADD TYPE=FACE UNIQUEBODYNAME='inner_brkt_front_bottom' IDENTIFIER=A.00006

PREVIEW OPTION=ACCEPT REDISPLAY=NO |  FACEDATA OPTION=MODIFY BOUNDARYLABEL='mumetal' LEVEL=500 ELEMENTTYPE=Linear SIZE=0.03 NORMALTOL=30 FORMETHOD=NONE BACKMETHOD=NONE
PREVIEW OPTION=PICK | PICK OPTION=ADD TYPE=FACE UNIQUEBODYNAME='inner_brkt_front_bottom' IDENTIFIER=A.00013

PREVIEW OPTION=ACCEPT REDISPLAY=NO |  FACEDATA OPTION=MODIFY BOUNDARYLABEL='mumetal' LEVEL=500 ELEMENTTYPE=Linear SIZE=0.03 NORMALTOL=30 FORMETHOD=NONE BACKMETHOD=NONE
PREVIEW OPTION=PICK | PICK OPTION=ADD TYPE=FACE UNIQUEBODYNAME='inner_brkt_front_bottom' IDENTIFIER=A.00018

PREVIEW OPTION=ACCEPT REDISPLAY=NO |  FACEDATA OPTION=MODIFY BOUNDARYLABEL='mumetal' LEVEL=500 ELEMENTTYPE=Linear SIZE=0.03 NORMALTOL=30 FORMETHOD=NONE BACKMETHOD=NONE
SELECT OPTION=UNHIDE
FILTER COMMAND=CURSORHIDE
SELECT OPTION=CURSORHIDE TYPE=FACE UNIQUEBODYNAME='inner_front' IDENTIFIER=A.00007
SELECT OPTION=CURSORHIDE TYPE=FACE UNIQUEBODYNAME='inner_front' IDENTIFIER=A.00006
FILTER COMMAND=PICK
PREVIEW OPTION=PICK | PICK OPTION=ADD TYPE=FACE UNIQUEBODYNAME='Unnamed:AAA-004' IDENTIFIER=A.00009

PREVIEW OPTION=UNPICK REDISPLAY=YES
$ COMI 'C:\Users\mzhao\OPERA_miniMSR\test.comi'
$ COMI 'C:\Users\mzhao\OPERA_miniMSR\test.comi'
$ COMI 'C:\Users\mzhao\OPERA_miniMSR\test.comi'
$ COMI 'C:\Users\mzhao\OPERA_miniMSR\test.comi'
$ COMI 'C:\Users\mzhao\OPERA_miniMSR\test.comi'
$ COMI 'C:\Users\mzhao\OPERA_miniMSR\test.comi'
$ COMI 'C:\Users\mzhao\OPERA_miniMSR\test.comi'
$ COMI 'C:\Users\mzhao\OPERA_miniMSR\test.comi'
$ COMI 'C:\Users\mzhao\OPERA_miniMSR\test.comi'
$ COMI 'C:\Users\mzhao\OPERA_miniMSR\test.comi'
PREVIEW OPTION=PICK | PICK OPTION=ADD TYPE=FACE UNIQUEBODYNAME='inner_front' IDENTIFIER=A.00007

PREVIEW OPTION=UNPICK REDISPLAY=YES
FILTER COMMAND=PICK
FILTER COMMAND=PICK
FILTER COMMAND=CURSORHIDE
SELECT OPTION=CURSORHIDE TYPE=FACE UNIQUEBODYNAME='inner_front' IDENTIFIER=A.00007
SELECT OPTION=CURSORHIDE TYPE=FACE UNIQUEBODYNAME='inner_front' IDENTIFIER=A.00006
FILTER COMMAND=PICK
PREVIEW OPTION=PICK | PICK OPTION=ADD TYPE=FACE UNIQUEBODYNAME='Unnamed:AAA-002' IDENTIFIER=A.00009

PREVIEW OPTION=UNPICK REDISPLAY=YES
PREVIEW OPTION=PICK | PICK OPTION=ADD TYPE=FACE UNIQUEBODYNAME='Unnamed:AAA-012' IDENTIFIER=A.00018

PREVIEW OPTION=UNPICK REDISPLAY=YES
PREVIEW OPTION=PICK | PICK OPTION=ADD TYPE=FACE UNIQUEBODYNAME='Unnamed:AAA-008' IDENTIFIER=A.00006

PREVIEW OPTION=UNPICK REDISPLAY=YES
PREVIEW OPTION=PICK | PICK OPTION=ADD TYPE=FACE UNIQUEBODYNAME='Unnamed:AAA-011' IDENTIFIER=A.00006

PREVIEW OPTION=UNPICK REDISPLAY=YES
$ COMI 'C:\Users\mzhao\OPERA_miniMSR\test.comi'
FILTER COMMAND=CURSORHIDE
PREVIEW OPTION=PICK | PICK OPTION=ADD TYPE=FACE UNIQUEBODYNAME='inner_front' IDENTIFIER=A.00007

PREVIEW OPTION=UNPICK REDISPLAY=YES
SELECT OPTION=CURSORHIDE TYPE=FACE UNIQUEBODYNAME='inner_front' IDENTIFIER=A.00007
SELECT OPTION=CURSORHIDE TYPE=FACE UNIQUEBODYNAME='inner_front' IDENTIFIER=A.00006
SELECT OPTION=CURSORHIDE TYPE=FACE UNIQUEBODYNAME='Unnamed:AAA-009' IDENTIFIER=A.00006
UNDO
SELECT OPTION=CURSORHIDE TYPE=FACE UNIQUEBODYNAME='inner_front' IDENTIFIER=A.00007
SELECT OPTION=CURSORHIDE TYPE=FACE UNIQUEBODYNAME='inner_front' IDENTIFIER=A.00006
PREVIEW OPTION=PICK | PICK OPTION=ADD TYPE=FACE UNIQUEBODYNAME='Unnamed:AAA-013' IDENTIFIER=A.00006

PREVIEW OPTION=UNPICK REDISPLAY=YES
PREVIEW OPTION=PICK | PICK OPTION=ADD TYPE=FACE UNIQUEBODYNAME='Unnamed:AAA-015' IDENTIFIER=A.00006

PREVIEW OPTION=UNPICK REDISPLAY=YES
PICTURE NO
PREVIEW OPTION=PICK | PICK OPTION=ADD TYPE=FACE UNIQUEBODYNAME='Unnamed:AAA-016' IDENTIFIER=A.00006

PREVIEW OPTION=UNPICK REDISPLAY=YES
PREVIEW OPTION=PICK | PICK OPTION=ADD TYPE=FACE UNIQUEBODYNAME='Unnamed:AAA-014' IDENTIFIER=A.00006

PREVIEW OPTION=UNPICK REDISPLAY=YES
$ COMI 'C:\Users\mzhao\OPERA_miniMSR\test.comi'
$ COMI 'C:\Users\mzhao\OPERA_miniMSR\test.comi'
MATERIALS UNPICK | MATERIALS GUIINIT
MATERIALS PICK 'layer1_NAUO1#inner_flat_front_Boss_Extrude2'
MATERIALS UNPICK 'layer1_NAUO1#inner_flat_front_Boss_Extrude2' | MATERIALS PICK 'layer1_NAUO10#inner_flat_Boss_Extrude2'
MATERIALS UNPICK 'layer1_NAUO10#inner_flat_Boss_Extrude2' | MATERIALS PICK 'layer1_NAUO11#inner_bracket_Cut_Extrude3'
MATERIALS UNPICK 'layer1_NAUO11#inner_bracket_Cut_Extrude3' | MATERIALS PICK 'layer1_NAUO13#inner_bracket_Cut_Extrude3'
MATERIALS UNPICK 'layer1_NAUO13#inner_bracket_Cut_Extrude3' | MATERIALS PICK 'layer1_NAUO15#inner_bracket_Cut_Extrude3'
MATERIALS PICK 'layer1_NAUO16#inner_bracket_Cut_Extrude3'
MATERIALS UNPICK 'layer1_NAUO15#inner_bracket_Cut_Extrude3'
MATERIALS UNPICK
FILTER COMMAND=CURSORHIDE
SELECT OPTION=CURSORHIDE TYPE=FACE UNIQUEBODYNAME='inner_front' IDENTIFIER=A.00007
SELECT OPTION=CURSORHIDE TYPE=FACE UNIQUEBODYNAME='inner_front' IDENTIFIER=A.00006
FILTER COMMAND=PICK
PREVIEW OPTION=PICK | PICK OPTION=ADD TYPE=FACE UNIQUEBODYNAME='inner_bottom' IDENTIFIER=A.00010

PREVIEW OPTION=UNPICK REDISPLAY=YES
PREVIEW OPTION=PICK | PICK OPTION=ADD TYPE=FACE UNIQUEBODYNAME='inner_brkt_bottom_right' IDENTIFIER=A.00006

PREVIEW OPTION=UNPICK REDISPLAY=YES
PREVIEW OPTION=PICK | PICK OPTION=ADD TYPE=FACE UNIQUEBODYNAME='inner_top' IDENTIFIER=A.00009

PREVIEW OPTION=UNPICK REDISPLAY=YES
PREVIEW OPTION=PICK | PICK OPTION=ADD TYPE=FACE UNIQUEBODYNAME='inner_left' IDENTIFIER=A.00009

PREVIEW OPTION=UNPICK REDISPLAY=YES
MATERIALS UNPICK | MATERIALS GUIINIT
MATERIALS UNPICK
MATERIALS UNPICK | MATERIALS GUIINIT
MATERIALS UNPICK
PREVIEW OPTION=PICK | PICK OPTION=ADD TYPE=FACE UNIQUEBODYNAME='inner_brkt_back_bottom' IDENTIFIER=A.00017

PREVIEW OPTION=UNPICK REDISPLAY=YES
PREVIEW OPTION=PICK | PICK OPTION=ADD TYPE=FACE UNIQUEBODYNAME='inner_brkt_back_left' IDENTIFIER=A.00006

PREVIEW OPTION=UNPICK REDISPLAY=YES
PREVIEW OPTION=PICK | PICK OPTION=ADD TYPE=FACE UNIQUEBODYNAME='inner_brkt_top_left' IDENTIFIER=A.00006

PREVIEW OPTION=UNPICK REDISPLAY=YES
PREVIEW OPTION=PICK | PICK OPTION=ADD TYPE=FACE UNIQUEBODYNAME='inner_brkt_top_left' IDENTIFIER=A.00006

PREVIEW OPTION=UNPICK REDISPLAY=YES
PREVIEW OPTION=PICK | PICK OPTION=ADD TYPE=FACE UNIQUEBODYNAME='inner_brkt_top_left' IDENTIFIER=A.00018

PREVIEW OPTION=UNPICK REDISPLAY=YES
PREVIEW OPTION=PICK | PICK OPTION=ADD TYPE=FACE UNIQUEBODYNAME='inner_bottom' IDENTIFIER=A.00009

PREVIEW OPTION=UNPICK REDISPLAY=YES
MATERIALS UNPICK | MATERIALS GUIINIT
MATERIALS PICK 'mumetal'
MATERIALS UNPICK
BOUNDARY UNPICK | BOUNDARY GUIINIT
BOUNDARY PICK 'mumetal'
BOUNDARY UNPICK
BOUNDARY UNPICK | BOUNDARY GUIINIT
BOUNDARY UNPICK
BOUNDARY UNPICK | BOUNDARY GUIINIT
BOUNDARY PICK 'mumetal'
BOUNDARY UNPICK
MATERIALS UNPICK | MATERIALS GUIINIT
MATERIALS PICK 'mumetal'
MATERIALS OPTION=DELETE | MATERIALS OPTION=GUIINIT
MATERIALS UNPICK 'mumetal'
MATERIALS UNPICK
$ COMI 'C:\Users\mzhao\OPERA_miniMSR\test.comi'
BOUNDARY UNPICK | BOUNDARY GUIINIT
BOUNDARY PICK 'inner_mumetal'
BOUNDARY UNPICK
#mu_inner_thickness
#mu_DSL
#mu_DSL + 1
ge #mu_DSL 1
FILTER TYPE=BODY
PREVIEW OPTION=PICK | PICK OPTION=ADD PROPERTY=UniqueName LABEL='inner_front'

PREVIEW OPTION=UNPICK REDISPLAY=YES
BOUNDARY UNPICK | BOUNDARY GUIINIT
BOUNDARY PICK 'inner_mumetal'
BOUNDARY OPTION=MODIFY CONDITION=THINPLATE PLATEMATERIAL=mumetal PLATETHICKNESS=0.0015
BOUNDARY OPTION=MODIFY CONDITION=THINPLATE PLATEMATERIAL=mumetal PLATETHICKNESS=0.0015 | BOUNDARY UNPICK
eq
eq !
! eq
0.02 GE 0.01
0.02 GE 0.01
$ COMI 'C:\Users\mzhao\OPERA_miniMSR\test.comi'
FILTER COMMAND=CURSORHIDE
PREVIEW OPTION=PICK | PICK OPTION=ADD TYPE=FACE UNIQUEBODYNAME='inner_front' IDENTIFIER=A.00007

PREVIEW OPTION=UNPICK REDISPLAY=YES
SELECT OPTION=CURSORHIDE TYPE=FACE UNIQUEBODYNAME='inner_front' IDENTIFIER=A.00007
SELECT OPTION=CURSORHIDE TYPE=FACE UNIQUEBODYNAME='inner_front' IDENTIFIER=A.00006
FILTER COMMAND=PICK
BOUNDARY UNPICK | BOUNDARY GUIINIT
BOUNDARY PICK 'inner_mumetal'
BOUNDARY UNPICK
VARIABLE OPTION=PARAMETER, NAME=#mu_inner_thickness, Value=0.0015, DESCRIPTION='thickness of mumetal inner layer [m]'
PICTURE NO
$ COMI 'C:\Users\mzhao\OPERA_miniMSR\test.comi'
BOUNDARY UNPICK | BOUNDARY GUIINIT
BOUNDARY PICK 'inner_mumetal'
BOUNDARY UNPICK
#mu_inner_thickness
$ COMI 'C:\Users\mzhao\OPERA_miniMSR\test.comi'
BOUNDARY UNPICK | BOUNDARY GUIINIT
BOUNDARY PICK 'inner_mumetal'
BOUNDARY UNPICK
MATERIALS UNPICK | MATERIALS GUIINIT
MATERIALS PICK 'mumetal'
MATERIALS UNPICK
$ COMI 'C:\Users\mzhao\OPERA_miniMSR\test.comi'
BOUNDARY UNPICK | BOUNDARY GUIINIT
BOUNDARY PICK 'inner_mumetal'
BOUNDARY UNPICK
MATERIALS UNPICK | MATERIALS GUIINIT
MATERIALS PICK 'inner_mumetal'
MATERIALS OPTION=MODIFY MULINEARITY=NONLINEAR MUANISOTROPY=ISOTROPIC BH='innermumetalBH'
MATERIALS OPTION=MODIFY MULINEARITY=NONLINEAR MUANISOTROPY=ISOTROPIC BH='innermumetalBH' | MATERIALS UNPICK
PICTURE NO
PICTURE NO
PICTURE NO
SKETCH OBJECT=BLOCK +COMPLETE
SKETCH ACTIVE=NO COMPLETE=YES



SKETCH OBJECT=BLOCK +COMPLETE

SKETCH OBJECT=BLOCK +COMPLETE
PREVIEW OPTION=START REDISPLAY=NO | BLOCK Name='Block' X0=1 Y0=1 Z0=1 X1=-1 Y1=-1 Z1=-1 MATERIALLABEL='Air' LEVEL=1
PREVIEW OPTION=END REDISPLAY=NO |  BLOCK Name='Block' X0=1 Y0=1 Z0=1 X1=-1 Y1=-1 Z1=-1 MATERIALLABEL='Air' LEVEL=1
PICTURE NO
PICTURE NO
$ COMI 'C:\Users\mzhao\OPERA_miniMSR\test.comi'
WINDOW SOLID=NO
PREVIEW OPTION=PICK | PICK OPTION=ADD TYPE=FACE UNIQUEBODYNAME='Block' IDENTIFIER=A.00001

PREVIEW OPTION=UNPICK REDISPLAY=YES
FILTER TYPE=BODY
PREVIEW OPTION=PICK | PICK OPTION=ADD PROPERTY=UniqueName LABEL='Block'

PREVIEW OPTION=ACCEPT REDISPLAY=NO |  CELLDATA OPTION=MODIFY MATERIALLABEL='Air' POTENTIAL=Total ELEMENTTYPE=Linear LEVEL=200 ELEMSHAPEPREF=NONE
PICTURE NO
PICTURE NO
PICTURE NO
PREVIEW OPTION=PICK | PICK OPTION=ADD PROPERTY=UniqueName LABEL='Block'

PREVIEW OPTION=UNPICK REDISPLAY=YES
PREVIEW OPTION=PICK | PICK OPTION=ADD PROPERTY=UniqueName LABEL='Block'

PREVIEW OPTION=ACCEPT REDISPLAY=NO |  CELLDATA OPTION=MODIFY MATERIALLABEL='Air' POTENTIAL=Total ELEMENTTYPE=Linear LEVEL=200 ELEMSHAPEPREF=NONE
PREVIEW OPTION=PICK | PICK OPTION=ADD PROPERTY=UniqueName LABEL='Block'

PREVIEW OPTION=ACCEPT REDISPLAY=NO |  RENAME NAME='a' UNIQUENAME='a'
$ COMI 'C:\Users\mzhao\OPERA_miniMSR\test.comi'
$ COMI 'C:\Users\mzhao\OPERA_miniMSR\test.comi'
PREVIEW OPTION=PICK | PICK OPTION=ADD PROPERTY=UniqueName LABEL='total_air_block'

PREVIEW OPTION=ACCEPT REDISPLAY=NO |  CELLDATA OPTION=MODIFY MATERIALLABEL='Air' POTENTIAL=Default ELEMENTTYPE=Linear LEVEL=200 SIZE=1 NORMALTOL=2 SURFACETOL=3 ELEMSHAPEPREF=NONE
PICTURE NO
PICTURE NO
PREVIEW OPTION=PICK | PICK OPTION=ADD PROPERTY=UniqueName LABEL='total_air_block'

PREVIEW OPTION=UNPICK REDISPLAY=YES
$ COMI 'C:\Users\mzhao\OPERA_miniMSR\test.comi'
PREVIEW OPTION=PICK | PICK OPTION=ADD PROPERTY=UniqueName LABEL='reduced_air_block'

PREVIEW OPTION=ACCEPT REDISPLAY=NO |  CELLDATA OPTION=MODIFY MATERIALLABEL='Air' POTENTIAL=Reduced ELEMENTTYPE=Linear LEVEL=200 SIZE=0.3 NORMALTOL=30 ELEMSHAPEPREF=NONE
PICTURE NO
$ COMI 'C:\Users\mzhao\OPERA_miniMSR\test.comi'
WINDOW SOLID=NO
WINDOW SOLID=YES
$ COMI 'C:\Users\mzhao\OPERA_miniMSR\test.comi'
FILTER TYPE=BODY
FILTER TYPE=FACE
PREVIEW OPTION=PICK | PICK OPTION=ADD TYPE=FACE UNIQUEBODYNAME='Unnamed:AAB-001' IDENTIFIER=A.00007

PREVIEW OPTION=UNPICK REDISPLAY=YES
$ COMI 'C:\Users\mzhao\OPERA_miniMSR\test.comi'
FILTER COMMAND=PICK
FILTER COMMAND=CURSORHIDE
SELECT OPTION=CURSORHIDE TYPE=FACE UNIQUEBODYNAME='Unnamed:AAB-014' IDENTIFIER=A.00009
SELECT OPTION=CURSORHIDE TYPE=FACE UNIQUEBODYNAME='Unnamed:AAB-004' IDENTIFIER=A.00009
SELECT OPTION=CURSORHIDE TYPE=FACE UNIQUEBODYNAME='Unnamed:AAB-014' IDENTIFIER=A.00010
SELECT OPTION=CURSORHIDE TYPE=FACE UNIQUEBODYNAME='Unnamed:AAB-004' IDENTIFIER=A.00010
FILTER COMMAND=PICK
PREVIEW OPTION=PICK | PICK OPTION=ADD TYPE=FACE UNIQUEBODYNAME='outer_front' IDENTIFIER=A.00006

PREVIEW OPTION=UNPICK REDISPLAY=YES
PREVIEW OPTION=PICK | PICK OPTION=ADD TYPE=FACE UNIQUEBODYNAME='Unnamed:AAB-013' IDENTIFIER=A.00006

PREVIEW OPTION=UNPICK REDISPLAY=YES
SELECT OPTION=UNHIDE
PREVIEW OPTION=PICK | PICK OPTION=ADD TYPE=FACE UNIQUEBODYNAME='Unnamed:AAB-026' IDENTIFIER=A.00009

PREVIEW OPTION=UNPICK REDISPLAY=YES
FILTER COMMAND=CURSORHIDE
PREVIEW OPTION=PICK | PICK OPTION=ADD TYPE=FACE UNIQUEBODYNAME='Unnamed:AAB-025' IDENTIFIER=A.00009

PREVIEW OPTION=UNPICK REDISPLAY=YES
SELECT OPTION=CURSORHIDE TYPE=FACE UNIQUEBODYNAME='Unnamed:AAB-025' IDENTIFIER=A.00009
SELECT OPTION=CURSORHIDE TYPE=FACE UNIQUEBODYNAME='Unnamed:AAB-025' IDENTIFIER=A.00010

PREVIEW OPTION=UNPICK REDISPLAY=YES
FILTER COMMAND=PICK
PREVIEW OPTION=PICK | PICK OPTION=ADD TYPE=FACE UNIQUEBODYNAME='Unnamed:AAB-026' IDENTIFIER=A.00010

PREVIEW OPTION=UNPICK REDISPLAY=YES
PREVIEW OPTION=PICK | PICK OPTION=ADD TYPE=FACE UNIQUEBODYNAME='Unnamed:AAB-014' IDENTIFIER=A.00010

PREVIEW OPTION=UNPICK REDISPLAY=YES
PREVIEW OPTION=PICK | PICK OPTION=ADD TYPE=FACE UNIQUEBODYNAME='Unnamed:AAB-018' IDENTIFIER=A.00010

PREVIEW OPTION=UNPICK REDISPLAY=YES
SELECT OPTION=UNHIDE
FILTER COMMAND=CURSORHIDE
PREVIEW OPTION=PICK | PICK OPTION=ADD TYPE=FACE UNIQUEBODYNAME='Unnamed:AAB-005' IDENTIFIER=A.00009

PREVIEW OPTION=UNPICK REDISPLAY=YES
SELECT OPTION=CURSORHIDE TYPE=FACE UNIQUEBODYNAME='Unnamed:AAB-005' IDENTIFIER=A.00009
SELECT OPTION=CURSORHIDE TYPE=FACE UNIQUEBODYNAME='Unnamed:AAB-005' IDENTIFIER=A.00010
SELECT OPTION=CURSORHIDE TYPE=FACE UNIQUEBODYNAME='inner_bottom' IDENTIFIER=A.00009
SELECT OPTION=CURSORHIDE TYPE=FACE UNIQUEBODYNAME='inner_bottom' IDENTIFIER=A.00010
SELECT OPTION=CURSORHIDE TYPE=FACE UNIQUEBODYNAME='inner_top' IDENTIFIER=A.00010
SELECT OPTION=CURSORHIDE TYPE=FACE UNIQUEBODYNAME='inner_top' IDENTIFIER=A.00009
FILTER COMMAND=PICK
PREVIEW OPTION=PICK | PICK OPTION=ADD TYPE=FACE UNIQUEBODYNAME='Unnamed:AAB-025' IDENTIFIER=A.00010

PREVIEW OPTION=UNPICK REDISPLAY=YES
PICK OPTION=TOGGLE TYPE=FACE UNIQUEBODYNAME='Unnamed:AAB-025' IDENTIFIER=A.00009
PREVIEW OPTION=PICK | PICK OPTION=ADD TYPE=FACE UNIQUEBODYNAME='Unnamed:AAB-018' IDENTIFIER=A.00010

PREVIEW OPTION=UNPICK REDISPLAY=YES
SELECT OPTION=UNHIDE
FILTER COMMAND=CURSORHIDE
SELECT OPTION=CURSORHIDE TYPE=FACE UNIQUEBODYNAME='Unnamed:AAB-025' IDENTIFIER=A.00009
SELECT OPTION=CURSORHIDE TYPE=FACE UNIQUEBODYNAME='Unnamed:AAB-025' IDENTIFIER=A.00009

PREVIEW OPTION=UNPICK REDISPLAY=YES
SELECT OPTION=CURSORHIDE TYPE=FACE UNIQUEBODYNAME='Unnamed:AAB-025' IDENTIFIER=A.00009
SELECT OPTION=CURSORHIDE TYPE=FACE UNIQUEBODYNAME='Unnamed:AAB-025' IDENTIFIER=A.00009

PREVIEW OPTION=UNPICK REDISPLAY=YES

PREVIEW OPTION=UNPICK REDISPLAY=YES
SELECT OPTION=CURSORHIDE TYPE=FACE UNIQUEBODYNAME='Unnamed:AAB-025' IDENTIFIER=A.00009
SELECT OPTION=UNHIDE
SELECT OPTION=CURSORHIDE TYPE=FACE UNIQUEBODYNAME='Unnamed:AAB-025' IDENTIFIER=A.00009
FILTER COMMAND=CURSORHIDE
FILTER TYPE=FACE
FILTER TYPE=FACE
SELECT OPTION=CURSORHIDE TYPE=FACE UNIQUEBODYNAME='Unnamed:AAB-025' IDENTIFIER=A.00009

PREVIEW OPTION=UNPICK REDISPLAY=YES
PREVIEW OPTION=PICK | PICK OPTION=ADD TYPE=FACE UNIQUEBODYNAME='outer_front' IDENTIFIER=A.00007

PREVIEW OPTION=UNPICK REDISPLAY=YES
PREVIEW OPTION=PICK | PICK OPTION=ADD TYPE=FACE UNIQUEBODYNAME='Unnamed:AAB-025' IDENTIFIER=A.00009

PREVIEW OPTION=UNPICK REDISPLAY=YES
SELECT OPTION=CURSORHIDE TYPE=FACE UNIQUEBODYNAME='Unnamed:AAB-025' IDENTIFIER=A.00009
SELECT OPTION=CURSORHIDE TYPE=FACE UNIQUEBODYNAME='Unnamed:AAB-025' IDENTIFIER=A.00009
SELECT OPTION=CURSORHIDE TYPE=FACE UNIQUEBODYNAME='Unnamed:AAB-025' IDENTIFIER=A.00009
$ COMI 'C:\Users\mzhao\OPERA_miniMSR\test.comi'
WINDOW SOLID=NO
WINDOW SOLID=YES
FILTER COMMAND=CURSORHIDE
SELECT OPTION=CURSORHIDE TYPE=FACE UNIQUEBODYNAME='outer_top' IDENTIFIER=A.00009
SELECT OPTION=CURSORHIDE TYPE=FACE UNIQUEBODYNAME='outer_top' IDENTIFIER=A.00010
SELECT OPTION=CURSORHIDE TYPE=FACE UNIQUEBODYNAME='inner_top' IDENTIFIER=A.00009
SELECT OPTION=CURSORHIDE TYPE=FACE UNIQUEBODYNAME='inner_top' IDENTIFIER=A.00010
SELECT OPTION=CURSORHIDE TYPE=FACE UNIQUEBODYNAME='inner_bottom' IDENTIFIER=A.00010
SELECT OPTION=CURSORHIDE TYPE=FACE UNIQUEBODYNAME='inner_bottom' IDENTIFIER=A.00009
FILTER COMMAND=PICK
PREVIEW OPTION=PICK | PICK OPTION=ADD TYPE=FACE UNIQUEBODYNAME='Unnamed:AAB-005' IDENTIFIER=A.00010

PREVIEW OPTION=UNPICK REDISPLAY=YES
PREVIEW OPTION=PICK | PICK OPTION=ADD TYPE=FACE UNIQUEBODYNAME='Unnamed:AAB-021' IDENTIFIER=A.00009

PREVIEW OPTION=UNPICK REDISPLAY=YES
PREVIEW OPTION=PICK | PICK OPTION=ADD TYPE=FACE UNIQUEBODYNAME='Unnamed:AAB-021' IDENTIFIER=A.00018

PREVIEW OPTION=UNPICK REDISPLAY=YES
PREVIEW OPTION=PICK | PICK OPTION=ADD TYPE=FACE UNIQUEBODYNAME='Unnamed:AAB-021' IDENTIFIER=A.00013

PREVIEW OPTION=UNPICK REDISPLAY=YES
PREVIEW OPTION=PICK | PICK OPTION=ADD TYPE=FACE UNIQUEBODYNAME='Unnamed:AAB-024' IDENTIFIER=A.00006

PREVIEW OPTION=UNPICK REDISPLAY=YES
FILTER COMMAND=CURSORHIDE
SELECT OPTION=CURSORHIDE TYPE=FACE UNIQUEBODYNAME='outer_front' IDENTIFIER=A.00007
SELECT OPTION=CURSORHIDE TYPE=FACE UNIQUEBODYNAME='outer_front' IDENTIFIER=A.00006
FILTER COMMAND=PICK
PREVIEW OPTION=PICK | PICK OPTION=ADD TYPE=FACE UNIQUEBODYNAME='Unnamed:AAB-003' IDENTIFIER=A.00019

PREVIEW OPTION=UNPICK REDISPLAY=YES
$ COMI 'C:\Users\mzhao\OPERA_miniMSR\test.comi'
$ COMI 'C:\Users\mzhao\OPERA_miniMSR\test.comi'
PREVIEW OPTION=PICK | PICK OPTION=ADD PROPERTY=UniqueName LABEL='outer_brkt_back_right'
PREVIEW OPTION=PICK | PICK OPTION=ADD PROPERTY=UniqueName LABEL='outer_brkt_back_bottom'

PREVIEW OPTION=UNPICK REDISPLAY=YES
PREVIEW OPTION=PICK | PICK OPTION=ADD PROPERTY=UniqueName LABEL='outer_brkt_back_bottom'

PREVIEW OPTION=UNPICK REDISPLAY=YES
$ COMI 'C:\Users\mzhao\OPERA_miniMSR\test.comi'
PREVIEW OPTION=PICK | PICK OPTION=ADD TYPE=FACE UNIQUEBODYNAME='outer_brkt_front_top' IDENTIFIER=A.00010

PREVIEW OPTION=UNPICK REDISPLAY=YES
PREVIEW OPTION=PICK | PICK OPTION=ADD TYPE=FACE UNIQUEBODYNAME='outer_brkt_front_bottom' IDENTIFIER=A.00010

PREVIEW OPTION=UNPICK REDISPLAY=YES
PREVIEW OPTION=PICK | PICK OPTION=ADD TYPE=FACE UNIQUEBODYNAME='Unnamed:AAB-013' IDENTIFIER=A.00010

PREVIEW OPTION=UNPICK REDISPLAY=YES
PREVIEW OPTION=PICK | PICK OPTION=ADD TYPE=FACE UNIQUEBODYNAME='Unnamed:AAB-017' IDENTIFIER=A.00010

PREVIEW OPTION=UNPICK REDISPLAY=YES
PREVIEW OPTION=PICK | PICK OPTION=ADD TYPE=FACE UNIQUEBODYNAME='Unnamed:AAB-015' IDENTIFIER=A.00010

PREVIEW OPTION=UNPICK REDISPLAY=YES
PREVIEW OPTION=PICK | PICK OPTION=ADD TYPE=FACE UNIQUEBODYNAME='Unnamed:AAB-019' IDENTIFIER=A.00010

PREVIEW OPTION=UNPICK REDISPLAY=YES
PREVIEW OPTION=PICK | PICK OPTION=ADD TYPE=FACE UNIQUEBODYNAME='Unnamed:AAB-022' IDENTIFIER=A.00010

PREVIEW OPTION=UNPICK REDISPLAY=YES
PREVIEW OPTION=PICK | PICK OPTION=ADD TYPE=FACE UNIQUEBODYNAME='Unnamed:AAB-024' IDENTIFIER=A.00010

PREVIEW OPTION=UNPICK REDISPLAY=YES
PREVIEW OPTION=PICK | PICK OPTION=ADD TYPE=FACE UNIQUEBODYNAME='Unnamed:AAB-020' IDENTIFIER=A.00010

PREVIEW OPTION=UNPICK REDISPLAY=YES
PREVIEW OPTION=PICK | PICK OPTION=ADD TYPE=FACE UNIQUEBODYNAME='Unnamed:AAB-023' IDENTIFIER=A.00010

PREVIEW OPTION=UNPICK REDISPLAY=YES
PREVIEW OPTION=PICK | PICK OPTION=ADD TYPE=FACE UNIQUEBODYNAME='Unnamed:AAB-012' IDENTIFIER=A.00010

PREVIEW OPTION=UNPICK REDISPLAY=YES
PREVIEW OPTION=PICK | PICK OPTION=ADD TYPE=FACE UNIQUEBODYNAME='Unnamed:AAB-016' IDENTIFIER=A.00010

PREVIEW OPTION=UNPICK REDISPLAY=YES
$ COMI 'C:\Users\mzhao\OPERA_miniMSR\test.comi'
$ COMI 'C:\Users\mzhao\OPERA_miniMSR\test.comi'
$ COMI 'C:\Users\mzhao\OPERA_miniMSR\test.comi'
MULTIPHYSICS OPTION=RESET
ANALYSISDATA OPTION=SET PROGRAM=TOSCAMAGN HX=0 HY=50 HZ=0 LINEAR=NO NITERATIONS=21 NLITERTYPE=NEWTON POTENTIALCUT=YES RHS=ADAPTIVE SCALEDRIVE=ALL TOLERANCE=0.001 USEDEFORMEDMESH=NO USEDIRECTSOLVER=NO
PICTURE NO
PICTURE NO
BACKGROUND OPTION=LOAD
PREVIEW OPTION=PICK | PICK OPTION=ADD PROPERTY=UniqueName LABEL='reduced_air_block'

PREVIEW OPTION=UNPICK REDISPLAY=YES
FILTER COMMAND=CURSORHIDE
PREVIEW OPTION=PICK | PICK OPTION=ADD PROPERTY=UniqueName LABEL='reduced_air_block'

PREVIEW OPTION=UNPICK REDISPLAY=YES
SELECT OPTION=CURSORHIDE PROPERTY=UniqueName LABEL='reduced_air_block'
SELECT OPTION=CURSORHIDE PROPERTY=UniqueName LABEL='total_air_block'
$ COMI 'C:\Users\mzhao\OPERA_miniMSR\test.comi'
THREED XORIGIN=0 YORIGIN=0 ZORIGIN=0 ROTX=0 ROTY=45 ROTZ=0 XASPECT=1 YASPECT=1 ZASPECT=1 SIZE=5 FACETANGLE=5 PERSPECTIVE=YES LINECOLOUR=YES OPTION=SETVIEW
THREED XORIGIN=0 YORIGIN=0 ZORIGIN=0 ROTX=45 ROTY=45 ROTZ=45 XASPECT=1 YASPECT=1 ZASPECT=1 SIZE=5 FACETANGLE=5 PERSPECTIVE=YES LINECOLOUR=YES OPTION=SETVIEW
THREED XORIGIN=0 YORIGIN=0 ZORIGIN=0 ROTX=45 ROTY=45 ROTZ=0 XASPECT=1 YASPECT=1 ZASPECT=1 SIZE=5 FACETANGLE=5 PERSPECTIVE=YES LINECOLOUR=YES OPTION=SETVIEW
THREED XORIGIN=0 YORIGIN=0 ZORIGIN=0 ROTX=20 ROTY=45 ROTZ=0 XASPECT=1 YASPECT=1 ZASPECT=1 SIZE=5 FACETANGLE=5 PERSPECTIVE=YES LINECOLOUR=YES OPTION=SETVIEW
BACKGROUND OPTION=LOAD
BACKGROUND OPTION=SET SHAPE=BLOCK SCALEX=1 SCALEY=1 SCALEZ=1   XYSYMMETRYPLANE=YES YZSYMMETRYPLANE=YES ROTZNUM=1 ZXSYMMETRYPLANE=YES EMRXY=TANGMAGN EMRYZ=TANGMAGN EMRZX=NORMMAGN
PICTURE NO
PICTURE NO
MODEL CREATE
$ COMI 'C:\Users\mzhao\OPERA_miniMSR\test.comi'
MODEL CREATE
PICTURE NO
MESH GENERATOR=AUTOMATIC SIZE=0.01 NORMALTOL=30.0 SURFACETOL=0.0 TOLERANCE=1.0E-06 TYPE=PREFERMOSAIC
MODEL DELETE
MODEL CREATE
MESH GENERATOR=AUTOMATIC SIZE=0.3 NORMALTOL=30.0 SURFACETOL=0.0 TOLERANCE=1.0E-06 TYPE=PREFERMOSAIC
MESH GENERATOR=AUTOMATIC SIZE=0.1 NORMALTOL=30.0 SURFACETOL=0.0 TOLERANCE=1.0E-06 TYPE=PREFERMOSAIC
MESH GENERATOR=AUTOMATIC SIZE=0.01 NORMALTOL=30.0 SURFACETOL=0.0 TOLERANCE=1.0E-06 TYPE=PREFERMOSAIC
$ COMI 'C:\Users\mzhao\OPERA_miniMSR\test.comi'
$ COMI 'C:\Users\mzhao\OPERA_miniMSR\test.comi'
MESH GENERATOR=AUTOMATIC SIZE=0.3 NORMALTOL=30.0 SURFACETOL=0.0 TOLERANCE=1.0E-06 TYPE=PREFERTETRA
$ COMI 'C:\Users\mzhao\OPERA_miniMSR\test.comi'
MESH GENERATOR=AUTOMATIC SIZE=0.3 NORMALTOL=30.0 SURFACETOL=0.0 TOLERANCE=1.0E-06 TYPE=PREFERTETRA
MESH GENERATOR=AUTOMATIC SIZE=0.3 NORMALTOL=30.0 SURFACETOL=0.0 TOLERANCE=1.0E-06 TYPE=PREFERMOSAIC
MESH GENERATOR=AUTOMATIC SIZE=0.3 NORMALTOL=30.0 SURFACETOL=0.0 TOLERANCE=1.0E-06 TYPE=PREFERTETRA
PICTURE NO
FILL TOL=1.0E-06
PICTURE NO
SOLVERS SOLVENOW=NO SAVEMODEL=YES, | SOLVERS OPTION=TEST FILE='mini_MSR' UNITS=METRE ELEMENT=MIXED SURFACE=CURVED | COMMENT CLEAR=YES TYPE=DBTITLE | SOLVERS OPTION=OVERWRITE
PICTURE NO
$OS OPERAANL WRD2=SOLVE WRD4=BACK WRD3='C:\Users\mzhao\OPERA_miniMSR\mini_MSR.op3'
MODEL DELETE
BACKGROUND OPTION=LOAD
PREVIEW OPTION=PICK | PICK OPTION=ADD PROPERTY=UniqueName LABEL='reduced_air_block'

PREVIEW OPTION=UNPICK REDISPLAY=YES
FILTER COMMAND=CURSORHIDE
SELECT OPTION=CURSORHIDE PROPERTY=UniqueName LABEL='reduced_air_block'
SELECT OPTION=CURSORHIDE PROPERTY=UniqueName LABEL='total_air_block'
BOUNDARY UNPICK | BOUNDARY GUIINIT
BOUNDARY UNPICK
BACKGROUND OPTION=LOAD
BACKGROUND OPTION=SET SHAPE=BLOCK SCALEX=1 SCALEY=1 SCALEZ=1   XYSYMMETRYPLANE=NO YZSYMMETRYPLANE=YES ROTZNUM=1 ZXSYMMETRYPLANE=YES EMRYZ=TANGMAGN EMRZX=NORMMAGN
PICTURE NO
$ COMI 'C:\Users\mzhao\OPERA_miniMSR\test.comi'
$ COMI 'C:\Users\mzhao\OPERA_miniMSR\test.comi'
