/ Opera-3d Modeller
/ Opera 2020 SP3 [Build 2]
/ Started: 03/Jun/2024 08:42:25
/ Node: TUCAN-MAGPC. Processor: Intel64. System: Windows 10

$ COMI 'C:\Users\mzhao\OPERA_miniMSR\mesh_test.comi'

PREVIEW OPTION=UNPICK REDISPLAY=YES
$ COMI 'C:\Users\mzhao\OPERA_miniMSR\layer_meshing_version.comi'
$ COMI 'C:\Users\mzhao\OPERA_miniMSR\layer_meshing_version.comi'
MESH GENERATOR=AUTOMATIC SIZE=0.1 NORMALTOL=30.0 SURFACETOL=0.0 TOLERANCE=1.0E-06 TYPE=PREFERTETRA
MESH GENERATOR=AUTOMATIC SIZE=0.05 NORMALTOL=30.0 SURFACETOL=0.0 TOLERANCE=1.0E-06 TYPE=PREFERTETRA
FILL TOL=1.0E-06
MESH GENERATOR=AUTOMATIC SIZE=0.05 NORMALTOL=30.0 SURFACETOL=0.0 TOLERANCE=1.0E-06 TYPE=TETRAHEDRAL
FILL TOL=1.0E-06
MESH GENERATOR=AUTOMATIC SIZE=0.05 NORMALTOL=30.0 SURFACETOL=0.0 TOLERANCE=1.0E-06 TYPE=MOSAIC
FILL TOL=1.0E-06
SOLVERS SOLVENOW=YES SAVEMODEL=YES, | SOLVERS OPTION=TEST FILE='inneronly_layer' UNITS=METRE ELEMENT=MIXED SURFACE=CURVED | COMMENT CLEAR=YES TYPE=DBTITLE | SOLVERS OPTION=OVERWRITE
$ COMI 'C:\Users\mzhao\OPERA_miniMSR\thin_plate_version.comi'
$ COMI 'C:\Users\mzhao\OPERA_miniMSR\thin_plate_version.comi'
MESH GENERATOR=AUTOMATIC SIZE=0.1 NORMALTOL=30.0 SURFACETOL=0.0 TOLERANCE=1.0E-06 TYPE=MOSAIC
$ COMI 'C:\Users\mzhao\OPERA_miniMSR\thin_plate_version.comi'
PREVIEW OPTION=PICK | PICK OPTION=ADD PROPERTY=UniqueName LABEL='ModelBody'

PREVIEW OPTION=UNPICK REDISPLAY=YES
SOLVERS SOLVENOW=NO SAVEMODEL=YES, | SOLVERS OPTION=TEST FILE='inneronly_TP' UNITS=METRE ELEMENT=MIXED SURFACE=CURVED | COMMENT CLEAR=YES TYPE=DBTITLE | SOLVERS OPTION=OVERWRITE
$ COMI 'C:\Users\mzhao\OPERA_miniMSR\thin_plate_version.comi'
SOLVERS SOLVENOW=NO SAVEMODEL=YES, | SOLVERS OPTION=TEST FILE='inneronly_TP' UNITS=METRE ELEMENT=MIXED SURFACE=CURVED | COMMENT CLEAR=YES TYPE=DBTITLE | SOLVERS OPTION=OVERWRITE
$ COMI 'C:\Users\mzhao\OPERA_miniMSR\thin_plate_version.comi'

PREVIEW OPTION=UNPICK REDISPLAY=YES
$ COMI 'C:\Users\mzhao\OPERA_miniMSR\thin_plate_version.comi'
SOLVERS SOLVENOW=NO SAVEMODEL=YES, | SOLVERS OPTION=TEST FILE='inneronly_tp' UNITS=METRE ELEMENT=MIXED SURFACE=CURVED | COMMENT CLEAR=YES TYPE=DBTITLE | SOLVERS OPTION=OVERWRITE
$ COMI 'C:\Users\mzhao\OPERA_miniMSR\thin_plate_version.comi'
SOLVERS SOLVENOW=NO SAVEMODEL=YES, | SOLVERS OPTION=TEST FILE='inneronly_tp' UNITS=METRE ELEMENT=MIXED SURFACE=CURVED | COMMENT CLEAR=YES TYPE=DBTITLE | SOLVERS OPTION=OVERWRITE
SOLVERS SOLVENOW=NO SAVEMODEL=YES, | SOLVERS OPTION=TEST FILE='inneronly_tp' UNITS=METRE ELEMENT=MIXED SURFACE=CURVED | COMMENT CLEAR=YES TYPE=DBTITLE | SOLVERS OPTION=OVERWRITE
$ COMI 'C:\Users\mzhao\OPERA_miniMSR\mesh_test.comi'
$ COMI 'C:\Users\mzhao\OPERA_miniMSR\layer_meshing_version.comi'
MESH GENERATOR=AUTOMATIC SIZE=0.05 NORMALTOL=30.0 SURFACETOL=0.0 TOLERANCE=1.0E-06 TYPE=MOSAIC
FILL TOL=1.0E-06
MESH GENERATOR=AUTOMATIC SIZE=0.05 NORMALTOL=30.0 SURFACETOL=0.0 TOLERANCE=1.0E-03 TYPE=MOSAIC
MESH GENERATOR=AUTOMATIC SIZE=0.05 NORMALTOL=30.0 SURFACETOL=0.0 TOLERANCE=1.0E-07 TYPE=MOSAIC
$ COMI 'C:\Users\mzhao\OPERA_miniMSR\layer_meshing_version.comi'
MESH GENERATOR=AUTOMATIC SIZE=0.05 NORMALTOL=30.0 SURFACETOL=0.0 TOLERANCE=1.0E-06 TYPE=MOSAIC
PREVIEW OPTION=PICK | PICK OPTION=ADD TYPE=FACE UNIQUEBODYNAME='ModelBody' IDENTIFIER=CA.00254

PREVIEW OPTION=UNPICK REDISPLAY=YES

PREVIEW OPTION=UNPICK REDISPLAY=YES
FILL TOL=1.0E-06

PREVIEW OPTION=PICK | PICK OPTION=ADD TYPE=FACE UNIQUEBODYNAME='ModelBody' IDENTIFIER=CA.00352

PREVIEW OPTION=UNPICK REDISPLAY=YES
FILTER TYPE=CELL
FILTER COMMAND=PICK
FILTER TYPE=CELL
FILTER TYPE=CELL
PREVIEW OPTION=PICK | PICK OPTION=ADD TYPE=CELL UNIQUEBODYNAME='ModelBody' IDENTIFIER=BF.00001

PREVIEW OPTION=UNPICK REDISPLAY=YES
PREVIEW OPTION=PICK | PICK OPTION=ADD TYPE=CELL UNIQUEBODYNAME='ModelBody' IDENTIFIER=A.00001

PREVIEW OPTION=UNPICK REDISPLAY=YES
PREVIEW OPTION=PICK | PICK OPTION=ADD TYPE=CELL UNIQUEBODYNAME='ModelBody' IDENTIFIER=B.00001

PREVIEW OPTION=UNPICK REDISPLAY=YES
PREVIEW OPTION=PICK | PICK OPTION=ADD TYPE=CELL UNIQUEBODYNAME='ModelBody' IDENTIFIER=BB.00001

PREVIEW OPTION=UNPICK REDISPLAY=YES
PREVIEW OPTION=PICK | PICK OPTION=ADD TYPE=CELL UNIQUEBODYNAME='ModelBody' IDENTIFIER=BB.00001

PREVIEW OPTION=UNPICK REDISPLAY=YES
PREVIEW OPTION=PICK | PICK OPTION=ADD TYPE=CELL UNIQUEBODYNAME='ModelBody' IDENTIFIER=X.00001

PREVIEW OPTION=UNPICK REDISPLAY=YES
FILTER TYPE=BODY
PREVIEW OPTION=PICK | PICK OPTION=ADD PROPERTY=UniqueName LABEL='ModelBody'

PREVIEW OPTION=ACCEPT REDISPLAY=NO |  CHECK LEVEL=HIGH
WINDOW SOLID=NO
WINDOW OUTLINE=NO
WINDOW MESH=NO
WINDOW SOLID=YES
FILTER TYPE=FACE
PREVIEW OPTION=PICK | PICK OPTION=ADD TYPE=FACE UNIQUEBODYNAME='ModelBody' IDENTIFIER=BT.00010

PREVIEW OPTION=UNPICK REDISPLAY=YES
FILTER TYPE=BODY
PREVIEW OPTION=PICK | PICK OPTION=ADD PROPERTY=UniqueName LABEL='ModelBody'

PREVIEW OPTION=UNPICK REDISPLAY=YES
$ COMI 'C:\Users\mzhao\OPERA_miniMSR\layer_meshing_version.comi'
$ COMI 'C:\Users\mzhao\OPERA_miniMSR\layer_meshing_version.comi'
MESH GENERATOR=AUTOMATIC SIZE=0.05 NORMALTOL=30.0 SURFACETOL=0.0 TOLERANCE=1.0E-06 TYPE=MOSAIC
WINDOW MESH=NO
WINDOW MESH=YES
FILL TOL=1.0E-06
MODEL DELETE
MODEL CREATE
MESH GENERATOR=AUTOMATIC SIZE=0.05 NORMALTOL=30.0 SURFACETOL=0.0 TOLERANCE=1.0E-06 TYPE=MOSAIC

PREVIEW OPTION=UNPICK REDISPLAY=YES
PREVIEW OPTION=PICK | PICK OPTION=ADD TYPE=FACE UNIQUEBODYNAME='ModelBody' IDENTIFIER=CA.00085

PREVIEW OPTION=UNPICK REDISPLAY=YES
PREVIEW OPTION=PICK | PICK OPTION=ADD TYPE=FACE UNIQUEBODYNAME='ModelBody' IDENTIFIER=CA.00045
PREVIEW OPTION=PICK | PICK OPTION=ADD TYPE=FACE UNIQUEBODYNAME='ModelBody' IDENTIFIER=BT.00010

PREVIEW OPTION=UNPICK REDISPLAY=YES
FILTER TYPE=CELL
PREVIEW OPTION=PICK | PICK OPTION=ADD TYPE=CELL UNIQUEBODYNAME='ModelBody' IDENTIFIER=BT.00001

PREVIEW OPTION=UNPICK REDISPLAY=YES
PREVIEW OPTION=PICK | PICK OPTION=ADD TYPE=CELL UNIQUEBODYNAME='ModelBody' IDENTIFIER=A.00001

PREVIEW OPTION=UNPICK REDISPLAY=YES
FILL TOL=1.0E-06
PREVIEW OPTION=PICK | PICK OPTION=ADD TYPE=CELL UNIQUEBODYNAME='ModelBody' IDENTIFIER=BT.00001

PREVIEW OPTION=UNPICK REDISPLAY=YES
FILTER TYPE=BODY
FILTER TYPE=CELL
PREVIEW OPTION=PICK | PICK OPTION=ADD TYPE=CELL UNIQUEBODYNAME='ModelBody' IDENTIFIER=BT.00001

LIST | PREVIEW OPTION=UNPICK REDISPLAY=YES
PREVIEW OPTION=PICK | PICK OPTION=ADD TYPE=CELL UNIQUEBODYNAME='ModelBody' IDENTIFIER=BF.00001

LIST | PREVIEW OPTION=UNPICK REDISPLAY=YES
PREVIEW OPTION=PICK | PICK OPTION=ADD TYPE=CELL UNIQUEBODYNAME='ModelBody' IDENTIFIER=BT.00001

LIST | PREVIEW OPTION=UNPICK REDISPLAY=YES
PREVIEW OPTION=PICK | PICK OPTION=ADD TYPE=CELL UNIQUEBODYNAME='ModelBody' IDENTIFIER=BF.00001
PREVIEW OPTION=PICK | PICK OPTION=ADD TYPE=CELL UNIQUEBODYNAME='ModelBody' IDENTIFIER=BT.00001

SELECT OPTION=GUIUPDATE
FILTER TYPE=FACE
PREVIEW OPTION=PICK | PICK OPTION=ADD TYPE=FACE UNIQUEBODYNAME='ModelBody' IDENTIFIER=BT.00010

LIST | PREVIEW OPTION=UNPICK REDISPLAY=YES
PREVIEW OPTION=PICK | PICK OPTION=ADD TYPE=FACE UNIQUEBODYNAME='ModelBody' IDENTIFIER=CA.00352

PREVIEW OPTION=UNPICK REDISPLAY=YES
PREVIEW OPTION=PICK | PICK OPTION=ADD TYPE=FACE UNIQUEBODYNAME='ModelBody' IDENTIFIER=BT.00010

PREVIEW OPTION=UNPICK REDISPLAY=YES
PREVIEW OPTION=PICK | PICK OPTION=ADD TYPE=FACE UNIQUEBODYNAME='ModelBody' IDENTIFIER=CA.00623

LIST | PREVIEW OPTION=UNPICK REDISPLAY=YES
PREVIEW OPTION=PICK | PICK OPTION=ADD TYPE=FACE UNIQUEBODYNAME='ModelBody' IDENTIFIER=CA.00616

LIST | PREVIEW OPTION=UNPICK REDISPLAY=YES
FILTER TYPE=CELL
PREVIEW OPTION=PICK | PICK OPTION=ADD TYPE=CELL UNIQUEBODYNAME='ModelBody' IDENTIFIER=BT.00001

LIST | PREVIEW OPTION=UNPICK REDISPLAY=YES
PREVIEW OPTION=PICK | PICK OPTION=ADD TYPE=CELL UNIQUEBODYNAME='ModelBody' IDENTIFIER=BT.00001

PREVIEW OPTION=UNPICK REDISPLAY=YES
PREVIEW OPTION=PICK | PICK OPTION=ADD TYPE=CELL UNIQUEBODYNAME='ModelBody' IDENTIFIER=BT.00001

PREVIEW OPTION=ACCEPT REDISPLAY=NO |  CELLDATA OPTION=MODIFY MATERIALLABEL='outer_mumetal_door' POTENTIAL=Default ELEMENTTYPE=Quadratic LEVEL=500 SIZE=0.05 NORMALTOL=10 ELEMSHAPEPREF=NONE
MESH GENERATOR=AUTOMATIC SIZE=0.05 NORMALTOL=30.0 SURFACETOL=0.0 TOLERANCE=1.0E-06 TYPE=MOSAIC
FILL TOL=1.0E-06
PREVIEW OPTION=PICK | PICK OPTION=ADD TYPE=CELL UNIQUEBODYNAME='ModelBody' IDENTIFIER=BT.00001

LIST | PREVIEW OPTION=UNPICK REDISPLAY=YES
PREVIEW OPTION=PICK | PICK OPTION=ADD TYPE=CELL UNIQUEBODYNAME='ModelBody' IDENTIFIER=BT.00001

PREVIEW OPTION=ACCEPT REDISPLAY=NO |  CELLDATA OPTION=MODIFY MATERIALLABEL='outer_mumetal_door' POTENTIAL=Default ELEMENTTYPE=Quadratic LEVEL=500 SIZE=0.05 NORMALTOL=50 ELEMSHAPEPREF=NONE
MESH GENERATOR=AUTOMATIC SIZE=0.05 NORMALTOL=30.0 SURFACETOL=0.0 TOLERANCE=1.0E-06 TYPE=MOSAIC
FILL TOL=1.0E-06
PREVIEW OPTION=PICK | PICK OPTION=ADD TYPE=CELL UNIQUEBODYNAME='ModelBody' IDENTIFIER=A.00001

PREVIEW OPTION=UNPICK REDISPLAY=YES
FILTER TYPE=FACE
PREVIEW OPTION=PICK | PICK OPTION=ADD TYPE=FACE UNIQUEBODYNAME='ModelBody' IDENTIFIER=CA.00045

PREVIEW OPTION=UNPICK REDISPLAY=YES
FILTER COMMAND=CURSORHIDE
SELECT OPTION=CURSORHIDE TYPE=FACE UNIQUEBODYNAME='ModelBody' IDENTIFIER=CA.00045
SELECT OPTION=CURSORHIDE TYPE=FACE UNIQUEBODYNAME='ModelBody' IDENTIFIER=CA.00065
SELECT OPTION=CURSORHIDE TYPE=FACE UNIQUEBODYNAME='ModelBody' IDENTIFIER=CA.00060
SELECT OPTION=CURSORHIDE TYPE=FACE UNIQUEBODYNAME='ModelBody' IDENTIFIER=CA.00055
SELECT OPTION=CURSORHIDE TYPE=FACE UNIQUEBODYNAME='ModelBody' IDENTIFIER=CA.00050
SELECT OPTION=CURSORHIDE TYPE=FACE UNIQUEBODYNAME='ModelBody' IDENTIFIER=A.00010
SELECT OPTION=CURSORHIDE TYPE=FACE UNIQUEBODYNAME='ModelBody' IDENTIFIER=CA.00352
SELECT OPTION=CURSORHIDE TYPE=FACE UNIQUEBODYNAME='ModelBody' IDENTIFIER=CA.00360
SELECT OPTION=CURSORHIDE TYPE=FACE UNIQUEBODYNAME='ModelBody' IDENTIFIER=CA.00359
SELECT OPTION=CURSORHIDE TYPE=FACE UNIQUEBODYNAME='ModelBody' IDENTIFIER=CA.00358
SELECT OPTION=CURSORHIDE TYPE=FACE UNIQUEBODYNAME='ModelBody' IDENTIFIER=CA.00390
SELECT OPTION=CURSORHIDE TYPE=FACE UNIQUEBODYNAME='ModelBody' IDENTIFIER=CA.00357
SELECT OPTION=CURSORHIDE TYPE=FACE UNIQUEBODYNAME='ModelBody' IDENTIFIER=BF.00010

PREVIEW OPTION=UNPICK REDISPLAY=YES
PREVIEW OPTION=PICK | PICK OPTION=ADD TYPE=FACE UNIQUEBODYNAME='ModelBody' IDENTIFIER=BT.00010

PREVIEW OPTION=UNPICK REDISPLAY=YES
WINDOW MESH=NO
SELECT OPTION=CURSORHIDE TYPE=FACE UNIQUEBODYNAME='ModelBody' IDENTIFIER=CA.00085
SELECT OPTION=CURSORHIDE TYPE=FACE UNIQUEBODYNAME='ModelBody' IDENTIFIER=CA.00068
SELECT OPTION=CURSORHIDE TYPE=FACE UNIQUEBODYNAME='ModelBody' IDENTIFIER=CA.00374
SELECT OPTION=CURSORHIDE TYPE=FACE UNIQUEBODYNAME='ModelBody' IDENTIFIER=CA.00370
SELECT OPTION=CURSORHIDE TYPE=FACE UNIQUEBODYNAME='ModelBody' IDENTIFIER=CA.00366
SELECT OPTION=CURSORHIDE TYPE=FACE UNIQUEBODYNAME='ModelBody' IDENTIFIER=CA.00362
SELECT OPTION=CURSORHIDE TYPE=FACE UNIQUEBODYNAME='ModelBody' IDENTIFIER=CA.00063
SELECT OPTION=CURSORHIDE TYPE=FACE UNIQUEBODYNAME='ModelBody' IDENTIFIER=CA.00058
SELECT OPTION=CURSORHIDE TYPE=FACE UNIQUEBODYNAME='ModelBody' IDENTIFIER=CA.00053
SELECT OPTION=CURSORHIDE TYPE=FACE UNIQUEBODYNAME='ModelBody' IDENTIFIER=CA.00382
SELECT OPTION=CURSORHIDE TYPE=FACE UNIQUEBODYNAME='ModelBody' IDENTIFIER=CA.00353
SELECT OPTION=CURSORHIDE TYPE=FACE UNIQUEBODYNAME='ModelBody' IDENTIFIER=CA.00381
SELECT OPTION=CURSORHIDE TYPE=FACE UNIQUEBODYNAME='ModelBody' IDENTIFIER=CA.00385
SELECT OPTION=CURSORHIDE TYPE=FACE UNIQUEBODYNAME='ModelBody' IDENTIFIER=CA.00349
SELECT OPTION=CURSORHIDE TYPE=FACE UNIQUEBODYNAME='ModelBody' IDENTIFIER=CA.00049
SELECT OPTION=CURSORHIDE TYPE=FACE UNIQUEBODYNAME='ModelBody' IDENTIFIER=CA.00076
SELECT OPTION=CURSORHIDE TYPE=FACE UNIQUEBODYNAME='ModelBody' IDENTIFIER=BT.00010
SELECT OPTION=CURSORHIDE TYPE=FACE UNIQUEBODYNAME='ModelBody' IDENTIFIER=CA.00070
SELECT OPTION=CURSORHIDE TYPE=FACE UNIQUEBODYNAME='ModelBody' IDENTIFIER=CA.00089
SELECT OPTION=CURSORHIDE TYPE=FACE UNIQUEBODYNAME='ModelBody' IDENTIFIER=CA.00042
WINDOW MESH=YES
PREVIEW OPTION=PICK | PICK OPTION=ADD TYPE=FACE UNIQUEBODYNAME='ModelBody' IDENTIFIER=CA.00356

PREVIEW OPTION=UNPICK REDISPLAY=YES
SELECT OPTION=CURSORHIDE TYPE=FACE UNIQUEBODYNAME='ModelBody' IDENTIFIER=CA.00395
SELECT OPTION=CURSORHIDE TYPE=FACE UNIQUEBODYNAME='ModelBody' IDENTIFIER=CA.00383
SELECT OPTION=CURSORHIDE TYPE=FACE UNIQUEBODYNAME='ModelBody' IDENTIFIER=CA.00377
SELECT OPTION=CURSORHIDE TYPE=FACE UNIQUEBODYNAME='ModelBody' IDENTIFIER=CA.00356
SELECT OPTION=CURSORHIDE TYPE=FACE UNIQUEBODYNAME='ModelBody' IDENTIFIER=CA.00348
SELECT OPTION=CURSORHIDE TYPE=FACE UNIQUEBODYNAME='ModelBody' IDENTIFIER=CA.00244
SELECT OPTION=CURSORHIDE TYPE=FACE UNIQUEBODYNAME='ModelBody' IDENTIFIER=CA.00212
SELECT OPTION=CURSORHIDE TYPE=FACE UNIQUEBODYNAME='ModelBody' IDENTIFIER=CA.00246
SELECT OPTION=CURSORHIDE TYPE=FACE UNIQUEBODYNAME='ModelBody' IDENTIFIER=CA.00235
SELECT OPTION=CURSORHIDE TYPE=FACE UNIQUEBODYNAME='ModelBody' IDENTIFIER=CA.00201
SELECT OPTION=CURSORHIDE TYPE=FACE UNIQUEBODYNAME='ModelBody' IDENTIFIER=CA.00388
SELECT OPTION=CURSORHIDE TYPE=FACE UNIQUEBODYNAME='ModelBody' IDENTIFIER=CA.00373
SELECT OPTION=CURSORHIDE TYPE=FACE UNIQUEBODYNAME='ModelBody' IDENTIFIER=CA.00369
SELECT OPTION=CURSORHIDE TYPE=FACE UNIQUEBODYNAME='ModelBody' IDENTIFIER=CA.00365
SELECT OPTION=CURSORHIDE TYPE=FACE UNIQUEBODYNAME='ModelBody' IDENTIFIER=CA.00361

PREVIEW OPTION=UNPICK REDISPLAY=YES

PREVIEW OPTION=UNPICK REDISPLAY=YES
$ COMI 'C:\Users\mzhao\OPERA_miniMSR\layer_meshing_version.comi'
MESH GENERATOR=AUTOMATIC SIZE=0.05 NORMALTOL=30.0 SURFACETOL=0.0 TOLERANCE=1.0E-06 TYPE=PREFERTETRA
MESH GENERATOR=AUTOMATIC SIZE=0.05 NORMALTOL=30.0 SURFACETOL=0.0 TOLERANCE=1.0E-06 TYPE=MOSAIC
FILL TOL=1.0E-06

PREVIEW OPTION=UNPICK REDISPLAY=YES
PREVIEW OPTION=PICK | PICK OPTION=ADD TYPE=FACE UNIQUEBODYNAME='ModelBody' IDENTIFIER=CA.00121

PREVIEW OPTION=UNPICK REDISPLAY=YES
MESH GENERATOR=AUTOMATIC SIZE=0.1 NORMALTOL=30.0 SURFACETOL=0.0 TOLERANCE=1.0E-06 TYPE=MOSAIC
FILL TOL=1.0E-06
PREVIEW OPTION=PICK | PICK OPTION=ADD TYPE=FACE UNIQUEBODYNAME='ModelBody' IDENTIFIER=CA.00085

PREVIEW OPTION=UNPICK REDISPLAY=YES

PREVIEW OPTION=UNPICK REDISPLAY=YES
FILTER TYPE=CELL
PREVIEW OPTION=PICK | PICK OPTION=ADD TYPE=CELL UNIQUEBODYNAME='ModelBody' IDENTIFIER=A.00001

LIST | PREVIEW OPTION=UNPICK REDISPLAY=YES
FILTER TYPE=CELL
PREVIEW OPTION=PICK | PICK OPTION=ADD TYPE=CELL UNIQUEBODYNAME='ModelBody' IDENTIFIER=A.00001

PREVIEW OPTION=ACCEPT REDISPLAY=NO |  CELLDATA OPTION=MODIFY MATERIALLABEL='outer_mumetal_door' POTENTIAL=Default ELEMENTTYPE=Linear LEVEL=500 SIZE=0.1 NORMALTOL=30 ELEMSHAPEPREF=NONE
$OS OPERAPOST BACK '&VF_LASTANLFILE&'
MESH GENERATOR=AUTOMATIC SIZE=0.1 NORMALTOL=30.0 SURFACETOL=0.0 TOLERANCE=1.0E-06 TYPE=MOSAIC

PREVIEW OPTION=UNPICK REDISPLAY=YES
FILL TOL=1.0E-06
$ COMI 'C:\Users\mzhao\OPERA_miniMSR\layer_meshing_version.comi'
MESH GENERATOR=AUTOMATIC SIZE=0.1 NORMALTOL=30.0 SURFACETOL=0.0 TOLERANCE=1.0E-06 TYPE=PREFERTETRA
MESH GENERATOR=AUTOMATIC SIZE=0.1 NORMALTOL=30.0 SURFACETOL=0.0 TOLERANCE=1.0E-06 TYPE=PREFERMOSAIC
FILL TOL=1.0E-06
PREVIEW OPTION=PICK | PICK OPTION=ADD TYPE=FACE UNIQUEBODYNAME='ModelBody' IDENTIFIER=CA.00442

PREVIEW OPTION=UNPICK REDISPLAY=YES
PREVIEW OPTION=PICK | PICK OPTION=ADD TYPE=FACE UNIQUEBODYNAME='ModelBody' IDENTIFIER=CA.00256

PREVIEW OPTION=UNPICK REDISPLAY=YES

PREVIEW OPTION=UNPICK REDISPLAY=YES
MESH GENERATOR=AUTOMATIC SIZE=0.1 NORMALTOL=30.0 SURFACETOL=0.0 TOLERANCE=1.0E-06 TYPE=PREFERTETRA
FILL TOL=1.0E-06
FILTER TYPE=FACE
FILTER TYPE=CELL
PREVIEW OPTION=PICK | PICK OPTION=ADD TYPE=CELL UNIQUEBODYNAME='ModelBody' IDENTIFIER=BB.00001

LIST | PREVIEW OPTION=UNPICK REDISPLAY=YES
MESH GENERATOR=AUTOMATIC SIZE=0.1 NORMALTOL=30.0 SURFACETOL=0.0 TOLERANCE=1.0E-06 TYPE=MOSAIC
FILTER TYPE=FACE
FILTER COMMAND=CURSORHIDE
FILTER TYPE=BODY
FILTER TYPE=FACE
SELECT OPTION=CURSORHIDE TYPE=FACE UNIQUEBODYNAME='ModelBody' IDENTIFIER=CA.00531
SELECT OPTION=CURSORHIDE TYPE=FACE UNIQUEBODYNAME='ModelBody' IDENTIFIER=CA.00539
SELECT OPTION=CURSORHIDE TYPE=FACE UNIQUEBODYNAME='ModelBody' IDENTIFIER=CA.00538
SELECT OPTION=CURSORHIDE TYPE=FACE UNIQUEBODYNAME='ModelBody' IDENTIFIER=CA.00537
SELECT OPTION=CURSORHIDE TYPE=FACE UNIQUEBODYNAME='ModelBody' IDENTIFIER=CA.00536
SELECT OPTION=CURSORHIDE TYPE=FACE UNIQUEBODYNAME='ModelBody' IDENTIFIER=BH.00010
SELECT OPTION=CURSORHIDE TYPE=FACE UNIQUEBODYNAME='ModelBody' IDENTIFIER=CA.00575
SELECT OPTION=CURSORHIDE TYPE=FACE UNIQUEBODYNAME='ModelBody' IDENTIFIER=CA.00554
SELECT OPTION=CURSORHIDE TYPE=FACE UNIQUEBODYNAME='ModelBody' IDENTIFIER=CA.00550
SELECT OPTION=CURSORHIDE TYPE=FACE UNIQUEBODYNAME='ModelBody' IDENTIFIER=CA.00546
SELECT OPTION=CURSORHIDE TYPE=FACE UNIQUEBODYNAME='ModelBody' IDENTIFIER=CA.00542
SELECT OPTION=CURSORHIDE TYPE=FACE UNIQUEBODYNAME='ModelBody' IDENTIFIER=V.00009
SELECT OPTION=CURSORHIDE TYPE=FACE UNIQUEBODYNAME='ModelBody' IDENTIFIER=CA.01241
SELECT OPTION=CURSORHIDE TYPE=FACE UNIQUEBODYNAME='ModelBody' IDENTIFIER=CA.01271
SELECT OPTION=CURSORHIDE TYPE=FACE UNIQUEBODYNAME='ModelBody' IDENTIFIER=CA.01256
SELECT OPTION=CURSORHIDE TYPE=FACE UNIQUEBODYNAME='ModelBody' IDENTIFIER=CA.01226
SELECT OPTION=CURSORHIDE TYPE=FACE UNIQUEBODYNAME='ModelBody' IDENTIFIER=V.00006
SELECT OPTION=CURSORHIDE TYPE=FACE UNIQUEBODYNAME='ModelBody' IDENTIFIER=CA.00569
SELECT OPTION=CURSORHIDE TYPE=FACE UNIQUEBODYNAME='ModelBody' IDENTIFIER=CA.00500
SELECT OPTION=CURSORHIDE TYPE=FACE UNIQUEBODYNAME='ModelBody' IDENTIFIER=CA.00499
SELECT OPTION=CURSORHIDE TYPE=FACE UNIQUEBODYNAME='ModelBody' IDENTIFIER=CA.00505
SELECT OPTION=CURSORHIDE TYPE=FACE UNIQUEBODYNAME='ModelBody' IDENTIFIER=CA.00506
SELECT OPTION=CURSORHIDE TYPE=FACE UNIQUEBODYNAME='ModelBody' IDENTIFIER=BH.00012
SELECT OPTION=CURSORHIDE TYPE=FACE UNIQUEBODYNAME='ModelBody' IDENTIFIER=CA.00501
SELECT OPTION=CURSORHIDE TYPE=FACE UNIQUEBODYNAME='ModelBody' IDENTIFIER=CA.00497
SELECT OPTION=CURSORHIDE TYPE=FACE UNIQUEBODYNAME='ModelBody' IDENTIFIER=CA.00504
SELECT OPTION=CURSORHIDE TYPE=FACE UNIQUEBODYNAME='ModelBody' IDENTIFIER=CA.00503
SELECT OPTION=CURSORHIDE TYPE=FACE UNIQUEBODYNAME='ModelBody' IDENTIFIER=CA.00502
SELECT OPTION=CURSORHIDE TYPE=FACE UNIQUEBODYNAME='ModelBody' IDENTIFIER=CA.00498
SELECT OPTION=CURSORHIDE TYPE=FACE UNIQUEBODYNAME='ModelBody' IDENTIFIER=V.00010
SELECT OPTION=CURSORHIDE TYPE=FACE UNIQUEBODYNAME='ModelBody' IDENTIFIER=CA.01240
SELECT OPTION=CURSORHIDE TYPE=FACE UNIQUEBODYNAME='ModelBody' IDENTIFIER=CA.01270
SELECT OPTION=CURSORHIDE TYPE=FACE UNIQUEBODYNAME='ModelBody' IDENTIFIER=CA.01255
SELECT OPTION=CURSORHIDE TYPE=FACE UNIQUEBODYNAME='ModelBody' IDENTIFIER=CA.01225
SELECT OPTION=CURSORHIDE TYPE=FACE UNIQUEBODYNAME='ModelBody' IDENTIFIER=V.00013
SELECT OPTION=CURSORHIDE TYPE=FACE UNIQUEBODYNAME='ModelBody' IDENTIFIER=V.00018
SELECT OPTION=CURSORHIDE TYPE=FACE UNIQUEBODYNAME='ModelBody' IDENTIFIER=CA.01224
SELECT OPTION=CURSORHIDE TYPE=FACE UNIQUEBODYNAME='ModelBody' IDENTIFIER=CA.01254
SELECT OPTION=CURSORHIDE TYPE=FACE UNIQUEBODYNAME='ModelBody' IDENTIFIER=CA.01269
SELECT OPTION=CURSORHIDE TYPE=FACE UNIQUEBODYNAME='ModelBody' IDENTIFIER=CA.01239
SELECT OPTION=CURSORHIDE TYPE=FACE UNIQUEBODYNAME='ModelBody' IDENTIFIER=V.00019
SELECT OPTION=CURSORHIDE TYPE=FACE UNIQUEBODYNAME='ModelBody' IDENTIFIER=CA.00270
SELECT OPTION=CURSORHIDE TYPE=FACE UNIQUEBODYNAME='ModelBody' IDENTIFIER=CA.00274
SELECT OPTION=CURSORHIDE TYPE=FACE UNIQUEBODYNAME='ModelBody' IDENTIFIER=CA.00278
SELECT OPTION=CURSORHIDE TYPE=FACE UNIQUEBODYNAME='ModelBody' IDENTIFIER=CA.00282
SELECT OPTION=CURSORHIDE TYPE=FACE UNIQUEBODYNAME='ModelBody' IDENTIFIER=CA.00304

PREVIEW OPTION=UNPICK REDISPLAY=YES

PREVIEW OPTION=UNPICK REDISPLAY=YES

PREVIEW OPTION=UNPICK REDISPLAY=YES
$ COMI 'C:\Users\mzhao\OPERA_miniMSR\layer_meshing_version.comi'
MESH GENERATOR=AUTOMATIC SIZE=0.1 NORMALTOL=30.0 SURFACETOL=0.1 TOLERANCE=1.0E-06 TYPE=PREFERMOSAIC
SELECT OPTION=GUIUPDATE
SELECT OPTION=TOGGLEDISPLAY, | SELECT PROPERTY=Errors/Warnings LABEL='Surface mesh warning', +WAIT | SELECT -WAIT
SELECT OPTION=HIDE, | SELECT PROPERTY=Errors/Warnings LABEL='Surface mesh warning', +WAIT | SELECT -WAIT
SELECT OPTION=TOGGLEDISPLAY, | SELECT PROPERTY=Errors/Warnings LABEL='Surface mesh warning', +WAIT | SELECT -WAIT
SELECT OPTION=TOGGLEDISPLAY, | SELECT PROPERTY=Errors/Warnings LABEL='Surface mesh warning', +WAIT | SELECT -WAIT
SELECT OPTION=TOGGLEDISPLAY, | SELECT PROPERTY=Errors/Warnings LABEL='Surface mesh warning', +WAIT | SELECT -WAIT
SELECT OPTION=TOGGLEDISPLAY, | SELECT PROPERTY=Errors/Warnings LABEL='Surface mesh warning', +WAIT | SELECT -WAIT
SELECT OPTION=TOGGLEDISPLAY, | SELECT PROPERTY=Errors/Warnings LABEL='Surface mesh warning', +WAIT | SELECT -WAIT
SELECT OPTION=TOGGLEDISPLAY, | SELECT PROPERTY=Errors/Warnings LABEL='Surface mesh warning', +WAIT | SELECT -WAIT
SELECT OPTION=HIDE, | SELECT PROPERTY=Errors/Warnings LABEL= , +WAIT | SELECT -WAIT
SELECT OPTION=HIDE, | SELECT PROPERTY=Errors/Warnings LABEL= , +WAIT | SELECT -WAIT
SELECT OPTION=ADD, | SELECT PROPERTY=Errors/Warnings LABEL= , +WAIT | SELECT -WAIT
SELECT SELECTLEVEL=2
SELECT SELECTLEVEL=1
SELECT OPTION=TOGGLEDISPLAY, | SELECT PROPERTY=MaterialLabel LABEL=outer_mumetal_floor, +WAIT | SELECT -WAIT
SELECT OPTION=TOGGLEDISPLAY, | SELECT PROPERTY=MaterialLabel LABEL=outer_mumetal_floor, +WAIT | SELECT -WAIT
SELECT OPTION=TOGGLEDISPLAY, | SELECT PROPERTY=MaterialLabel LABEL=outer_mumetal_floor, +WAIT | SELECT -WAIT
SELECT OPTION=TOGGLEDISPLAY, | SELECT PROPERTY=MaterialLabel LABEL=outer_mumetal_floor, +WAIT | SELECT -WAIT
SELECT OPTION=TOGGLEDISPLAY, | SELECT PROPERTY=Level LABEL= , +WAIT | SELECT -WAIT
SELECT OPTION=TOGGLEDISPLAY, | SELECT PROPERTY=Level LABEL= , +WAIT | SELECT -WAIT
SELECT OPTION=TOGGLEDISPLAY, | SELECT PROPERTY=Level LABEL=500, +WAIT | SELECT -WAIT
SELECT OPTION=TOGGLEDISPLAY, | SELECT PROPERTY=Level LABEL=500, +WAIT | SELECT -WAIT
$ COMI 'C:\Users\mzhao\OPERA_miniMSR\mesh_test.comi'
$ COMI 'C:\Users\mzhao\OPERA_miniMSR\mesh_test.comi'
$ COMI 'C:\Users\mzhao\OPERA_miniMSR\mesh_test.comi'
$ COMI 'C:\Users\mzhao\OPERA_miniMSR\mesh_test.comi'
FILTER TYPE=FACE
PREVIEW OPTION=PICK | PICK OPTION=ADD TYPE=FACE UNIQUEBODYNAME='Unnamed:AAA-001' IDENTIFIER=A.00009

PREVIEW OPTION=ACCEPT REDISPLAY=NO |  FACEDATA OPTION=MODIFY ELEMENTTYPE=Linear FORMETHOD=NONE BACKMETHOD=GEOMETRY BACKLAYERS=5 BACKOFFSET=0.0003
MODEL CREATE
MESH GENERATOR=AUTOMATIC SIZE=0.1 NORMALTOL=30.0 SURFACETOL=0.0 TOLERANCE=1.0E-06 TYPE=PREFERTETRA
MESH GENERATOR=AUTOMATIC SIZE=0.1 NORMALTOL=30.0 SURFACETOL=0.0 TOLERANCE=1.0E-06 TYPE=PREFERMOSAIC
FILL TOL=1.0E-06
SELECT OPTION=GUIUPDATE
SELECT OPTION=TOGGLEDISPLAY, | SELECT PROPERTY=Errors/Warnings LABEL='Surface mesh warning', +WAIT | SELECT -WAIT
SELECT OPTION=TOGGLEDISPLAY, | SELECT PROPERTY=Errors/Warnings LABEL='Surface mesh warning', +WAIT | SELECT -WAIT
SELECT OPTION=TOGGLEDISPLAY, | SELECT PROPERTY=Errors/Warnings LABEL='Surface mesh warning', +WAIT | SELECT -WAIT
SELECT OPTION=TOGGLEDISPLAY, | SELECT PROPERTY=Errors/Warnings LABEL='Surface mesh warning', +WAIT | SELECT -WAIT
MODEL DELETE
PREVIEW OPTION=PICK | PICK OPTION=ADD TYPE=FACE UNIQUEBODYNAME='Unnamed:AAA-001' IDENTIFIER=A.00009

PREVIEW OPTION=ACCEPT REDISPLAY=NO |  FACEDATA OPTION=MODIFY ELEMENTTYPE=Linear FORMETHOD=NONE BACKMETHOD=MESH BACKLAYERS=5 BACKOFFSET=0.0003
MODEL CREATE
MESH GENERATOR=AUTOMATIC SIZE=0.1 NORMALTOL=30.0 SURFACETOL=0.0 TOLERANCE=1.0E-06 TYPE=PREFERMOSAIC
FILL TOL=1.0E-06
PREVIEW OPTION=PICK | PICK OPTION=ADD TYPE=FACE UNIQUEBODYNAME='ModelBody' IDENTIFIER=A.00009

PREVIEW OPTION=ACCEPT REDISPLAY=NO |  FACEDATA OPTION=MODIFY ELEMENTTYPE=Linear FORMETHOD=MESH FORLAYERS=5 FOROFFSET=0.0003 BACKMETHOD=MESH BACKLAYERS=5 BACKOFFSET=0.0003
MESH GENERATOR=AUTOMATIC SIZE=0.1 NORMALTOL=30.0 SURFACETOL=0.0 TOLERANCE=1.0E-06 TYPE=PREFERMOSAIC
FILL TOL=1.0E-06
PREVIEW OPTION=PICK | PICK OPTION=ADD TYPE=FACE UNIQUEBODYNAME='ModelBody' IDENTIFIER=A.00009

PREVIEW OPTION=ACCEPT REDISPLAY=NO |  FACEDATA OPTION=MODIFY ELEMENTTYPE=Linear FORMETHOD=NONE BACKMETHOD=MESH BACKLAYERS=5 BACKOFFSET=0.0003
$ COMI 'C:\Users\mzhao\OPERA_miniMSR\layer_meshing_version.comi'
MESH GENERATOR=AUTOMATIC SIZE=0.1 NORMALTOL=30.0 SURFACETOL=0.0 TOLERANCE=1.0E-06 TYPE=PREFERMOSAIC
FILL TOL=1.0E-06
SOLVERS SOLVENOW=NO SAVEMODEL=YES, | SOLVERS OPTION=TEST FILE='outeronly_layer' UNITS=METRE ELEMENT=MIXED SURFACE=CURVED | COMMENT CLEAR=YES TYPE=DBTITLE | SOLVERS OPTION=OVERWRITE
$ COMI 'C:\Users\mzhao\OPERA_miniMSR\layer_meshing_version.comi'
SOLVERS SOLVENOW=NO SAVEMODEL=YES, | SOLVERS OPTION=TEST FILE='outeronly_layer' UNITS=METRE ELEMENT=MIXED SURFACE=CURVED | COMMENT CLEAR=YES TYPE=DBTITLE | SOLVERS OPTION=OVERWRITE
$ COMI 'C:\Users\mzhao\OPERA_miniMSR\layer_meshing_version.comi'
$ COMI 'C:\Users\mzhao\OPERA_miniMSR\layer_meshing_version.comi'
SOLVERS SOLVENOW=NO SAVEMODEL=YES, | SOLVERS OPTION=TEST FILE='miniMSR_layer' UNITS=METRE ELEMENT=MIXED SURFACE=CURVED | COMMENT CLEAR=YES TYPE=DBTITLE | SOLVERS OPTION=OVERWRITE

PREVIEW OPTION=UNPICK REDISPLAY=YES
MODEL DELETE
MODEL CREATE
MESH GENERATOR=AUTOMATIC SIZE=0.1 NORMALTOL=30.0 SURFACETOL=0.0 TOLERANCE=1.0E-06 TYPE=MOSAIC
MESH GENERATOR=AUTOMATIC SIZE=0.05 NORMALTOL=30.0 SURFACETOL=0.0 TOLERANCE=1.0E-06 TYPE=MOSAIC
$OS OPERAPOST BACK '&VF_LASTANLFILE&'
FILL TOL=1.0E-06
PREVIEW OPTION=PICK | PICK OPTION=ADD TYPE=FACE UNIQUEBODYNAME='ModelBody' IDENTIFIER=DL.00004

PREVIEW OPTION=UNPICK REDISPLAY=YES
SELECT OPTION=PICKEDREMOVE
PICK OPTION=TOGGLE TYPE=FACE UNIQUEBODYNAME='ModelBody' IDENTIFIER=DL.00004

PREVIEW OPTION=UNPICK REDISPLAY=YES
PICK OPTION=TOGGLE TYPE=FACE UNIQUEBODYNAME='ModelBody' IDENTIFIER=DL.00004
PICK OPTION=TOGGLE TYPE=FACE UNIQUEBODYNAME='ModelBody' IDENTIFIER=DL.00004
PICK OPTION=TOGGLE TYPE=FACE UNIQUEBODYNAME='ModelBody' IDENTIFIER=DL.00004
PICK OPTION=TOGGLE TYPE=FACE UNIQUEBODYNAME='ModelBody' IDENTIFIER=DL.00004
PICK OPTION=TOGGLE TYPE=FACE UNIQUEBODYNAME='ModelBody' IDENTIFIER=DL.00004
MODEL DELETE
BACKGROUND OPTION=LOAD
BACKGROUND OPTION=SET SHAPE=NONE
MODEL CREATE
MESH GENERATOR=AUTOMATIC SIZE=0.05 NORMALTOL=30.0 SURFACETOL=0.0 TOLERANCE=1.0E-06 TYPE=MOSAIC
FILL TOL=1.0E-06
WINDOW MESH=NO

PREVIEW OPTION=UNPICK REDISPLAY=YES
FILTER COMMAND=CURSORHIDE
SELECT OPTION=CURSORHIDE TYPE=FACE UNIQUEBODYNAME='ModelBody' IDENTIFIER=BJ.00009
SELECT OPTION=CURSORHIDE TYPE=FACE UNIQUEBODYNAME='ModelBody' IDENTIFIER=BJ.00010
SELECT OPTION=CURSORHIDE TYPE=FACE UNIQUEBODYNAME='ModelBody' IDENTIFIER=CP.00009
SELECT OPTION=CURSORHIDE TYPE=FACE UNIQUEBODYNAME='ModelBody' IDENTIFIER=CP.00010
SELECT OPTION=CURSORHIDE TYPE=FACE UNIQUEBODYNAME='ModelBody' IDENTIFIER=BR.00019
SELECT OPTION=CURSORHIDE TYPE=FACE UNIQUEBODYNAME='ModelBody' IDENTIFIER=BR.00018
SELECT OPTION=CURSORHIDE TYPE=FACE UNIQUEBODYNAME='ModelBody' IDENTIFIER=CP.00005
SELECT OPTION=CURSORHIDE TYPE=FACE UNIQUEBODYNAME='ModelBody' IDENTIFIER=BR.00010
SELECT OPTION=CURSORHIDE TYPE=FACE UNIQUEBODYNAME='ModelBody' IDENTIFIER=BR.00009
SELECT OPTION=CURSORHIDE TYPE=FACE UNIQUEBODYNAME='ModelBody' IDENTIFIER=BR.00006
SELECT OPTION=CURSORHIDE TYPE=FACE UNIQUEBODYNAME='ModelBody' IDENTIFIER=BR.00013
SELECT OPTION=GUIUPDATE
SELECT OPTION=TOGGLEDISPLAY, | SELECT PROPERTY=Errors/Warnings LABEL='Volume mesh error', +WAIT | SELECT -WAIT
SELECT OPTION=TOGGLEDISPLAY, | SELECT PROPERTY=Errors/Warnings LABEL='Volume mesh error', +WAIT | SELECT -WAIT
SELECT OPTION=TOGGLEDISPLAY, | SELECT PROPERTY=Errors/Warnings LABEL='Volume mesh error', +WAIT | SELECT -WAIT
SELECT OPTION=TOGGLEDISPLAY, | SELECT PROPERTY=Errors/Warnings LABEL='Surface mesh warning', +WAIT | SELECT -WAIT
SELECT OPTION=TOGGLEDISPLAY, | SELECT PROPERTY=Errors/Warnings LABEL='Surface mesh warning', +WAIT | SELECT -WAIT
SELECT OPTION=TOGGLEDISPLAY, | SELECT PROPERTY=Errors/Warnings LABEL='Surface mesh warning', +WAIT | SELECT -WAIT
SELECT OPTION=TOGGLEDISPLAY, | SELECT PROPERTY=Errors/Warnings LABEL='Surface mesh warning', +WAIT | SELECT -WAIT
SELECT OPTION=TOGGLEDISPLAY, | SELECT PROPERTY=Errors/Warnings LABEL='Surface mesh warning', +WAIT | SELECT -WAIT
SELECT OPTION=TOGGLEDISPLAY, | SELECT PROPERTY=Errors/Warnings LABEL='Surface mesh warning', +WAIT | SELECT -WAIT
SELECT OPTION=GUIUPDATE
SELECT OPTION=TOGGLEDISPLAY, | SELECT PROPERTY=ElementType LABEL= , +WAIT | SELECT -WAIT
SELECT OPTION=TOGGLEDISPLAY, | SELECT PROPERTY=ElementType LABEL= , +WAIT | SELECT -WAIT
SELECT OPTION=TOGGLEDISPLAY, | SELECT PROPERTY=Errors/Warnings LABEL= , +WAIT | SELECT -WAIT
SELECT OPTION=TOGGLEDISPLAY, | SELECT PROPERTY=Errors/Warnings LABEL= , +WAIT | SELECT -WAIT
SELECT OPTION=TOGGLEDISPLAY, | SELECT PROPERTY=Errors/Warnings LABEL= , +WAIT | SELECT -WAIT
SELECT OPTION=TOGGLEDISPLAY, | SELECT PROPERTY=Errors/Warnings LABEL= , +WAIT | SELECT -WAIT
SELECT OPTION=TOGGLEDISPLAY, | SELECT PROPERTY=Errors/Warnings LABEL= , +WAIT | SELECT -WAIT
SELECT OPTION=TOGGLEDISPLAY, | SELECT PROPERTY=Errors/Warnings LABEL= , +WAIT | SELECT -WAIT
SELECT OPTION=TOGGLEDISPLAY, | SELECT PROPERTY=Errors/Warnings LABEL= , +WAIT | SELECT -WAIT
SELECT OPTION=TOGGLEDISPLAY, | SELECT PROPERTY=Errors/Warnings LABEL= , +WAIT | SELECT -WAIT
SELECT OPTION=TOGGLEDISPLAY, | SELECT PROPERTY=Errors/Warnings LABEL= , +WAIT | SELECT -WAIT
$ COMI 'C:\Users\mzhao\OPERA_miniMSR\layer_meshing_version.comi'
MESH GENERATOR=AUTOMATIC SIZE=0.1 NORMALTOL=30.0 SURFACETOL=0.0 TOLERANCE=1.0E-06 TYPE=PREFERTETRA
MESH GENERATOR=AUTOMATIC SIZE=0.1 NORMALTOL=30.0 SURFACETOL=0.0 TOLERANCE=1.0E-06 TYPE=MOSAIC
MODEL DELETE
MODEL CREATE
MESH GENERATOR=AUTOMATIC SIZE=0.01 NORMALTOL=30.0 SURFACETOL=0.0 TOLERANCE=1.0E-06 TYPE=MOSAIC
WINDOW MESH=NO
WINDOW MESH=YES
MESH GENERATOR=AUTOMATIC SIZE=0.05 NORMALTOL=30.0 SURFACETOL=0.0 TOLERANCE=1.0E-06 TYPE=MOSAIC
FILL TOL=1.0E-06
MESH GENERATOR=AUTOMATIC SIZE=0.05 NORMALTOL=30.0 SURFACETOL=0.0 TOLERANCE=1.0E-010 TYPE=MOSAIC
FILL TOL=1.0E-06
MESH GENERATOR=AUTOMATIC SIZE=0.05 NORMALTOL=30.0 SURFACETOL=0.0 TOLERANCE=1.0E-10 TYPE=MOSAIC
FILL TOL=1.0E-06
MESH GENERATOR=AUTOMATIC SIZE=0.05 NORMALTOL=30.0 SURFACETOL=0.0 TOLERANCE=1.0E-6 TYPE=MOSAIC
FILL TOL=1.0E-8
MODEL DELETE
BACKGROUND OPTION=LOAD
BACKGROUND OPTION=SET SHAPE=NONE
MODEL CREATE
MESH GENERATOR=AUTOMATIC SIZE=0.05 NORMALTOL=30.0 SURFACETOL=0.0 TOLERANCE=1.0E-6 TYPE=MOSAIC
FILL TOL=1.0E-06
SELECT OPTION=GUIUPDATE
SELECT SELECTLEVEL=2
SELECT SELECTLEVEL=2
SELECT SELECTLEVEL=1
SELECT SELECTLEVEL=2
BACKGROUND OPTION=LOAD
MODEL DELETE
BACKGROUND OPTION=LOAD
BACKGROUND OPTION=SET SHAPE=BLOCK SCALEX=5 SCALEY=5 SCALEZ=5   XYSYMMETRYPLANE=NO YZSYMMETRYPLANE=YES ROTZNUM=1 ZXSYMMETRYPLANE=YES EMRYZ=TANGMAGN EMRZX=NORMMAGN
MODEL CREATE
MESH GENERATOR=AUTOMATIC SIZE=0.1 NORMALTOL=30.0 SURFACETOL=0.0 TOLERANCE=1.0E-6 TYPE=MOSAIC
MESH GENERATOR=AUTOMATIC SIZE=0.1 NORMALTOL=30.0 SURFACETOL=0.0 TOLERANCE=1.0E-6 TYPE=MOSAIC

PREVIEW OPTION=UNPICK REDISPLAY=YES
SELECT OPTION=GUIUPDATE
SELECT OPTION=TOGGLEDISPLAY, | SELECT PROPERTY=Errors/Warnings LABEL= , +WAIT | SELECT -WAIT
SELECT OPTION=TOGGLEDISPLAY, | SELECT PROPERTY=Errors/Warnings LABEL= , +WAIT | SELECT -WAIT
SELECT OPTION=TOGGLEDISPLAY, | SELECT PROPERTY=Errors/Warnings LABEL= , +WAIT | SELECT -WAIT
SELECT OPTION=TOGGLEDISPLAY, | SELECT PROPERTY=Errors/Warnings LABEL= , +WAIT | SELECT -WAIT
SELECT OPTION=TOGGLEDISPLAY, | SELECT PROPERTY=Errors/Warnings LABEL= , +WAIT | SELECT -WAIT
SELECT OPTION=TOGGLEDISPLAY, | SELECT PROPERTY=Errors/Warnings LABEL= , +WAIT | SELECT -WAIT
FILTER TYPE=CELL
PREVIEW OPTION=PICK | PICK OPTION=ADD TYPE=CELL UNIQUEBODYNAME='ModelBody' IDENTIFIER=CR.00001

LIST | PREVIEW OPTION=UNPICK REDISPLAY=YES
PREVIEW OPTION=PICK | PICK OPTION=ADD TYPE=CELL UNIQUEBODYNAME='ModelBody' IDENTIFIER=CR.00001

PREVIEW OPTION=ACCEPT REDISPLAY=NO |  CELLDATA OPTION=MODIFY MATERIALLABEL='outer_mumetal_floor' POTENTIAL=Default ELEMENTTYPE=Linear LEVEL=500 SIZE=0.1 NORMALTOL=30 ELEMSHAPEPREF=NONE
PREVIEW OPTION=PICK | PICK OPTION=ADD TYPE=CELL UNIQUEBODYNAME='ModelBody' IDENTIFIER=CR.00001

SELECT OPTION=GUIUPDATE
SELECT OPTION=TOGGLEDISPLAY, | SELECT PROPERTY=Errors/Warnings LABEL='Surface mesh warning', +WAIT | SELECT -WAIT
SELECT OPTION=TOGGLEDISPLAY, | SELECT PROPERTY=Errors/Warnings LABEL='Surface mesh warning', +WAIT | SELECT -WAIT
SELECT OPTION=TOGGLEDISPLAY, | SELECT PROPERTY=Errors/Warnings LABEL='Surface mesh warning', +WAIT | SELECT -WAIT
SELECT OPTION=TOGGLEDISPLAY, | SELECT PROPERTY=Errors/Warnings LABEL='Surface mesh warning', +WAIT | SELECT -WAIT
SELECT OPTION=TOGGLEDISPLAY, | SELECT PROPERTY=Errors/Warnings LABEL= , +WAIT | SELECT -WAIT
SELECT OPTION=TOGGLEDISPLAY, | SELECT PROPERTY=Errors/Warnings LABEL= , +WAIT | SELECT -WAIT
PREVIEW OPTION=PICK | PICK OPTION=ADD TYPE=CELL UNIQUEBODYNAME='ModelBody' IDENTIFIER=CR.00001

LIST | PREVIEW OPTION=UNPICK REDISPLAY=YES
FILL TOL=1.0E-06
WINDOW SOLID=NO
WINDOW MESH=NO
WINDOW OUTLINE=NO
WINDOW SOLID=YES
SELECT OPTION=GUIUPDATE
SELECT OPTION=TOGGLEDISPLAY, | SELECT PROPERTY=Errors/Warnings LABEL='Surface mesh warning', +WAIT | SELECT -WAIT
SELECT OPTION=TOGGLEDISPLAY, | SELECT PROPERTY=Errors/Warnings LABEL='Surface mesh warning', +WAIT | SELECT -WAIT
SELECT OPTION=TOGGLEDISPLAY, | SELECT PROPERTY=Errors/Warnings LABEL= , +WAIT | SELECT -WAIT
SELECT OPTION=TOGGLEDISPLAY, | SELECT PROPERTY=Errors/Warnings LABEL= , +WAIT | SELECT -WAIT
SELECT OPTION=TOGGLEDISPLAY, | SELECT PROPERTY=Errors/Warnings LABEL= , +WAIT | SELECT -WAIT
SELECT OPTION=TOGGLEDISPLAY, | SELECT PROPERTY=Errors/Warnings LABEL= , +WAIT | SELECT -WAIT
SELECT OPTION=TOGGLEDISPLAY, | SELECT PROPERTY=Errors/Warnings LABEL= , +WAIT | SELECT -WAIT
SELECT OPTION=TOGGLEDISPLAY, | SELECT PROPERTY=Errors/Warnings LABEL= , +WAIT | SELECT -WAIT
SELECT OPTION=TOGGLEDISPLAY, | SELECT PROPERTY=Errors/Warnings LABEL= , +WAIT | SELECT -WAIT
SELECT OPTION=TOGGLEDISPLAY, | SELECT PROPERTY=Errors/Warnings LABEL= , +WAIT | SELECT -WAIT
FILTER TYPE=FACE
PREVIEW OPTION=PICK | PICK OPTION=ADD TYPE=FACE UNIQUEBODYNAME='ModelBody' IDENTIFIER=DL.00004

PREVIEW OPTION=UNPICK REDISPLAY=YES
FILTER COMMAND=CURSORHIDE
SELECT OPTION=CURSORHIDE TYPE=FACE UNIQUEBODYNAME='ModelBody' IDENTIFIER=DL.00004
SELECT OPTION=CURSORHIDE TYPE=FACE UNIQUEBODYNAME='ModelBody' IDENTIFIER=DL.00003
PREVIEW OPTION=PICK | PICK OPTION=ADD TYPE=FACE UNIQUEBODYNAME='ModelBody' IDENTIFIER=BF.00010

PREVIEW OPTION=UNPICK REDISPLAY=YES
$ COMI 'C:\Users\mzhao\OPERA_miniMSR\layer_meshing_version.comi'
MESH GENERATOR=AUTOMATIC SIZE=0.05 NORMALTOL=30.0 SURFACETOL=0.0 TOLERANCE=1.0E-06 TYPE=MOSAIC
FILL TOL=1.0E-06
PREVIEW OPTION=PICK | PICK OPTION=ADD PROPERTY=UniqueName LABEL='ModelBody'

PREVIEW OPTION=ACCEPT REDISPLAY=NO |  CHECK LEVEL=HIGH
PREVIEW OPTION=PICK | PICK OPTION=ADD PROPERTY=UniqueName LABEL='ModelBody'

PREVIEW OPTION=ACCEPT REDISPLAY=NO |  CHECK LEVEL=FULL
PREVIEW OPTION=PICK | PICK OPTION=ADD PROPERTY=UniqueName LABEL='ModelBody'

PREVIEW OPTION=UNPICK REDISPLAY=YES
MODEL DELETE
PREVIEW OPTION=PICK | PICK OPTION=ADD PROPERTY=UniqueName LABEL='reduced_air_block'

PREVIEW OPTION=ACCEPT REDISPLAY=NO |  CHECK LEVEL=FULL REPAIR=YES
PREVIEW OPTION=PICK | PICK OPTION=ADD PROPERTY=UniqueName LABEL='reduced_air_block'

PREVIEW OPTION=UNPICK REDISPLAY=YES
FILTER COMMAND=CURSORHIDE
SELECT OPTION=CURSORHIDE PROPERTY=UniqueName LABEL='reduced_air_block'
FILTER COMMAND=PICK
PREVIEW OPTION=PICK | PICK OPTION=ADD PROPERTY=UniqueName LABEL='outer_left'

PREVIEW OPTION=ACCEPT REDISPLAY=NO |  CHECK LEVEL=FULL REPAIR=YES
PREVIEW OPTION=PICK | PICK OPTION=ADD PROPERTY=UniqueName LABEL='outer_front'

PREVIEW OPTION=ACCEPT REDISPLAY=NO |  CHECK LEVEL=FULL REPAIR=YES
PREVIEW OPTION=PICK | PICK OPTION=ADD PROPERTY=UniqueName LABEL='outer_top'

PREVIEW OPTION=ACCEPT REDISPLAY=NO |  CHECK LEVEL=FULL REPAIR=YES
PREVIEW OPTION=PICK | PICK OPTION=ADD PROPERTY=UniqueName LABEL='outer_brkt_top_left'

PREVIEW OPTION=ACCEPT REDISPLAY=NO |  CHECK LEVEL=FULL REPAIR=YES
PREVIEW OPTION=PICK | PICK OPTION=ADD PROPERTY=UniqueName LABEL='outer_brkt_bottom_left'

PREVIEW OPTION=ACCEPT REDISPLAY=NO |  CHECK LEVEL=FULL REPAIR=YES
PREVIEW OPTION=PICK | PICK OPTION=ADD PROPERTY=UniqueName LABEL='outer_brkt_front_bottom'

PREVIEW OPTION=ACCEPT REDISPLAY=NO |  CHECK LEVEL=FULL REPAIR=YES
PREVIEW OPTION=PICK | PICK OPTION=ADD PROPERTY=UniqueName LABEL='outer_bottom'

PREVIEW OPTION=ACCEPT REDISPLAY=NO |  CHECK LEVEL=FULL REPAIR=YES
PREVIEW OPTION=PICK | PICK OPTION=ADD PROPERTY=UniqueName LABEL='inner_front'

PREVIEW OPTION=ACCEPT REDISPLAY=NO |  CHECK LEVEL=FULL REPAIR=YES
$ COMI 'C:\Users\mzhao\OPERA_miniMSR\layer_meshing_version.comi'
MESH GENERATOR=AUTOMATIC SIZE=0.1 NORMALTOL=30.0 SURFACETOL=0.0 TOLERANCE=1.0E-06 TYPE=MOSAIC
FILL TOL=1.0E-06
$ COMI 'C:\Users\mzhao\OPERA_miniMSR\layer_meshing_version.comi'
MESH GENERATOR=AUTOMATIC SIZE=0.1 NORMALTOL=30.0 SURFACETOL=0.0 TOLERANCE=1.0E-06 TYPE=PREFERTETRA
WINDOW MESH=NO
WINDOW MESH=YES
FILL TOL=1.0E-06
SOLVERS SOLVENOW=NO SAVEMODEL=YES, | SOLVERS OPTION=TEST FILE='miniMSR_layer' UNITS=METRE ELEMENT=MIXED SURFACE=CURVED | COMMENT CLEAR=YES TYPE=DBTITLE | SOLVERS OPTION=OVERWRITE
$string yesorno YES
CLEAR REVERT=NO

YES
SKETCH OBJECT=BLOCK +COMPLETE
SKETCH ACTIVE=NO COMPLETE=YES



SKETCH OBJECT=BLOCK +COMPLETE
PREVIEW OPTION=START REDISPLAY=NO | BLOCK Name='Block' X0=1 Y0=1 Z0=1 X1=-1 Y1=-1 Z1=-1
PREVIEW OPTION=END REDISPLAY=NO |  BLOCK Name='Block' X0=1 Y0=1 Z0=1 X1=-1 Y1=-1 Z1=-1
SKETCH OBJECT=BLOCK +COMPLETE
BLOCK Name='Block_out' X0=2 Y0=2 Z0=2 X1=-2 Y1=-2 Z1=-2

PREVIEW OPTION=UNPICK REDISPLAY=YES

SELECT OPTION=GUIUPDATE

PREVIEW OPTION=UNPICK REDISPLAY=YES

PREVIEW OPTION=UNPICK REDISPLAY=YES
FILTER TYPE=BODY
PREVIEW OPTION=PICK | PICK OPTION=ADD PROPERTY=UniqueName LABEL='Block_out'

PREVIEW OPTION=UNPICK REDISPLAY=YES
FILTER TYPE=BODY
PICK OPTION=TOGGLE PROPERTY=UniqueName LABEL='Block_out'
COVER
WINDOW OUTLINE=NO
WINDOW SOLID=NO
WINDOW OUTLINE=YES
SELECT OPTION=GUIUPDATE
SELECT OPTION=DEFAULT
SELECT OPTION=DEFAULT
SELECT OPTION=DEFAULT
FILTER COMMAND=PICK
FILTER COMMAND=CURSORHIDE
SELECT OPTION=CURSORHIDE PROPERTY=UniqueName LABEL='Block_out'
SELECT OPTION=CURSORHIDE PROPERTY=UniqueName LABEL='Block_out'
SELECT OPTION=CURSORHIDE PROPERTY=UniqueName LABEL='Block_out'

PREVIEW OPTION=UNPICK REDISPLAY=YES
SELECT OPTION=CURSORHIDE PROPERTY=UniqueName LABEL='Block_out'
WINDOW OUTLINE=NO
WINDOW OUTLINE=YES
WINDOW SOLID=YES
SELECT OPTION=CURSORHIDE PROPERTY=UniqueName LABEL='Block_out'
FILTER TYPE=BODY
FILTER TYPE=FACE
SELECT OPTION=CURSORHIDE TYPE=FACE UNIQUEBODYNAME='Block_out' IDENTIFIER=A.00001
SELECT OPTION=CURSORHIDE TYPE=FACE UNIQUEBODYNAME='Block_out' IDENTIFIER=A.00001
FILTER COMMAND=PICK
FILTER COMMAND=CURSORHIDE
PREVIEW OPTION=PICK | PICK OPTION=ADD TYPE=FACE UNIQUEBODYNAME='Block_out' IDENTIFIER=A.00001

PREVIEW OPTION=UNPICK REDISPLAY=YES
FILTER COMMAND=PICK
PICK OPTION=TOGGLE TYPE=FACE UNIQUEBODYNAME='Block_out' IDENTIFIER=A.00001

PREVIEW OPTION=UNPICK REDISPLAY=YES
SELECT OPTION=DEFAULT
SELECT OPTION=GUIUPDATE
WINDOW SOLID=NO
WINDOW SOLID=YES
WINDOW OUTLINE=NO
WINDOW OUTLINE=YES
WINDOW OUTLINE=NO
WINDOW OUTLINE=YES
WINDOW OUTLINE=NO
WINDOW OUTLINE=YES
THREED OPTION=SETVIEW SIZE=0
PICK OPTION=TOGGLE TYPE=FACE UNIQUEBODYNAME='Block_out' IDENTIFIER=A.00001

PREVIEW OPTION=UNPICK REDISPLAY=YES
$string yesorno YES
CLEAR REVERT=NO
yes
SKETCH OBJECT=BLOCK +COMPLETE
BLOCK Name='Block1' X0=1 Y0=1 Z0=1 X1=-1 Y1=-1 Z1=-1
SKETCH OBJECT=BLOCK +COMPLETE
BLOCK Name='Block1' X0=2 Y0=2 Z0=2 X1=-2 Y1=-2 Z1=-2
FILTER TYPE=CELL
FILTER TYPE=FACE
FILTER COMMAND=PICK
FILTER COMMAND=PICK
FILTER COMMAND=CURSORHIDE
SELECT OPTION=CURSORHIDE TYPE=FACE UNIQUEBODYNAME='Block1-001' IDENTIFIER=A.00001
FILTER TYPE=BODY
PREVIEW OPTION=PICK | PICK OPTION=ADD PROPERTY=UniqueName LABEL='Block1'

PREVIEW OPTION=UNPICK REDISPLAY=YES
PREVIEW OPTION=PICK | PICK OPTION=ADD PROPERTY=UniqueName LABEL='Block1-001'

PREVIEW OPTION=UNPICK REDISPLAY=YES
PREVIEW OPTION=PICK | PICK OPTION=ADD PROPERTY=UniqueName LABEL='Block1'

PREVIEW OPTION=UNPICK REDISPLAY=YES
SELECT OPTION=CURSORHIDE PROPERTY=UniqueName LABEL='Block1'
UNDO
PREVIEW OPTION=PICK | PICK OPTION=ADD PROPERTY=UniqueName LABEL='Block1'

PREVIEW OPTION=UNPICK REDISPLAY=YES
FILTER COMMAND=PICK
PREVIEW OPTION=PICK | PICK OPTION=ADD PROPERTY=UniqueName LABEL='Block1'

PREVIEW OPTION=UNPICK REDISPLAY=YES
PREVIEW OPTION=PICK | PICK OPTION=ADD PROPERTY=UniqueName LABEL='Block1-001'

PREVIEW OPTION=UNPICK REDISPLAY=YES
PREVIEW OPTION=PICK | PICK OPTION=ADD PROPERTY=UniqueName LABEL='Block1'

PREVIEW OPTION=UNPICK REDISPLAY=YES
PREVIEW OPTION=PICK | PICK OPTION=ADD PROPERTY=UniqueName LABEL='Block1-001'

PREVIEW OPTION=UNPICK REDISPLAY=YES
PICK OPTION=RESET
PICK OPTION=GUIUPDATE
PICK OPTION=ADD, | PICK PROPERTY=UniqueName LABEL=Block1 | | PICK PROPERTY=UniqueName LABEL=Block1-001
COMBINE OPERATION=SUBTRACT +REGULAR
UNDO
COMBINE OPERATION=TRIM +REGULAR
FILTER COMMAND=PICK
PICK OPTION=TOGGLE PROPERTY=UniqueName LABEL='Block1-001'

PREVIEW OPTION=UNPICK REDISPLAY=YES
FILTER TYPE=NONE
FILTER TYPE=BODY
BACKGROUND OPTION=LOAD
BACKGROUND OPTION=SET SHAPE=BLOCK SCALEX=10 SCALEY=10 SCALEZ=10   XYSYMMETRYPLANE=YES YZSYMMETRYPLANE=YES ROTZNUM=1 ZXSYMMETRYPLANE=YES EMRXY=TANGMAGN EMRYZ=TANGMAGN EMRZX=TANGMAGN
MODEL CREATE
UNDO
UNDO
UNDO
UNDO
UNDO
UNDO
UNDO
UNDO
SKETCH OBJECT=BLOCK +COMPLETE
BLOCK Name='Block1' X0=2 Y0=2 Z0=2 X1=0 Y1=0 Z1=0
SKETCH OBJECT=BLOCK +COMPLETE
PREVIEW OPTION=START REDISPLAY=NO | BLOCK Name='Block2' X0=1 Y0=1 Z0=1 X1=0 Y1=0 Z1=0
PREVIEW OPTION=END REDISPLAY=NO |  BLOCK Name='Block2' X0=1 Y0=1 Z0=1 X1=0 Y1=0 Z1=0
PICK OPTION=GUIUPDATE
PICK OPTION=ADD, | PICK PROPERTY=Name LABEL=Block1 | | PICK PROPERTY=Name LABEL=Block2
COMBINE OPERATION=TRIM +REGULAR
UNDO
COMBINE OPERATION=SUBTRACT +REGULAR
$ COMI 'C:\Users\mzhao\OPERA_miniMSR\layer_meshing_version.comi'

PREVIEW OPTION=UNPICK REDISPLAY=YES

PREVIEW OPTION=UNPICK REDISPLAY=YES

PREVIEW OPTION=UNPICK REDISPLAY=YES
PICK OPTION=GUIUPDATE
MODEL DELETE
PICK OPTION=RESET
PICK OPTION=GUIUPDATE
PICK OPTION=ADD, | PICK PROPERTY=UniqueName LABEL=inner_bottom | | PICK PROPERTY=UniqueName LABEL=inner_back
COMBINE OPERATION=SUBTRACT +REGULAR
$ COMI 'C:\Users\mzhao\OPERA_miniMSR\layer_meshing_version.comi'
$ COMI 'C:\Users\mzhao\OPERA_miniMSR\layer_meshing_version.comi'

PREVIEW OPTION=UNPICK REDISPLAY=YES

PREVIEW OPTION=UNPICK REDISPLAY=YES
$ COMI 'C:\Users\mzhao\OPERA_miniMSR\layer_meshing_version.comi'
SOLVERS SOLVENOW=NO SAVEMODEL=YES, | SOLVERS OPTION=TEST FILE='miniMSR_layer' UNITS=METRE ELEMENT=MIXED SURFACE=CURVED | COMMENT CLEAR=YES TYPE=DBTITLE | SOLVERS OPTION=OVERWRITE

PREVIEW OPTION=UNPICK REDISPLAY=YES
BHDATA OPTION=VIEW  label=innermumetal_door_BH
BHDATA OPTION=VIEW  label=innermumetal_floor_BH
MESH GENERATOR=AUTOMATIC SIZE=0.03 NORMALTOL=30.0 SURFACETOL=0.0 TOLERANCE=1.0E-06 TYPE=PREFERTETRA
FILL TOL=1.0E-06
SOLVERS SOLVENOW=YES SAVEMODEL=YES, | SOLVERS OPTION=TEST FILE='miniMSR_layer.op3' UNITS=METRE ELEMENT=MIXED SURFACE=CURVED | COMMENT CLEAR=YES TYPE=DBTITLE | SOLVERS OPTION=OVERWRITE
BHDATA OPTION=VIEW  label=outermumetal_door_BH
BHDATA OPTION=VIEW  label=outermumetal_floor_BH
$ COMI 'C:\Users\mzhao\OPERA_miniMSR\layer_meshing_version.comi'
SOLVERS SOLVENOW=YES SAVEMODEL=YES, | SOLVERS OPTION=TEST FILE='miniMSR_layer' UNITS=METRE ELEMENT=MIXED SURFACE=CURVED | COMMENT CLEAR=YES TYPE=DBTITLE | SOLVERS OPTION=OVERWRITE
BHDATA OPTION=VIEW  label=outermumetal_floor_BH
BHDATA OPTION=VIEW  label=outermumetal_floor_BH
BHDATA OPTION=VIEW  label=innermumetal_floor_BH
$ COMI 'C:\Users\mzhao\OPERA_miniMSR\layer_meshing_version.comi'
SOLVERS SOLVENOW=YES SAVEMODEL=YES, | SOLVERS OPTION=TEST FILE='miniMSR_layer' UNITS=METRE ELEMENT=MIXED SURFACE=CURVED | COMMENT CLEAR=YES TYPE=DBTITLE | SOLVERS OPTION=OVERWRITE
BHDATA OPTION=NEW  LABEL='PMT'
BHDATA OPTION=LOAD LABEL=PMT FILE=C:/Users/mzhao/OPERA_miniMSR/bhdata/PMTshieldB_anh.bh
$ COMI 'C:\Users\mzhao\OPERA_miniMSR\layer_meshing_version.comi'
SOLVERS SOLVENOW=YES SAVEMODEL=YES, | SOLVERS OPTION=TEST FILE='miniMSR_layer' UNITS=METRE ELEMENT=MIXED SURFACE=CURVED | COMMENT CLEAR=YES TYPE=DBTITLE | SOLVERS OPTION=OVERWRITE
BHDATA OPTION=VIEW  label=innermumetal_door_BH
BHDATA OPTION=VIEW  label=innermumetal_floor_BH
BHDATA OPTION=VIEW  label=outermumetal_door_BH
BHDATA OPTION=VIEW  label=outermumetal_floor_BH
$ COMI 'C:\Users\mzhao\OPERA_miniMSR\layer_meshing_version.comi'
MULTIPHYSICS OPTION=RESET
ANALYSISDATA OPTION=SET PROGRAM=TOSCAMAGN HX=0 HY=50 HZ=0 LINEAR=NO NITERATIONS=21 NLITERTYPE=NEWTON POTENTIALCUT=YES RHS=ADAPTIVE SCALEDRIVE=ALL TOLERANCE=0.0001 USEDEFORMEDMESH=NO USEDIRECTSOLVER=NO
SOLVERS SOLVENOW=YES SAVEMODEL=YES, | SOLVERS OPTION=TEST FILE='miniMSR_layer' UNITS=METRE ELEMENT=MIXED SURFACE=CURVED | COMMENT CLEAR=YES TYPE=DBTITLE | SOLVERS OPTION=OVERWRITE
MULTIPHYSICS OPTION=RESET
ANALYSISDATA OPTION=SET PROGRAM=TOSCAMAGN HX=0 HY=50 HZ=-10 LINEAR=NO NITERATIONS=21 NLITERTYPE=NEWTON POTENTIALCUT=YES RHS=ADAPTIVE SCALEDRIVE=ALL TOLERANCE=0.0001 USEDEFORMEDMESH=NO USEDIRECTSOLVER=NO
BACKGROUND OPTION=LOAD
BACKGROUND OPTION=SET   XYSYMMETRYPLANE=NO YZSYMMETRYPLANE=YES ROTZNUM=1 ZXSYMMETRYPLANE=NO EMRYZ=TANGMAGN
MODEL DELETE
BACKGROUND OPTION=LOAD
BACKGROUND OPTION=SET SHAPE=BLOCK SCALEX=5 SCALEY=5 SCALEZ=5   XYSYMMETRYPLANE=NO YZSYMMETRYPLANE=YES ROTZNUM=1 ZXSYMMETRYPLANE=NO EMRYZ=TANGMAGN
MODEL CREATE
MESH GENERATOR=AUTOMATIC SIZE=0.1 NORMALTOL=30.0 SURFACETOL=0.0 TOLERANCE=1.0E-06 TYPE=PREFERTETRA
FILL TOL=1.0E-06
SOLVERS SOLVENOW=YES SAVEMODEL=YES, | SOLVERS OPTION=TEST FILE='miniMSR_layer.op3' UNITS=METRE ELEMENT=MIXED SURFACE=CURVED | COMMENT CLEAR=YES TYPE=DBTITLE | SOLVERS OPTION=OVERWRITE
$ COMI 'C:\Users\mzhao\OPERA_miniMSR\layer_meshing_version.comi'
$ COMI 'C:\Users\mzhao\OPERA_miniMSR\layer_meshing_version.comi'
$ COMI 'C:\Users\mzhao\OPERA_miniMSR\layer_meshing_version.comi'
SOLVERS SOLVENOW=YES SAVEMODEL=YES, | SOLVERS OPTION=TEST FILE='miniMSR_layer_dfdf' UNITS=METRE ELEMENT=MIXED SURFACE=CURVED | COMMENT CLEAR=YES TYPE=DBTITLE | SOLVERS OPTION=OVERWRITE
BHDATA OPTION=VIEW  label=outermumetal_door_BH

PREVIEW OPTION=UNPICK REDISPLAY=YES
WINDOW MESH=NO
WINDOW OUTLINE=NO
WINDOW OUTLINE=YES
WINDOW SOLID=NO
WINDOW MESH=YES
WINDOW MESH=NO
WINDOW MESH=YES
WINDOW SOLID=YES
PREVIEW OPTION=PICK | PICK OPTION=ADD PROPERTY=UniqueName LABEL='ModelBody'

PREVIEW OPTION=UNPICK REDISPLAY=YES
$ COMI 'C:\Users\mzhao\OPERA_miniMSR\layer_meshing_version.comi'
SOLVERS SOLVENOW=YES SAVEMODEL=YES, | SOLVERS OPTION=TEST FILE='miniMSR_layer_dfdf' UNITS=METRE ELEMENT=MIXED SURFACE=CURVED | COMMENT CLEAR=YES TYPE=DBTITLE | SOLVERS OPTION=OVERWRITE
BHDATA OPTION=VIEW  label=outermumetal_door_BH
$ COMI 'C:\Users\mzhao\OPERA_miniMSR\layer_meshing_version.comi'
PREVIEW OPTION=PICK | PICK OPTION=ADD PROPERTY=UniqueName LABEL='ModelBody'

PREVIEW OPTION=UNPICK REDISPLAY=YES
SOLVERS SOLVENOW=YES SAVEMODEL=YES, | SOLVERS OPTION=TEST FILE='miniMSR_layer_ffff' UNITS=METRE ELEMENT=MIXED SURFACE=CURVED | COMMENT CLEAR=YES TYPE=DBTITLE | SOLVERS OPTION=OVERWRITE
$ COMI 'C:\Users\mzhao\OPERA_miniMSR\thin_plate_version.comi'
MESH GENERATOR=AUTOMATIC SIZE=0.05 NORMALTOL=30.0 SURFACETOL=0.0 TOLERANCE=1.0E-06 TYPE=PREFERTETRA
FILL TOL=1.0E-06
$ COMI 'C:\Users\mzhao\OPERA_miniMSR\thin_plate_version.comi'
$ COMI 'C:\Users\mzhao\OPERA_miniMSR\thin_plate_version.comi'
MATERIALS UNPICK | MATERIALS GUIINIT
MATERIALS UNPICK
MULTIPHYSICS OPTION=RESET
ANALYSISDATA OPTION=SET PROGRAM=TOSCAMAGN HX=0 HY=50 HZ=10 LINEAR=NO NITERATIONS=21 NLITERTYPE=NEWTON POTENTIALCUT=YES RHS=ADAPTIVE SCALEDRIVE=ALL TOLERANCE=0.001 USEDEFORMEDMESH=NO USEDIRECTSOLVER=NO
//// Analysis Settings
 MULTIPHYSICS OPTION=RESET
ANALYSISDATA OPTION=SET PROGRAM=TOSCAMAGN HX=0 HY=50 HZ=10 LINEAR=NO NITERATIONS=21 NLITERTYPE=NEWTON POTENTIALCUT=YES RHS=ADAPTIVE SCALEDRIVE=ALL TOLERANCE=0.0001 USEDEFORMEDMESH=NO USEDIRECTSOLVER=NO
$ COMI 'C:\Users\mzhao\OPERA_miniMSR\thin_plate_version.comi'
$ COMI 'C:\Users\mzhao\OPERA_miniMSR\thin_plate_version.comi'
SOLVERS SOLVENOW=YES SAVEMODEL=YES, | SOLVERS OPTION=TEST FILE='miniMSR_tp_dfdf' UNITS=METRE ELEMENT=MIXED SURFACE=CURVED | COMMENT CLEAR=YES TYPE=DBTITLE | SOLVERS OPTION=OVERWRITE
$ COMI 'C:\Users\mzhao\OPERA_miniMSR\thin_plate_version.comi'
SOLVERS SOLVENOW=YES SAVEMODEL=YES, | SOLVERS OPTION=TEST FILE='miniMSR_tp_dfdf' UNITS=METRE ELEMENT=MIXED SURFACE=CURVED | COMMENT CLEAR=YES TYPE=DBTITLE | SOLVERS OPTION=OVERWRITE
BHDATA OPTION=VIEW  label=outermumetal_door_BH
BHDATA OPTION=VIEW  label=innermumetal_floor_BH
BHDATA OPTION=VIEW  label=innermumetal_door_BH
BHDATA OPTION=VIEW  label=outermumetal_floor_BH
$ COMI 'C:\Users\mzhao\OPERA_miniMSR\layer_meshing_version.comi'
THREED OPTION=GETVIEW
THREED XORIGIN=0 YORIGIN=0 ZORIGIN=8.32667268468867E-17 ROTX=141.021450324793 ROTY=85.0956422174987 ROTZ=-143.11091427358 XASPECT=1 YASPECT=1 ZASPECT=1 SIZE=0.1 FACETANGLE=5 PERSPECTIVE=YES LINECOLOUR=YES OPTION=SETVIEW
WINDOW MESH=NO
WINDOW MESH=YES
WINDOW OUTLINE=NO
WINDOW OUTLINE=YES
BHDATA OPTION=VIEW  label=outermumetal_door_BH
MODEL DELETE
FILTER TYPE=FACE
PREVIEW OPTION=PICK | PICK OPTION=ADD TYPE=FACE UNIQUEBODYNAME='AirBlockOut' IDENTIFIER=A.00004

PREVIEW OPTION=UNPICK REDISPLAY=YES
FILTER COMMAND=LIST
PREVIEW OPTION=PICK | PICK OPTION=ADD TYPE=FACE UNIQUEBODYNAME='AirBlockOut' IDENTIFIER=A.00004

PREVIEW OPTION=ACCEPT REDISPLAY=NO |  WCS OPTION=PICKED
UNDO
PREVIEW OPTION=PICK | PICK OPTION=ADD TYPE=FACE UNIQUEBODYNAME='AirBlockOut' IDENTIFIER=A.00004

PREVIEW OPTION=UNPICK REDISPLAY=YES | PICK OPTION=RESET
PREVIEW OPTION=PICK | PICK OPTION=ADD TYPE=FACE UNIQUEBODYNAME='AirBlockOut' IDENTIFIER=A.00004

PREVIEW OPTION=UNPICK REDISPLAY=NO |
PREVIEW OPTION=PICK | PICK OPTION=ADD TYPE=FACE UNIQUEBODYNAME='AirBlockOut' IDENTIFIER=A.00004

PREVIEW OPTION=UNPICK REDISPLAY=YES
PREVIEW OPTION=PICK | PICK OPTION=ADD TYPE=FACE UNIQUEBODYNAME='AirBlockOut' IDENTIFIER=A.00005

PREVIEW OPTION=UNPICK REDISPLAY=YES
PREVIEW OPTION=PICK | PICK OPTION=ADD TYPE=FACE UNIQUEBODYNAME='AirBlockOut' IDENTIFIER=A.00005

PREVIEW OPTION=UNPICK REDISPLAY=YES
$ COMI 'C:\Users\mzhao\OPERA_miniMSR\layer_meshing_version.comi'
SOLVERS SOLVENOW=YES SAVEMODEL=YES, | SOLVERS OPTION=TEST FILE='miniMSR_layer_dfff' UNITS=METRE ELEMENT=MIXED SURFACE=CURVED | COMMENT CLEAR=YES TYPE=DBTITLE | SOLVERS OPTION=OVERWRITE
$ COMI 'C:\Users\mzhao\OPERA_miniMSR\layer_meshing_version.comi'
SOLVERS SOLVENOW=YES SAVEMODEL=YES, | SOLVERS OPTION=TEST FILE='miniMSR_layer_dddd' UNITS=METRE ELEMENT=MIXED SURFACE=CURVED | COMMENT CLEAR=YES TYPE=DBTITLE | SOLVERS OPTION=OVERWRITE
$ COMI 'C:\Users\mzhao\OPERA_miniMSR\layer_meshing_version.comi'
SOLVERS SOLVENOW=YES SAVEMODEL=YES, | SOLVERS OPTION=TEST FILE='C:\Users\mzhao\OPERA_miniMSR\miniMSR_layer_dfdf_finer.op3' UNITS=METRE ELEMENT=MIXED SURFACE=CURVED | COMMENT CLEAR=YES TYPE=DBTITLE | SOLVERS OPTION=OVERWRITE
$string yesorno YES
CLEAR REVERT=NO

YES
RACETRACK OPTION=LOAD
LOAD OPTION=INSERT FILE='stpfiles//inner_layer.STEP'
RACETRACK OPTION=LOAD
STRAIGHT OPTION=LOAD
BEDSTEAD OPTION=LOAD
RACETRACK OPTION=LOAD
RACETRACK OPTION=NEW -KEEP XP1=0.01 YP1=0.02 WIDTH=0.01 THICKNESS=0.01 H1=0.15 R1=0.01 INCIRCUIT=NO CIRCUITELEMENT= CURD=1 TOLERANCE=TOLERANCE DRIVELABEL='Default_Drive' LCNAME='Global coordinate system' XCEN2=0.31 YCEN2=0 ZCEN2=0.31 THETA2=0 PHI2=0 PSI2=0 RXY=0 RYZ=0 RZX=0 SYMMETRY=1 MODELCOMPONENT=NO

RACETRACK OPTION=LOAD
RACETRACK OPTION=NEW -KEEP XP1=0.01 YP1=0.02 WIDTH=0.01 THICKNESS=0.01 H1=0.15 R1=0.01 INCIRCUIT=NO CIRCUITELEMENT= CURD=1 TOLERANCE=0 DRIVELABEL='Default_Drive' LCNAME='Global coordinate system' XCEN2=0.31 YCEN2=0 ZCEN2=0.31 THETA2=0 PHI2=0 PSI2=0 RXY=0 RYZ=0 RZX=0 SYMMETRY=1 MODELCOMPONENT=NO
RACETRACK OPTION=LOAD
RACETRACK OPTION=NEW -KEEP XP1=0.01 YP1=0.02 WIDTH=0.01 THICKNESS=0.01 H1=0.15 R1=0.01 INCIRCUIT=NO CIRCUITELEMENT= CURD=1 TOLERANCE=0 DRIVELABEL='Default_Drive' LCNAME='Global coordinate system' XCEN2=0.31 YCEN2=0 ZCEN2=0.31 THETA2=90 PHI2=0 PSI2=0 RXY=0 RYZ=0 RZX=0 SYMMETRY=1 MODELCOMPONENT=NO
RACETRACK OPTION=LOAD
RACETRACK OPTION=NEW -KEEP XP1=0.01 YP1=0.02 WIDTH=0.01 THICKNESS=0.01 H1=0.15 R1=0.01 INCIRCUIT=NO CIRCUITELEMENT= CURD=1 TOLERANCE=0 DRIVELABEL='Default_Drive' LCNAME='Global coordinate system' XCEN2=0.31 YCEN2=0 ZCEN2=0.31 THETA2=0 PHI2=90 PSI2=0 RXY=0 RYZ=0 RZX=0 SYMMETRY=1 MODELCOMPONENT=NO
RACETRACK OPTION=LOAD
RACETRACK OPTION=NEW -KEEP XP1=0.01 YP1=0.02 WIDTH=0.01 THICKNESS=0.01 H1=0.15 R1=0.01 INCIRCUIT=NO CIRCUITELEMENT= CURD=1 TOLERANCE=0 DRIVELABEL='Default_Drive' LCNAME='Global coordinate system' XCEN2=0.31 YCEN2=0 ZCEN2=0.31 THETA2=0 PHI2=90 PSI2=0 RXY=0 RYZ=0 RZX=0 SYMMETRY=1 MODELCOMPONENT=NO
$string yesorno YES
CLEAR REVERT=NO

YES
/ load structural step file
LOAD OPTION=INSERT FILE='stpfiles//inner_layer.STEP'
RACETRACK OPTION=LOAD
RACETRACK OPTION=LOAD
RACETRACK OPTION=NEW -KEEP XP1=0.01 YP1=0.02 WIDTH=0.01 THICKNESS=0.01 H1=0.15 R1=0.01 INCIRCUIT=NO CIRCUITELEMENT= CURD=1 TOLERANCE=0 DRIVELABEL='Default_Drive' LCNAME='Global coordinate system' XCEN2=0.31 YCEN2=0 ZCEN2=0.31 THETA2=0 PHI2=90 PSI2=0 RXY=0 RYZ=0 RZX=0 SYMMETRY=1 MODELCOMPONENT=NO
RACETRACK OPTION=LOAD
RACETRACK OPTION=NEW -KEEP XP1=0.01 YP1=0.02 WIDTH=0.01 THICKNESS=0.01 H1=0.15 R1=0.01 INCIRCUIT=NO CIRCUITELEMENT= CURD=1 TOLERANCE=0 DRIVELABEL='Default_Drive' LCNAME='Global coordinate system' XCEN2=0.31 YCEN2=0 ZCEN2=0.31 THETA2=90 PHI2=0 PSI2=90 RXY=0 RYZ=0 RZX=0 SYMMETRY=1 MODELCOMPONENT=NO
RACETRACK OPTION=LOAD
RACETRACK OPTION=NEW -KEEP XP1=0.01 YP1=0.02 WIDTH=0.01 THICKNESS=0.01 H1=0.15 R1=0.01 INCIRCUIT=NO CIRCUITELEMENT= CURD=1 TOLERANCE=0 DRIVELABEL='Default_Drive' LCNAME='Global coordinate system' XCEN2=0.31 YCEN2=0 ZCEN2=0.31 THETA2=90 PHI2=90 PSI2=90 RXY=0 RYZ=0 RZX=0 SYMMETRY=1 MODELCOMPONENT=NO
RACETRACK OPTION=LOAD
RACETRACK OPTION=NEW -KEEP XP1=0.01 YP1=0.02 WIDTH=0.01 THICKNESS=0.01 H1=0.15 R1=0.01 INCIRCUIT=NO CIRCUITELEMENT= CURD=1 TOLERANCE=0 DRIVELABEL='Default_Drive' LCNAME='Global coordinate system' XCEN2=0.31 YCEN2=0 ZCEN2=0.31 THETA2=135 PHI2=90 PSI2=90 RXY=0 RYZ=0 RZX=0 SYMMETRY=1 MODELCOMPONENT=NO
RACETRACK OPTION=LOAD
RACETRACK OPTION=NEW -KEEP XP1=0.01 YP1=0.02 WIDTH=0.01 THICKNESS=0.01 H1=0.15 R1=0.01 INCIRCUIT=NO CIRCUITELEMENT= CURD=1 TOLERANCE=0 DRIVELABEL='Default_Drive' LCNAME='Global coordinate system' XCEN2=0.31 YCEN2=0 ZCEN2=0.31 THETA2=90 PHI2=135 PSI2=90 RXY=0 RYZ=0 RZX=0 SYMMETRY=1 MODELCOMPONENT=NO
RACETRACK OPTION=LOAD
RACETRACK OPTION=NEW -KEEP XP1=0.01 YP1=0.02 WIDTH=0.01 THICKNESS=0.01 H1=0.15 R1=0.01 INCIRCUIT=NO CIRCUITELEMENT= CURD=1 TOLERANCE=0 DRIVELABEL='Default_Drive' LCNAME='Global coordinate system' XCEN2=0.31 YCEN2=0 ZCEN2=0.31 THETA2=90 PHI2=90 PSI2=135 RXY=0 RYZ=0 RZX=0 SYMMETRY=1 MODELCOMPONENT=NO
RACETRACK OPTION=LOAD
$string yesorno YES
CLEAR REVERT=NO

yes
/ load structural step file
LOAD OPTION=INSERT FILE='stpfiles//inner_layer.STEP'
RACETRACK OPTION=LOAD
RACETRACK OPTION=LOAD
RACETRACK OPTION=NEW -KEEP XP1=0.01 YP1=0.02 WIDTH=0.01 THICKNESS=0.01 H1=0.15 R1=0.01 INCIRCUIT=NO CIRCUITELEMENT= CURD=1 TOLERANCE=0 DRIVELABEL='Default_Drive' LCNAME='Global coordinate system' XCEN2=0.31 YCEN2=0 ZCEN2=0.31 THETA2=90 PHI2=90 PSI2=135 RXY=0 RYZ=0 RZX=0 SYMMETRY=1

PREVIEW OPTION=UNPICK REDISPLAY=YES

PREVIEW OPTION=UNPICK REDISPLAY=YES

PREVIEW OPTION=UNPICK REDISPLAY=YES
$ COMI 'C:\Users\mzhao\OPERA_miniMSR\lm_with_degaussing_coils.comi'
$ COMI 'C:\Users\mzhao\OPERA_miniMSR\lm_with_degaussing_coils.comi'

PREVIEW OPTION=UNPICK REDISPLAY=YES

PREVIEW OPTION=UNPICK REDISPLAY=YES
$ COMI 'C:\Users\mzhao\OPERA_miniMSR\lm_with_degaussing_coils.comi'
RACETRACK OPTION=LOAD
$ COMI 'C:\Users\mzhao\OPERA_miniMSR\lm_with_degaussing_coils.comi'

PREVIEW OPTION=UNPICK REDISPLAY=YES

PREVIEW OPTION=UNPICK REDISPLAY=YES
$ COMI 'C:\Users\mzhao\OPERA_miniMSR\lm_with_degaussing_coils.comi'

PREVIEW OPTION=UNPICK REDISPLAY=YES

PREVIEW OPTION=UNPICK REDISPLAY=YES
$ COMI 'C:\Users\mzhao\OPERA_miniMSR\lm_with_degaussing_coils.comi'

PREVIEW OPTION=UNPICK REDISPLAY=YES

PREVIEW OPTION=UNPICK REDISPLAY=YES
$ COMI 'C:\Users\mzhao\OPERA_miniMSR\lm_with_degaussing_coils.comi'
$ COMI 'C:\Users\mzhao\OPERA_miniMSR\lm_with_degaussing_coils.comi'

PREVIEW OPTION=UNPICK REDISPLAY=YES

PREVIEW OPTION=UNPICK REDISPLAY=YES

PREVIEW OPTION=UNPICK REDISPLAY=YES
$ COMI 'C:\Users\mzhao\OPERA_miniMSR\lm_with_degaussing_coils.comi'
RACETRACK OPTION=LOAD
$ COMI 'C:\Users\mzhao\OPERA_miniMSR\lm_with_degaussing_coils.comi'
$ COMI 'C:\Users\mzhao\OPERA_miniMSR\lm_with_degaussing_coils.comi'
RACETRACK OPTION=LOAD
RACETRACK OPTION=LOAD
RACETRACK OPTION=NEW -KEEP XP1=1 YP1=2 WIDTH=0.01 THICKNESS=5.0E-03 H1=0.31 R1=0.01 INCIRCUIT=NO CIRCUITELEMENT= CURD=1 TOLERANCE=0 DRIVELABEL='Default_Drive' LCNAME='Global coordinate system' XCEN2=0 YCEN2=0 ZCEN2=0 THETA2=0 PHI2=0 PSI2=0 RXY=0 RYZ=0 RZX=0 SYMMETRY=1 MODELCOMPONENT=NO
THREED OPTION=SETVIEW SIZE=0
THREED OPTION=GETVIEW | THREED OPTION=SETVIEW ROTX=90 ROTY=0.0001 ROTZ=0.0001

PREVIEW OPTION=UNPICK REDISPLAY=YES
$ COMI 'C:\Users\mzhao\OPERA_miniMSR\lm_with_degaussing_coils.comi'
$ COMI 'C:\Users\mzhao\OPERA_miniMSR\lm_with_degaussing_coils.comi'

PREVIEW OPTION=UNPICK REDISPLAY=YES

PREVIEW OPTION=UNPICK REDISPLAY=YES
THREED OPTION=SETVIEW SIZE=0
RACETRACK OPTION=LOAD
$ COMI 'C:\Users\mzhao\OPERA_miniMSR\lm_with_degaussing_coils.comi'
$ COMI 'C:\Users\mzhao\OPERA_miniMSR\lm_with_degaussing_coils.comi'
$ COMI 'C:\Users\mzhao\OPERA_miniMSR\lm_with_degaussing_coils.comi'
$ COMI 'C:\Users\mzhao\OPERA_miniMSR\lm_with_degaussing_coils.comi'
SOLVERS SOLVENOW=YES SAVEMODEL=YES, | SOLVERS OPTION=TEST FILE='test_dgcoil' UNITS=METRE ELEMENT=MIXED SURFACE=CURVED | COMMENT CLEAR=YES TYPE=DBTITLE | SOLVERS OPTION=OVERWRITE
$ COMI 'C:\Users\mzhao\OPERA_miniMSR\lm_with_degaussing_coils.comi'
SOLVERS SOLVENOW=YES SAVEMODEL=YES, | SOLVERS OPTION=TEST FILE='test_dgcoil' UNITS=METRE ELEMENT=MIXED SURFACE=CURVED | COMMENT CLEAR=YES TYPE=DBTITLE | SOLVERS OPTION=OVERWRITE
MODEL DELETE
$ COMI 'C:\Users\mzhao\OPERA_miniMSR\lm_with_degaussing_coils.comi'
SOLVERS SOLVENOW=YES SAVEMODEL=YES, | SOLVERS OPTION=TEST FILE='test_dgcoil' UNITS=METRE ELEMENT=MIXED SURFACE=CURVED | COMMENT CLEAR=YES TYPE=DBTITLE | SOLVERS OPTION=OVERWRITE
$ COMI 'C:\Users\mzhao\OPERA_miniMSR\lm_with_degaussing_coils.comi'
SOLVERS SOLVENOW=YES SAVEMODEL=YES, | SOLVERS OPTION=TEST FILE='test_dgcoil' UNITS=METRE ELEMENT=MIXED SURFACE=CURVED | COMMENT CLEAR=YES TYPE=DBTITLE | SOLVERS OPTION=OVERWRITE
MODEL DELETE
FILTER TYPE=BODY
FILTER TYPE=BODY
PREVIEW OPTION=PICK | PICK OPTION=ADD PROPERTY=UniqueName LABEL='AirBlockOut'

PREVIEW OPTION=ACCEPT REDISPLAY=NO |  DELETE REGULARIZE=YES EXTERNAL=NO
MULTIPHYSICS OPTION=RESET
ANALYSISDATA OPTION=ACTIVATE PROGRAM=MULTIPHYSICS
MULTIPHYSICS OPTION=ADD TYPE=TOSCACURRENT
MULTIPHYSICS OPTION=ADD TYPE=TOSCAMAGN
ANALYSISDATA OPTION=ACTIVATE STAGE=1
ANALYSISDATA OPTION=SET PROGRAM=TOSCACURRENT LDACTIVE=NO LINEAR=NO NITERATIONS=21 NLITERTYPE=NEWTON TOLERANCE=0.001 USEDEFORMEDMESH=NO USEDIRECTSOLVER=NO
ANALYSISDATA OPTION=SET PROGRAM=MULTIPHYSICS
ANALYSISDATA OPTION=ACTIVATE STAGE=2
DBCASEDATA PROGRAM=MULTIPHYSICSACTIVESTAGE OPTION=INSERT VALUE=1 INDEX=1
ANALYSISDATA OPTION=SET PROGRAM=TOSCAMAGN HX=0 HY=0 HZ=0 LINEAR=NO NITERATIONS=21 NLITERTYPE=NEWTON POTENTIALCUT=YES RHS=ADAPTIVE SCALEDRIVE=ALL TOLERANCE=0.0001 USEDEFORMEDMESH=NO USEDIRECTSOLVER=NO
ANALYSISDATA OPTION=SET PROGRAM=MULTIPHYSICS
MODEL CREATE
MESH GENERATOR=AUTOMATIC SIZE=0.1 NORMALTOL=30.0 SURFACETOL=0.0 TOLERANCE=1.0E-06 TYPE=PREFERTETRA
FILL TOL=1.0E-06
SOLVERS SOLVENOW=YES SAVEMODEL=YES, | SOLVERS OPTION=TEST FILE='test_dgcoil.op3' UNITS=METRE ELEMENT=MIXED SURFACE=CURVED | COMMENT CLEAR=YES TYPE=DBTITLE | SOLVERS OPTION=OVERWRITE
MODEL DELETE
$string yesorno YES
CLEAR REVERT=NO
THREED XORIGIN=0 YORIGIN=0 ZORIGIN=0 ROTX=0 ROTY=0 ROTZ=0 XASPECT=1 YASPECT=1 ZASPECT=1 SIZE=0 FACETANGLE=5 PERSPECTIVE=YES LINECOLOUR=YES OPTION=SETVIEW

////////////////////////////////////////////////////////////
/ Constants
////////////////////////////////////////////////////////////
//Data Storage Levels
/ mumetal
VARIABLE OPTION=PARAMETER, NAME=#mu_DSL, Value=500, DESCRIPTION='data storage level for mumetal'
/ air (total potential)
VARIABLE OPTION=PARAMETER, NAME=#air_tot_DSL, Value=200, DESCRIPTION='data storage level for total potential air'
/ air (reduced potential)
VARIABLE OPTION=PARAMETER, NAME=#air_red_DSL, Value=100, DESCRIPTION='data storage level for reduced potential air'

/// meshing parameters
// max element size (MES)
/ flat mumetal
VARIABLE OPTION=PARAMETER, NAME=#mu_flat_MES, Value=0.03, DESCRIPTION='maximum element size for flat mumetal'
/ bent mumetal
VARIABLE OPTION=PARAMETER, NAME=#mu_bent_MES, Value=0.03, DESCRIPTION='maximum element size for bent mumetal'
/ air (total potential)
VARIABLE OPTION=PARAMETER, NAME=#air_tot_MES, Value=0.01, DESCRIPTION='maximum element size for total potential air'
/ air (reduced potential)
VARIABLE OPTION=PARAMETER, NAME=#air_red_MES, Value=0.01, DESCRIPTION='maximum element size for reduced potential air'

// maximum angle between elements (MAbE)
/ flat mumetal
VARIABLE OPTION=PARAMETER, NAME=#mu_flat_MAbE, Value=30, DESCRIPTION='maximum angle between elements for flat mumetal'
/ bent mumetal
VARIABLE OPTION=PARAMETER, NAME=#mu_bent_MAbE, Value=30, DESCRIPTION='maximum angle between elements for bent mumetal'
/ air
VARIABLE OPTION=PARAMETER, NAME=#air_MAbE, Value=30, DESCRIPTION='maximum angle between elements for air'

////////////////////////////////////////////////////////////
/ Modelling
////////////////////////////////////////////////////////////

//// Inner Layer

/ load structural step file
LOAD OPTION=INSERT FILE='stpfiles//inner_layer.STEP'

RACETRACK OPTION=LOAD
RACETRACK OPTION=NEW -KEEP XP1=0.01 YP1=0.015 WIDTH=0.01 THICKNESS=0.005 H1=0.31 R1=0.01 INCIRCUIT=NO CIRCUITELEMENT= CURD=1000000 TOLERANCE=0 DRIVELABEL='Default_Drive' LCNAME='Global coordinate system' XCEN2=0.3214 YCEN2=0 ZCEN2=0.3214 THETA2=90 PHI2=90 PSI2=45 RXY=0 RYZ=0 RZX=0 SYMMETRY=1
SKETCH OBJECT=BLOCK +COMPLETE
CLEAR REVERT=NO
YES
LOAD OPTION=INSERT FILE='stpfiles//inner_layer.STEP'

SKETCH OBJECT=BLOCK +COMPLETE

SKETCH OBJECT=WIREEDGE +COMPLETE
PREVIEW OPTION=START REDISPLAY=NO | WIREEDGE Name='WireEdge' X0=0.3214 Y0=1 Z0=0.3214 X1=0.3214 Y1=-1 Z1=0.3214 EDGETYPE=STRAIGHT
PREVIEW OPTION=END REDISPLAY=NO |  WIREEDGE CONTINUE=TESTCLOSE Name='WireEdge' X0=0.3214 Y0=1 Z0=0.3214 X1=0.3214 Y1=-1 Z1=0.3214 EDGETYPE=STRAIGHT
RACETRACK OPTION=LOAD
RACETRACK OPTION=NEW -KEEP XP1=0.001 YP1=0.001 WIDTH=0.003 THICKNESS=0.001 H1=0.3 R1=0.001 INCIRCUIT=NO CIRCUITELEMENT= CURD=1000000 TOLERANCE=TOLERANCE DRIVELABEL='Default_Drive' LCNAME='Global coordinate system' XCEN2=0.3214 YCEN2=0 ZCEN2=0.3214 THETA2=90 PHI2=90 PSI2=45 RXY=0 RYZ=0 RZX=0 SYMMETRY=1 MODELCOMPONENT=NO
PICK OPTION=RESET
FILTER TYPE=BODY
PREVIEW OPTION=PICK | PICK OPTION=ADD PROPERTY=UniqueName LABEL='Unnamed:AAA-001'

PREVIEW OPTION=UNPICK REDISPLAY=YES
PREVIEW OPTION=PICK | PICK OPTION=ADD PROPERTY=UniqueName LABEL='Unnamed:AAA-017'

PREVIEW OPTION=UNPICK REDISPLAY=YES
FILTER COMMAND=CURSORHIDE
PREVIEW OPTION=PICK | PICK OPTION=ADD PROPERTY=UniqueName LABEL='Unnamed:AAA-001'

PREVIEW OPTION=UNPICK REDISPLAY=YES
SELECT OPTION=CURSORHIDE PROPERTY=UniqueName LABEL='Unnamed:AAA-001'
SELECT OPTION=CURSORHIDE PROPERTY=UniqueName LABEL='Unnamed:AAA-017'
SELECT OPTION=CURSORHIDE PROPERTY=UniqueName LABEL='Unnamed:AAA-002'
SELECT OPTION=CURSORHIDE PROPERTY=UniqueName LABEL='Unnamed:AAA-006'
SELECT OPTION=CURSORHIDE PROPERTY=UniqueName LABEL='Unnamed:AAA-009'
SELECT OPTION=CURSORHIDE PROPERTY=UniqueName LABEL='Unnamed:AAA-005'
SELECT OPTION=UNHIDE
$string yesorno YES
CLEAR REVERT=NO
YES
/ load structural step file
LOAD OPTION=INSERT FILE='stpfiles//inner_layer.STEP'

RACETRACK OPTION=LOAD
ACETRACK OPTION=NEW -KEEP XP1=0.001 YP1=0.001 WIDTH=0.003 THICKNESS=0.001 H1=0.313 R1=0.001 INCIRCUIT=NO CIRCUITELEMENT= CURD=1000000 TOLERANCE=TOLERANCE DRIVELABEL='Default_Drive' LCNAME='Global coordinate system' XCEN2=0.3214 YCEN2=0 ZCEN2=0.3214 THETA2=90 PHI2=90 PSI2=45 RXY=0 RYZ=0 RZX=0 SYMMETRY=1 MODELCOMPONENT=NO
CLEAR REVERT=NO
YES
LOAD OPTION=INSERT FILE='stpfiles//inner_layer.STEP'

RACETRACK OPTION=LOAD
RACETRACK OPTION=NEW -KEEP XP1=0.001 YP1=0.001 WIDTH=0.003 THICKNESS=0.001 H1=0.313 R1=0.001 INCIRCUIT=NO CIRCUITELEMENT= CURD=1000000 TOLERANCE=TOLERANCE DRIVELABEL='Default_Drive' LCNAME='Global coordinate system' XCEN2=0.3214 YCEN2=0 ZCEN2=0.3214 THETA2=90 PHI2=90 PSI2=45 RXY=0 RYZ=0 RZX=0 SYMMETRY=1 MODELCOMPONENT=NO

PREVIEW OPTION=UNPICK REDISPLAY=YES
CLEAR REVERT=NO
yes
LOAD OPTION=INSERT FILE='stpfiles//inner_layer.STEP'

RACETRACK OPTION=LOAD
RACETRACK OPTION=NEW -KEEP XP1=0.001 YP1=0.001 WIDTH=0.001 THICKNESS=0.003 H1=0.313 R1=0.001 INCIRCUIT=NO CIRCUITELEMENT= CURD=1000000 TOLERANCE=TOLERANCE DRIVELABEL='Default_Drive' LCNAME='Global coordinate system' XCEN2=0.3214 YCEN2=0 ZCEN2=0.3214 THETA2=90 PHI2=90 PSI2=45 RXY=0 RYZ=0 RZX=0 SYMMETRY=1 MODELCOMPONENT=NO
CLEAR REVERT=NO
yes
LOAD OPTION=INSERT FILE='stpfiles//inner_layer.STEP'

RACETRACK OPTION=LOAD
RACETRACK OPTION=NEW -KEEP XP1=0.001 YP1=0.001 WIDTH=0.001 THICKNESS=0.003 H1=0.313 R1=0.002 INCIRCUIT=NO CIRCUITELEMENT= CURD=1000000 TOLERANCE=TOLERANCE DRIVELABEL='Default_Drive' LCNAME='Global coordinate system' XCEN2=0.3214 YCEN2=0 ZCEN2=0.3214 THETA2=90 PHI2=90 PSI2=45 RXY=0 RYZ=0 RZX=0 SYMMETRY=1 MODELCOMPONENT=NO
RACETRACK OPTION=LOAD
RACETRACK OPTION=NEW -KEEP XP1=0.001 YP1=0.001 WIDTH=0.001 THICKNESS=0.003 H1=0.313 R1=0.002 INCIRCUIT=NO CIRCUITELEMENT= CURD=1000000 TOLERANCE=TOLERANCE DRIVELABEL='Default_Drive' LCNAME='Global coordinate system' XCEN2=0.3214 YCEN2=0 ZCEN2=0.3214 THETA2=90 PHI2=90 PSI2=45 RXY=0 RYZ=0 RZX=0 SYMMETRY=1 MODELCOMPONENT=NO
RACETRACK OPTION=NEW -KEEP XP1=0.002 YP1=0.001 WIDTH=0.001 THICKNESS=0.003 H1=0.313 R1=0.002 INCIRCUIT=NO CIRCUITELEMENT= CURD=1000000 TOLERANCE=TOLERANCE DRIVELABEL='Default_Drive' LCNAME='Global coordinate system' XCEN2=0.3214 YCEN2=0 ZCEN2=0.3214 THETA2=90 PHI2=90 PSI2=45 RXY=0 RYZ=0 RZX=0 SYMMETRY=1 MODELCOMPONENT=NO
CLEAR REVERT=NO
yes
LOAD OPTION=INSERT FILE='stpfiles//inner_layer.STEP'

RACETRACK OPTION=LOAD
RACETRACK OPTION=NEW -KEEP XP1=0.003 YP1=0.001 WIDTH=0.001 THICKNESS=0.003 H1=0.313 R1=0.001 INCIRCUIT=NO CIRCUITELEMENT= CURD=1000000 TOLERANCE=TOLERANCE DRIVELABEL='Default_Drive' LCNAME='Global coordinate system' XCEN2=0.3214 YCEN2=0 ZCEN2=0.3214 THETA2=90 PHI2=90 PSI2=45 RXY=0 RYZ=0 RZX=0 SYMMETRY=1 MODELCOMPONENT=NO
$ COMI 'C:\Users\mzhao\OPERA_miniMSR\lm_with_degaussing_coils.comi'
$ COMI 'C:\Users\mzhao\OPERA_miniMSR\lm_with_degaussing_coils.comi'
$ COMI 'C:\Users\mzhao\OPERA_miniMSR\lm_with_degaussing_coils.comi'
SOLVERS SOLVENOW=YES SAVEMODEL=YES, | SOLVERS OPTION=TEST FILE='test_dgcoil' UNITS=METRE ELEMENT=MIXED SURFACE=CURVED | COMMENT CLEAR=YES TYPE=DBTITLE | SOLVERS OPTION=OVERWRITE
MULTIPHYSICS OPTION=RESET
ANALYSISDATA OPTION=SET PROGRAM=TOSCAMAGN HX=0 HY=0 HZ=0 LINEAR=NO NITERATIONS=21 NLITERTYPE=NEWTON POTENTIALCUT=YES RHS=ADAPTIVE SCALEDRIVE=Default_Drive TOLERANCE=0.001 USEDEFORMEDMESH=NO USEDIRECTSOLVER=NO
MULTIPHYSICS OPTION=RESET
ANALYSISDATA OPTION=SET PROGRAM=TOSCAMAGN HX=0 HY=0 HZ=0 LINEAR=NO NITERATIONS=21 NLITERTYPE=NEWTON POTENTIALCUT=YES RHS=ADAPTIVE SCALEDRIVE=Default_Drive TOLERANCE=0.001 USEDEFORMEDMESH=NO USEDIRECTSOLVER=NO
SOLVERS SOLVENOW=YES SAVEMODEL=YES, | SOLVERS OPTION=TEST FILE='test_dgcoil.op3' UNITS=METRE ELEMENT=MIXED SURFACE=CURVED | COMMENT CLEAR=YES TYPE=DBTITLE | SOLVERS OPTION=OVERWRITE
$ CURD
CURD ?
? CURD
! CURD
$TOOLBUTTON ACTION=INIT POSITION=0
RACETRACK OPTION=LOAD
RACETRACK OPTION=NEW -KEEP XP1=3.0E-03 YP1=1.0E-03 WIDTH=1.0E-03 THICKNESS=3.0E-03 H1=0.313 R1=1.0E-03 INCIRCUIT=NO CIRCUITELEMENT= CURD=1.0E+06 TOLERANCE=1.0E-03 DRIVELABEL='Default_Drive' LCNAME='Global coordinate system' XCEN2=-0.3214 YCEN2=0 ZCEN2=-0.3214 THETA2=90 PHI2=90 PSI2=45 RXY=0 RYZ=0 RZX=0 SYMMETRY=1
$ AREA
$ COMI 'C:\Users\mzhao\OPERA_miniMSR\lm_with_degaussing_coils.comi'
SOLVERS SOLVENOW=YES SAVEMODEL=YES, | SOLVERS OPTION=TEST FILE='test_dgcoil' UNITS=METRE ELEMENT=MIXED SURFACE=CURVED | COMMENT CLEAR=YES TYPE=DBTITLE | SOLVERS OPTION=OVERWRITE
RACETRACK OPTION=LOAD
$ COMI 'C:\Users\mzhao\OPERA_miniMSR\lm_with_degaussing_coils.comi'
SOLVERS SOLVENOW=YES SAVEMODEL=YES, | SOLVERS OPTION=TEST FILE='test_dgcoil' UNITS=METRE ELEMENT=MIXED SURFACE=CURVED | COMMENT CLEAR=YES TYPE=DBTITLE | SOLVERS OPTION=OVERWRITE
