/ Opera-3d Modeller
/ Opera 2021 SP3 [Build 3]
/ Started: 29/May/2024 10:38:43
/ Node: UCNENG01. Processor: Intel64 Family 6 Model 42 Stepping 7, GenuineIntel. System: Windows 10 Version 2009 windows (10.0.19045)

$ COMI 'C:\Users\mzhao\OPERA_miniMSR\layer_meshing_version.comi'
FILTER COMMAND=CURSORHIDE
SELECT OPTION=CURSORHIDE TYPE=FACE UNIQUEBODYNAME='inner_back' IDENTIFIER=A.00009
SELECT OPTION=CURSORHIDE TYPE=FACE UNIQUEBODYNAME='inner_back' IDENTIFIER=A.00010
FILTER COMMAND=PICK
PREVIEW OPTION=PICK | PICK OPTION=ADD TYPE=FACE UNIQUEBODYNAME='inner_right' IDENTIFIER=A.00010

PREVIEW OPTION=UNPICK REDISPLAY=YES
$ COMI 'C:\Users\mzhao\OPERA_miniMSR\layer_meshing_version.comi'
MODEL CREATE
MODEL DELETE
BACKGROUND OPTION=LOAD
BACKGROUND OPTION=SET SHAPE=BLOCK SCALEX=3 SCALEY=3 SCALEZ=3   XYSYMMETRYPLANE=NO YZSYMMETRYPLANE=YES ROTZNUM=1 ZXSYMMETRYPLANE=YES EMRYZ=TANGMAGN EMRZX=NORMMAGN
$OS OPERAPOST BACK '&VF_LASTANLFILE&'
MODEL CREATE
MESH GENERATOR=AUTOMATIC SIZE=0.1 NORMALTOL=30.0 SURFACETOL=0.0 TOLERANCE=1.0E-06 TYPE=PREFERTETRA

PREVIEW OPTION=UNPICK REDISPLAY=YES
FILL TOL=1.0E-06
MODEL DELETE
MODEL CREATE
MESH GENERATOR=AUTOMATIC SIZE=0.1 NORMALTOL=30.0 SURFACETOL=0.0 TOLERANCE=1.0E-06 TYPE=MOSAIC
FILL TOL=1.0E-06
SOLVERS SOLVENOW=NO SAVEMODEL=YES, | SOLVERS OPTION=TEST FILE='layer_mesh' UNITS=METRE ELEMENT=MIXED SURFACE=CURVED | COMMENT CLEAR=YES TYPE=DBTITLE | SOLVERS OPTION=OVERWRITE
MULTIPHYSICS OPTION=RESET
ANALYSISDATA OPTION=SET PROGRAM=TOSCAMAGN HX=0 HY=50 HZ=0 LINEAR=NO NITERATIONS=21 NLITERTYPE=NEWTON POTENTIALCUT=YES RHS=ADAPTIVE SCALEDRIVE=ALL TOLERANCE=0.001 USEDEFORMEDMESH=NO USEDIRECTSOLVER=NO
SOLVERS SOLVENOW=NO SAVEMODEL=YES, | SOLVERS OPTION=TEST FILE='layer_mesh.op3' UNITS=METRE ELEMENT=MIXED SURFACE=CURVED | COMMENT CLEAR=YES TYPE=DBTITLE | SOLVERS OPTION=OVERWRITE
BACKGROUND OPTION=LOAD
MODEL DELETE
$ COMI 'C:\Users\mzhao\OPERA_miniMSR\layer_meshing_version.comi'
MODEL CREATE
$ COMI 'C:\Users\mzhao\OPERA_miniMSR\layer_meshing_version.comi'
MULTIPHYSICS OPTION=RESET
ANALYSISDATA OPTION=SET PROGRAM=TOSCAMAGN HX=0 HY=50 HZ=0 LINEAR=NO NITERATIONS=21 NLITERTYPE=NEWTON POTENTIALCUT=YES RHS=ADAPTIVE SCALEDRIVE=ALL TOLERANCE=0.001 USEDEFORMEDMESH=NO USEDIRECTSOLVER=NO
MESH GENERATOR=AUTOMATIC SIZE=0.1 NORMALTOL=30.0 SURFACETOL=0.0 TOLERANCE=1.0E-06 TYPE=MOSAIC
FILL TOL=1.0E-06

PREVIEW OPTION=UNPICK REDISPLAY=YES
!CHECK
CHECK !
CHECK LEVEL=HIGH REPAIR=YES
FILTER TYPE=BODY
PREVIEW OPTION=PICK | PICK OPTION=ADD PROPERTY=UniqueName LABEL='ModelBody'

PREVIEW OPTION=ACCEPT REDISPLAY=NO |  CHECK LEVEL=HIGH
| PICK OPTION=RESET
PREVIEW OPTION=PICK | PICK OPTION=ADD PROPERTY=UniqueName LABEL='ModelBody'

PREVIEW OPTION=UNPICK REDISPLAY=YES
MODEL DELETE
PREVIEW OPTION=PICK | PICK OPTION=ADD PROPERTY=UniqueName LABEL='outer_top'

PREVIEW OPTION=ACCEPT REDISPLAY=NO |  CHECK LEVEL=HIGH REPAIR=YES
PREVIEW OPTION=PICK | PICK OPTION=ADD PROPERTY=UniqueName LABEL='outer_back'

PREVIEW OPTION=ACCEPT REDISPLAY=NO |  CHECK LEVEL=HIGH REPAIR=YES
PREVIEW OPTION=PICK | PICK OPTION=ADD PROPERTY=UniqueName LABEL='outer_brkt_back_top'

PREVIEW OPTION=ACCEPT REDISPLAY=NO |  CHECK LEVEL=HIGH REPAIR=YES
FILTER TYPE=BODY
FILTER COMMAND=CURSORHIDE
SELECT OPTION=CURSORHIDE PROPERTY=UniqueName LABEL='outer_right'
SELECT OPTION=CURSORHIDE PROPERTY=UniqueName LABEL='Unnamed:AAB-010'
SELECT OPTION=CURSORHIDE PROPERTY=UniqueName LABEL='inner_right'
FILTER COMMAND=PICK
PREVIEW OPTION=PICK | PICK OPTION=ADD PROPERTY=UniqueName LABEL='inner_brkt_front_left'

PREVIEW OPTION=ACCEPT REDISPLAY=NO |  CHECK LEVEL=HIGH REPAIR=YES
PREVIEW OPTION=PICK | PICK OPTION=ADD PROPERTY=UniqueName LABEL='inner_brkt_front_top'

PREVIEW OPTION=ACCEPT REDISPLAY=NO |  CHECK LEVEL=HIGH REPAIR=YES
PREVIEW OPTION=PICK | PICK OPTION=ADD PROPERTY=UniqueName LABEL='inner_front'

PREVIEW OPTION=ACCEPT REDISPLAY=NO |  CHECK LEVEL=HIGH REPAIR=YES
$ COMI 'C:\Users\mzhao\OPERA_miniMSR\layer_meshing_version.comi'
PREVIEW OPTION=PICK | PICK OPTION=ADD PROPERTY=UniqueName LABEL='Unnamed:AAA-026'

PREVIEW OPTION=UNPICK REDISPLAY=YES
