/ Opera-3d Modeller
/ Opera 2021 SP3 [Build 3]
/ Started: 29/May/2024 10:01:05
/ Node: UCNENG01. Processor: Intel64 Family 6 Model 42 Stepping 7, GenuineIntel. System: Windows 10 Version 2009 windows (10.0.19045)

$ COMI 'C:\Users\mzhao\OPERA_miniMSR\mesh_test.comi'

PREVIEW OPTION=UNPICK REDISPLAY=YES
FILTER TYPE=FACE
PREVIEW OPTION=PICK | PICK OPTION=ADD TYPE=FACE UNIQUEBODYNAME='Unnamed:AAA-002' IDENTIFIER=A.00010

PREVIEW OPTION=ACCEPT REDISPLAY=NO |  FACEDATA OPTION=MODIFY ELEMENTTYPE=Linear FORMETHOD=NONE BACKMETHOD=GEOMETRY BACKLAYERS=2 BACKOFFSET=0.75
PREVIEW OPTION=PICK | PICK OPTION=ADD TYPE=FACE UNIQUEBODYNAME='Unnamed:AAA-001' IDENTIFIER=A.00006

PREVIEW OPTION=ACCEPT REDISPLAY=NO |  FACEDATA OPTION=MODIFY ELEMENTTYPE=Linear FORMETHOD=NONE BACKMETHOD=GEOMETRY BACKLAYERS=2 BACKOFFSET=0.75
PREVIEW OPTION=PICK | PICK OPTION=ADD TYPE=FACE UNIQUEBODYNAME='Unnamed:AAA-001' IDENTIFIER=A.00013

PREVIEW OPTION=ACCEPT REDISPLAY=NO |  FACEDATA OPTION=MODIFY ELEMENTTYPE=Linear FORMETHOD=NONE BACKMETHOD=GEOMETRY BACKLAYERS=2 BACKOFFSET=0.75
PREVIEW OPTION=PICK | PICK OPTION=ADD TYPE=FACE UNIQUEBODYNAME='Unnamed:AAA-001' IDENTIFIER=A.00018

PREVIEW OPTION=ACCEPT REDISPLAY=NO |  FACEDATA OPTION=MODIFY ELEMENTTYPE=Linear FORMETHOD=NONE BACKMETHOD=GEOMETRY BACKLAYERS=2 BACKOFFSET=0.75
MODEL CREATE
MESH GENERATOR=AUTOMATIC SIZE=10.0 NORMALTOL=30.0 SURFACETOL=0.0 TOLERANCE=1.0E-06 TYPE=PREFERTETRA
FILL TOL=1.0E-06
MODEL DELETE
PREVIEW OPTION=PICK | PICK OPTION=ADD TYPE=FACE UNIQUEBODYNAME='Unnamed:AAA-001' IDENTIFIER=A.00013

PREVIEW OPTION=ACCEPT REDISPLAY=NO |  FACEDATA OPTION=MODIFY ELEMENTTYPE=Quadratic FORMETHOD=NONE BACKMETHOD=GEOMETRY BACKLAYERS=2 BACKOFFSET=0.75
MODEL CREATE
MESH GENERATOR=AUTOMATIC SIZE=10.0 NORMALTOL=30.0 SURFACETOL=0.0 TOLERANCE=1.0E-06 TYPE=PREFERTETRA
FILL TOL=1.0E-06
MODEL DELETE
BACKGROUND OPTION=LOAD
BACKGROUND OPTION=SET SHAPE=BLOCK SCALEX=1 SCALEY=1 SCALEZ=1   XYSYMMETRYPLANE=NO YZSYMMETRYPLANE=NO ZXSYMMETRYPLANE=NO ROTZNUM=1
MODEL CREATE
MESH GENERATOR=AUTOMATIC SIZE=10.0 NORMALTOL=30.0 SURFACETOL=0.0 TOLERANCE=1.0E-06 TYPE=PREFERTETRA
FILL TOL=1.0E-06
$ COMI 'C:\Users\mzhao\OPERA_miniMSR\layer_meshing_version.comi'
FILTER COMMAND=CURSORHIDE
SELECT OPTION=CURSORHIDE TYPE=FACE UNIQUEBODYNAME='inner_back' IDENTIFIER=A.00009
SELECT OPTION=CURSORHIDE TYPE=FACE UNIQUEBODYNAME='inner_back' IDENTIFIER=A.00010
FILTER COMMAND=PICK
PREVIEW OPTION=PICK | PICK OPTION=ADD TYPE=FACE UNIQUEBODYNAME='inner_brkt_front_right' IDENTIFIER=A.00018

PREVIEW OPTION=ACCEPT REDISPLAY=NO |  FACEDATA OPTION=MODIFY ELEMENTTYPE=Linear FORMETHOD=NONE BACKMETHOD=GEOMETRY BACKLAYERS=2 BACKOFFSET=0.00075
PREVIEW OPTION=PICK | PICK OPTION=ADD TYPE=FACE UNIQUEBODYNAME='inner_brkt_front_right' IDENTIFIER=A.00013

PREVIEW OPTION=ACCEPT REDISPLAY=NO |  FACEDATA OPTION=MODIFY ELEMENTTYPE=Quadratic FORMETHOD=NONE BACKMETHOD=GEOMETRY BACKLAYERS=2 BACKOFFSET=0.00075
PREVIEW OPTION=PICK | PICK OPTION=ADD TYPE=FACE UNIQUEBODYNAME='inner_brkt_front_right' IDENTIFIER=A.00006

PREVIEW OPTION=ACCEPT REDISPLAY=NO |  FACEDATA OPTION=MODIFY ELEMENTTYPE=Linear FORMETHOD=NONE BACKMETHOD=GEOMETRY BACKLAYERS=2 BACKOFFSET=0.00075
PREVIEW OPTION=PICK | PICK OPTION=ADD TYPE=FACE UNIQUEBODYNAME='inner_brkt_front_right' IDENTIFIER=A.00013

PREVIEW OPTION=ACCEPT REDISPLAY=NO |  FACEDATA OPTION=MODIFY ELEMENTTYPE=Quadratic FORMETHOD=NONE BACKMETHOD=GEOMETRY BACKLAYERS=2 BACKOFFSET=0.00075
PREVIEW OPTION=PICK | PICK OPTION=ADD TYPE=FACE UNIQUEBODYNAME='inner_front' IDENTIFIER=A.00006

SELECT OPTION=DEFAULT
PICK OPTION=TOGGLE TYPE=FACE UNIQUEBODYNAME='inner_back' IDENTIFIER=A.00009
PICK OPTION=TOGGLE TYPE=FACE UNIQUEBODYNAME='inner_back' IDENTIFIER=A.00009
PREVIEW OPTION=PICK | PICK OPTION=ADD TYPE=FACE UNIQUEBODYNAME='inner_back' IDENTIFIER=A.00009

PREVIEW OPTION=UNPICK REDISPLAY=YES
