/ Opera-3d Modeller
/ Opera 2020 SP3 [Build 2]
/ Started: 17/May/2024 10:50:26
/ Node: TUCAN-MAGPC. Processor: Intel64. System: Windows 10

$ COMI 'C:\Users\mzhao\OPERA_miniMSR\test.comi'
PREVIEW OPTION=PICK | PICK OPTION=ADD TYPE=FACE UNIQUEBODYNAME='Unnamed:AAA-019' IDENTIFIER=A.00007

PREVIEW OPTION=UNPICK REDISPLAY=YES
$ COMI 'C:\Users\mzhao\OPERA_miniMSR\test.comi'
WINDOW OUTLINE=NO
WINDOW OUTLINE=YES
WINDOW SOLID=NO
WINDOW OUTLINE=NO
WINDOW OUTLINE=YES
$ COMI 'C:\Users\mzhao\OPERA_miniMSR\test.comi'
$ COMI 'C:\Users\mzhao\OPERA_miniMSR\test.comi'
$ COMI 'C:\Users\mzhao\OPERA_miniMSR\test.comi'
$ COMI 'C:\Users\mzhao\OPERA_miniMSR\test.comi'
$ COMI 'C:\Users\mzhao\OPERA_miniMSR\test.comi'
THREED OPTION=SETVIEW SIZE=0
$ COMI 'C:\Users\mzhao\OPERA_miniMSR\test.comi'
WINDOW SOLID=NO
WINDOW SOLID=YES
FILTER COMMAND=CURSORHIDE
FILTER TYPE=FACE
PREVIEW OPTION=PICK | PICK OPTION=ADD TYPE=FACE UNIQUEBODYNAME='Unnamed:AAA-017' IDENTIFIER=A.00009

PREVIEW OPTION=UNPICK REDISPLAY=YES
PREVIEW OPTION=PICK | PICK OPTION=ADD TYPE=FACE UNIQUEBODYNAME='Unnamed:AAA-017' IDENTIFIER=A.00009

PREVIEW OPTION=UNPICK REDISPLAY=YES
SELECT OPTION=CURSORHIDE TYPE=FACE UNIQUEBODYNAME='Unnamed:AAA-017' IDENTIFIER=A.00009
SELECT OPTION=CURSORHIDE TYPE=FACE UNIQUEBODYNAME='Unnamed:AAA-017' IDENTIFIER=A.00010
UNDO
FILTER TYPE=BODY
FILTER COMMAND=PICK
PREVIEW OPTION=PICK | PICK OPTION=ADD PROPERTY=UniqueName LABEL='inner_layer'

PREVIEW OPTION=UNPICK REDISPLAY=YES
PREVIEW OPTION=PICK | PICK OPTION=ADD PROPERTY=UniqueName LABEL='inner_layer'

PREVIEW OPTION=UNPICK REDISPLAY=YES
FILTER TYPE=FACE
PREVIEW OPTION=PICK | PICK OPTION=ADD TYPE=FACE UNIQUEBODYNAME='inner_layer' IDENTIFIER=A.00007

PREVIEW OPTION=UNPICK REDISPLAY=YES
PREVIEW OPTION=PICK | PICK OPTION=ADD TYPE=FACE UNIQUEBODYNAME='Unnamed:AAA-018' IDENTIFIER=A.00009

PREVIEW OPTION=UNPICK REDISPLAY=YES
PREVIEW OPTION=PICK | PICK OPTION=ADD TYPE=FACE UNIQUEBODYNAME='Unnamed:AAA-010' IDENTIFIER=A.00009

PREVIEW OPTION=UNPICK REDISPLAY=YES
PREVIEW OPTION=PICK | PICK OPTION=ADD TYPE=FACE UNIQUEBODYNAME='Unnamed:AAA-010' IDENTIFIER=A.00009

PREVIEW OPTION=UNPICK REDISPLAY=YES
PREVIEW OPTION=PICK | PICK OPTION=ADD TYPE=FACE UNIQUEBODYNAME='Unnamed:AAA-018' IDENTIFIER=A.00009

PREVIEW OPTION=UNPICK REDISPLAY=YES
PREVIEW OPTION=PICK | PICK OPTION=ADD TYPE=FACE UNIQUEBODYNAME='Unnamed:AAA-017' IDENTIFIER=A.00009

PREVIEW OPTION=UNPICK REDISPLAY=YES
PREVIEW OPTION=PICK | PICK OPTION=ADD TYPE=FACE UNIQUEBODYNAME='inner_layer' IDENTIFIER=A.00007

PREVIEW OPTION=UNPICK REDISPLAY=YES
PREVIEW OPTION=PICK | PICK OPTION=ADD TYPE=FACE UNIQUEBODYNAME='Unnamed:AAA-007' IDENTIFIER=A.00009

PREVIEW OPTION=UNPICK REDISPLAY=YES
PREVIEW OPTION=PICK | PICK OPTION=ADD TYPE=FACE UNIQUEBODYNAME='Unnamed:AAA-017' IDENTIFIER=A.00009

PREVIEW OPTION=UNPICK REDISPLAY=YES
PREVIEW OPTION=PICK | PICK OPTION=ADD TYPE=FACE UNIQUEBODYNAME='Unnamed:AAA-004' IDENTIFIER=A.00010

PREVIEW OPTION=UNPICK REDISPLAY=YES
PREVIEW OPTION=PICK | PICK OPTION=ADD TYPE=FACE UNIQUEBODYNAME='Unnamed:AAA-004' IDENTIFIER=A.00010

PREVIEW OPTION=UNPICK REDISPLAY=YES
PREVIEW OPTION=PICK | PICK OPTION=ADD TYPE=FACE UNIQUEBODYNAME='Unnamed:AAA-004' IDENTIFIER=A.00010

PREVIEW OPTION=UNPICK REDISPLAY=YES
PREVIEW OPTION=PICK | PICK OPTION=ADD TYPE=FACE UNIQUEBODYNAME='Unnamed:AAA-017' IDENTIFIER=A.00009

PREVIEW OPTION=UNPICK REDISPLAY=YES
PREVIEW OPTION=PICK | PICK OPTION=ADD TYPE=FACE UNIQUEBODYNAME='Unnamed:AAA-010' IDENTIFIER=A.00009

PREVIEW OPTION=UNPICK REDISPLAY=YES
PREVIEW OPTION=PICK | PICK OPTION=ADD TYPE=FACE UNIQUEBODYNAME='Unnamed:AAA-017' IDENTIFIER=A.00009

PREVIEW OPTION=UNPICK REDISPLAY=YES
PREVIEW OPTION=PICK | PICK OPTION=ADD TYPE=FACE UNIQUEBODYNAME='Unnamed:AAA-004' IDENTIFIER=A.00010

PREVIEW OPTION=UNPICK REDISPLAY=YES
PREVIEW OPTION=PICK | PICK OPTION=ADD TYPE=FACE UNIQUEBODYNAME='inner_layer' IDENTIFIER=A.00007

PREVIEW OPTION=UNPICK REDISPLAY=YES
$ COMI 'C:\Users\mzhao\OPERA_miniMSR\test.comi'
PREVIEW OPTION=PICK | PICK OPTION=ADD TYPE=FACE UNIQUEBODYNAME='inner_layer' IDENTIFIER=A.00007

PREVIEW OPTION=UNPICK REDISPLAY=YES
FILTER TYPE=FACE
FILTER TYPE=FACE
PREVIEW OPTION=PICK | PICK OPTION=ADD TYPE=FACE UNIQUEBODYNAME='inner_layer' IDENTIFIER=A.00007

PREVIEW OPTION=UNPICK REDISPLAY=YES
PREVIEW OPTION=PICK | PICK OPTION=ADD TYPE=FACE UNIQUEBODYNAME='Unnamed:AAA-010' IDENTIFIER=A.00009

PREVIEW OPTION=UNPICK REDISPLAY=YES
PREVIEW OPTION=PICK | PICK OPTION=ADD TYPE=FACE UNIQUEBODYNAME='Unnamed:AAA-004' IDENTIFIER=A.00010

PREVIEW OPTION=UNPICK REDISPLAY=YES
PREVIEW OPTION=PICK | PICK OPTION=ADD TYPE=FACE UNIQUEBODYNAME='Unnamed:AAA-004' IDENTIFIER=A.00010

PREVIEW OPTION=UNPICK REDISPLAY=YES
PREVIEW OPTION=PICK | PICK OPTION=ADD TYPE=FACE UNIQUEBODYNAME='Unnamed:AAA-010' IDENTIFIER=A.00009

PREVIEW OPTION=UNPICK REDISPLAY=YES
PREVIEW OPTION=PICK | PICK OPTION=ADD TYPE=FACE UNIQUEBODYNAME='inner_layer' IDENTIFIER=A.00007

PREVIEW OPTION=UNPICK REDISPLAY=YES
PREVIEW OPTION=PICK | PICK OPTION=ADD TYPE=FACE UNIQUEBODYNAME='Unnamed:AAA-004' IDENTIFIER=A.00010

PREVIEW OPTION=UNPICK REDISPLAY=YES
PREVIEW OPTION=PICK | PICK OPTION=ADD TYPE=FACE UNIQUEBODYNAME='Unnamed:AAA-010' IDENTIFIER=A.00009

PREVIEW OPTION=UNPICK REDISPLAY=YES
PREVIEW OPTION=PICK | PICK OPTION=ADD TYPE=FACE UNIQUEBODYNAME='Unnamed:AAA-011' IDENTIFIER=A.00010

PREVIEW OPTION=UNPICK REDISPLAY=YES
PREVIEW OPTION=PICK | PICK OPTION=ADD TYPE=FACE UNIQUEBODYNAME='Unnamed:AAA-005' IDENTIFIER=A.00010

PREVIEW OPTION=UNPICK REDISPLAY=YES
PREVIEW OPTION=PICK | PICK OPTION=ADD TYPE=FACE UNIQUEBODYNAME='Unnamed:AAA-017' IDENTIFIER=A.00009

PREVIEW OPTION=UNPICK REDISPLAY=YES

WINDOW SOLID=NO
WINDOW OUTLINE=NO
WINDOW OUTLINE=YES
WINDOW SOLID=YES
PREVIEW OPTION=PICK | PICK OPTION=ADD TYPE=FACE UNIQUEBODYNAME='inner_layer' IDENTIFIER=A.00007

PREVIEW OPTION=UNPICK REDISPLAY=YES
FILTER TYPE=BODY
PREVIEW OPTION=PICK | PICK OPTION=ADD PROPERTY=UniqueName LABEL='inner_layer'

PREVIEW OPTION=UNPICK REDISPLAY=YES
$ COMI 'C:\Users\mzhao\OPERA_miniMSR\test.comi'
PREVIEW OPTION=PICK | PICK OPTION=ADD TYPE=FACE UNIQUEBODYNAME='Unnamed:AAA-001' IDENTIFIER=A.00007

PREVIEW OPTION=UNPICK REDISPLAY=YES
FILTER TYPE=FACE
PREVIEW OPTION=PICK | PICK OPTION=ADD TYPE=FACE UNIQUEBODYNAME='Unnamed:AAA-001' IDENTIFIER=A.00007

PREVIEW OPTION=UNPICK REDISPLAY=YES

PREVIEW OPTION=UNPICK REDISPLAY=YES
PREVIEW OPTION=PICK | PICK OPTION=ADD TYPE=FACE UNIQUEBODYNAME='Unnamed:AAA-018' IDENTIFIER=A.00009

PREVIEW OPTION=UNPICK REDISPLAY=YES
FILTER COMMAND=CURSORHIDE
PREVIEW OPTION=PICK | PICK OPTION=ADD TYPE=FACE UNIQUEBODYNAME='Unnamed:AAA-018' IDENTIFIER=A.00009

PREVIEW OPTION=UNPICK REDISPLAY=YES
PREVIEW OPTION=PICK | PICK OPTION=ADD TYPE=FACE UNIQUEBODYNAME='Unnamed:AAA-018' IDENTIFIER=A.00009

PREVIEW OPTION=UNPICK REDISPLAY=YES
SELECT OPTION=CURSORHIDE TYPE=FACE UNIQUEBODYNAME='Unnamed:AAA-018' IDENTIFIER=A.00009
SELECT OPTION=CURSORHIDE TYPE=FACE UNIQUEBODYNAME='Unnamed:AAA-018' IDENTIFIER=A.00010
FILTER COMMAND=PICK
PREVIEW OPTION=PICK | PICK OPTION=ADD TYPE=FACE UNIQUEBODYNAME='Unnamed:AAA-001' IDENTIFIER=A.00006

PREVIEW OPTION=UNPICK REDISPLAY=YES
FILTER TYPE=BODY
PREVIEW OPTION=PICK | PICK OPTION=ADD PROPERTY=UniqueName LABEL='Unnamed:AAA-001'

PREVIEW OPTION=UNPICK REDISPLAY=YES
PREVIEW OPTION=PICK | PICK OPTION=ADD PROPERTY=UniqueName LABEL='Unnamed:AAA-001'

PREVIEW OPTION=ACCEPT REDISPLAY=NO |  CELLDATA OPTION=MODIFY MATERIALLABEL='Air' POTENTIAL=Total ELEMENTTYPE=Linear LEVEL=1 SIZE=2 NORMALTOL=3 ELEMSHAPEPREF=NONE
FILTER TYPE=FACE
PREVIEW OPTION=PICK | PICK OPTION=ADD TYPE=FACE UNIQUEBODYNAME='Unnamed:AAA-001' IDENTIFIER=A.00006

PREVIEW OPTION=UNPICK REDISPLAY=YES
$ COMI 'C:\Users\mzhao\OPERA_miniMSR\test.comi'
$ COMI 'C:\Users\mzhao\OPERA_miniMSR\test.comi'
FILTER COMMAND=CURSORHIDE
PREVIEW OPTION=PICK | PICK OPTION=ADD TYPE=FACE UNIQUEBODYNAME='Unnamed:AAA-018' IDENTIFIER=A.00009

PREVIEW OPTION=UNPICK REDISPLAY=YES
PREVIEW OPTION=PICK | PICK OPTION=ADD TYPE=FACE UNIQUEBODYNAME='Unnamed:AAA-018' IDENTIFIER=A.00009

PREVIEW OPTION=UNPICK REDISPLAY=YES
SELECT OPTION=CURSORHIDE TYPE=FACE UNIQUEBODYNAME='Unnamed:AAA-018' IDENTIFIER=A.00009
SELECT OPTION=CURSORHIDE TYPE=FACE UNIQUEBODYNAME='Unnamed:AAA-018' IDENTIFIER=A.00010
FILTER COMMAND=PICK
PREVIEW OPTION=PICK | PICK OPTION=ADD TYPE=FACE UNIQUEBODYNAME='inner_front' IDENTIFIER=A.00006

PREVIEW OPTION=ACCEPT REDISPLAY=NO |  FACEDATA OPTION=MODIFY BOUNDARYLABEL='mumetal' LEVEL=500 ELEMENTTYPE=Linear SIZE=0.05 NORMALTOL=30 FORMETHOD=NONE BACKMETHOD=NONE
FILTER TYPE=BODY
PREVIEW OPTION=PICK | PICK OPTION=ADD PROPERTY=UniqueName LABEL='Unnamed:AAA-004'

PREVIEW OPTION=UNPICK REDISPLAY=YES
PREVIEW OPTION=PICK | PICK OPTION=ADD PROPERTY=UniqueName LABEL='inner_front'

PREVIEW OPTION=UNPICK REDISPLAY=YES
PREVIEW OPTION=PICK | PICK OPTION=ADD PROPERTY=UniqueName LABEL='inner_front'

PREVIEW OPTION=UNPICK REDISPLAY=YES
PREVIEW OPTION=PICK | PICK OPTION=ADD PROPERTY=UniqueName LABEL='inner_front'

PREVIEW OPTION=UNPICK REDISPLAY=YES
PREVIEW OPTION=PICK | PICK OPTION=ADD PROPERTY=UniqueName LABEL='inner_front'

PREVIEW OPTION=ACCEPT REDISPLAY=NO |  CELLDATA OPTION=MODIFY MATERIALLABEL='Air' POTENTIAL=Total ELEMENTTYPE=Linear LEVEL=3 SIZE=2 NORMALTOL=1 ELEMSHAPEPREF=NONE
$ COMI 'C:\Users\mzhao\OPERA_miniMSR\test.comi'
PREVIEW OPTION=PICK | PICK OPTION=ADD TYPE=FACE UNIQUEBODYNAME='inner_front' IDENTIFIER=A.00007

PREVIEW OPTION=UNPICK REDISPLAY=YES
FILTER TYPE=BODY
PREVIEW OPTION=PICK | PICK OPTION=ADD PROPERTY=UniqueName LABEL='inner_front'

PREVIEW OPTION=UNPICK REDISPLAY=YES
$ COMI 'C:\Users\mzhao\OPERA_miniMSR\test.comi'
PREVIEW OPTION=PICK | PICK OPTION=ADD TYPE=FACE UNIQUEBODYNAME='inner_front' IDENTIFIER=A.00007

PREVIEW OPTION=UNPICK REDISPLAY=YES
FILTER TYPE=BODY
PREVIEW OPTION=PICK | PICK OPTION=ADD PROPERTY=UniqueName LABEL='inner_front'

PREVIEW OPTION=UNPICK REDISPLAY=YES
PREVIEW OPTION=PICK | PICK OPTION=ADD PROPERTY=UniqueName LABEL='inner_front'

PREVIEW OPTION=UNPICK REDISPLAY=YES
PREVIEW OPTION=PICK | PICK OPTION=ADD PROPERTY=UniqueName LABEL='inner_front'

PREVIEW OPTION=UNPICK REDISPLAY=YES
PREVIEW OPTION=PICK | PICK OPTION=ADD PROPERTY=UniqueName LABEL='inner_front'

PREVIEW OPTION=ACCEPT REDISPLAY=NO |  CELLDATA OPTION=MODIFY MATERIALLABEL='Air' POTENTIAL=Default ELEMENTTYPE=Linear ELEMSHAPEPREF=NONE
$ COMI 'C:\Users\mzhao\OPERA_miniMSR\test.comi'
FILTER TYPE=BODY
PREVIEW OPTION=PICK | PICK OPTION=ADD PROPERTY=UniqueName LABEL='inner_front'

PREVIEW OPTION=UNPICK REDISPLAY=YES
PREVIEW OPTION=PICK | PICK OPTION=ADD PROPERTY=UniqueName LABEL='inner_front'

PREVIEW OPTION=UNPICK REDISPLAY=YES
$ COMI 'C:\Users\mzhao\OPERA_miniMSR\test.comi'
PREVIEW OPTION=PICK | PICK OPTION=ADD TYPE=FACE UNIQUEBODYNAME='inner_front' IDENTIFIER=A.00007

PREVIEW OPTION=UNPICK REDISPLAY=YES
FILTER TYPE=BODY
PREVIEW OPTION=PICK | PICK OPTION=ADD PROPERTY=UniqueName LABEL='inner_front'

PREVIEW OPTION=UNPICK REDISPLAY=YES
PREVIEW OPTION=PICK | PICK OPTION=ADD PROPERTY=UniqueName LABEL='inner_front'

PREVIEW OPTION=UNPICK REDISPLAY=YES
