/ Opera-3d Modeller
/ Opera 2021 SP3 [Build 3]
/ Started: 28/May/2024 13:13:58
/ Node: UCNENG01. Processor: Intel64 Family 6 Model 42 Stepping 7, GenuineIntel. System: Windows 10 Version 2009 windows (10.0.19045)

$ COMI 'C:\Users\mzhao\OPERA_miniMSR\layer_meshing_version.comi'
FILTER TYPE=BODY
FILTER TYPE=FACE
PREVIEW OPTION=PICK | PICK OPTION=ADD TYPE=FACE UNIQUEBODYNAME='Unnamed:AAA-010' IDENTIFIER=A.00009

LIST | PREVIEW OPTION=UNPICK REDISPLAY=YES
PREVIEW OPTION=PICK | PICK OPTION=ADD TYPE=FACE UNIQUEBODYNAME='Unnamed:AAA-010' IDENTIFIER=A.00009

PREVIEW OPTION=UNPICK REDISPLAY=YES
PREVIEW OPTION=PICK | PICK OPTION=ADD TYPE=FACE UNIQUEBODYNAME='Unnamed:AAA-017' IDENTIFIER=A.00009

PREVIEW OPTION=UNPICK REDISPLAY=YES
PREVIEW OPTION=PICK | PICK OPTION=ADD TYPE=FACE UNIQUEBODYNAME='Unnamed:AAA-017' IDENTIFIER=A.00009

PREVIEW OPTION=ACCEPT REDISPLAY=NO |  DELETE REGULARIZE=YES EXTERNAL=NO
PREVIEW OPTION=PICK | PICK OPTION=ADD TYPE=FACE UNIQUEBODYNAME='Unnamed:AAA-017' IDENTIFIER=B.00001

PREVIEW OPTION=ACCEPT REDISPLAY=NO |  DELETE REGULARIZE=YES EXTERNAL=YES
DELETE REGULARIZE=NO EXTERNAL=YES
| PICK OPTION=RESET
$string yesorno YES
CLEAR REVERT=NO

YES
SKETCH OBJECT=BLOCK +COMPLETE
BLOCK Name='Block' X0=1 Y0=0.05 Z0=1 X1=-1 Y1=-0.05 Z1=-1
MODEL CREATE
MESH GENERATOR=AUTOMATIC SIZE=0.2 NORMALTOL=30.0 SURFACETOL=0.0 TOLERANCE=1.0E-06 TYPE=PREFERTETRA
MODEL DELETE

PREVIEW OPTION=UNPICK REDISPLAY=YES
FILTER TYPE=FACE
PREVIEW OPTION=PICK | PICK OPTION=ADD TYPE=FACE UNIQUEBODYNAME='Block' IDENTIFIER=A.00005

PREVIEW OPTION=ACCEPT REDISPLAY=NO |  FACEDATA OPTION=MODIFY ELEMENTTYPE=Linear FORMETHOD=NONE BACKMETHOD=GEOMETRY BACKLAYERS=5 BACKOFFSET=0.02
MODEL CREATE
MESH GENERATOR=AUTOMATIC SIZE=0.2 NORMALTOL=30.0 SURFACETOL=0.0 TOLERANCE=1.0E-06 TYPE=PREFERTETRA
MODEL DELETE
PREVIEW OPTION=PICK | PICK OPTION=ADD TYPE=FACE UNIQUEBODYNAME='Block' IDENTIFIER=A.00005

PREVIEW OPTION=ACCEPT REDISPLAY=NO |  FACEDATA OPTION=MODIFY ELEMENTTYPE=Linear FORMETHOD=NONE BACKMETHOD=MESH BACKLAYERS=5 BACKOFFSET=0.02
MODEL CREATE
MESH GENERATOR=AUTOMATIC SIZE=0.2 NORMALTOL=30.0 SURFACETOL=0.0 TOLERANCE=1.0E-06 TYPE=PREFERTETRA
MODEL DELETE
PREVIEW OPTION=PICK | PICK OPTION=ADD TYPE=FACE UNIQUEBODYNAME='Block' IDENTIFIER=A.00005

PREVIEW OPTION=ACCEPT REDISPLAY=NO |  FACEDATA OPTION=MODIFY ELEMENTTYPE=Linear FORMETHOD=GEOMETRY FORLAYERS=5 FOROFFSET=0.02 BACKMETHOD=NONE
MODEL CREATE
MESH GENERATOR=AUTOMATIC SIZE=0.2 NORMALTOL=30.0 SURFACETOL=0.0 TOLERANCE=1.0E-06 TYPE=PREFERTETRA
MODEL DELETE
PREVIEW OPTION=PICK | PICK OPTION=ADD TYPE=FACE UNIQUEBODYNAME='Block' IDENTIFIER=A.00005

PREVIEW OPTION=ACCEPT REDISPLAY=NO |  FACEDATA OPTION=MODIFY ELEMENTTYPE=Linear FORMETHOD=NONE BACKMETHOD=NONE
PREVIEW OPTION=PICK | PICK OPTION=ADD TYPE=FACE UNIQUEBODYNAME='Block' IDENTIFIER=A.00003

PREVIEW OPTION=ACCEPT REDISPLAY=NO |  FACEDATA OPTION=MODIFY ELEMENTTYPE=Linear FORMETHOD=NONE BACKMETHOD=GEOMETRY BACKLAYERS=5 BACKOFFSET=0.02
MODEL CREATE
MESH GENERATOR=AUTOMATIC SIZE=0.2 NORMALTOL=30.0 SURFACETOL=0.0 TOLERANCE=1.0E-06 TYPE=PREFERTETRA
MODEL DELETE
$string yesorno YES
CLEAR REVERT=NO
YES
$ COMI 'C:\Users\mzhao\OPERA_miniMSR\layer_meshing_version.comi'

PREVIEW OPTION=UNPICK REDISPLAY=YES
FILTER TYPE=FACE
PREVIEW OPTION=PICK | PICK OPTION=ADD TYPE=FACE UNIQUEBODYNAME='Unnamed:AAA-001' IDENTIFIER=A.00007

PREVIEW OPTION=UNPICK REDISPLAY=YES
$ COMI 'C:\Users\mzhao\OPERA_miniMSR\layer_meshing_version.comi'
$ COMI 'C:\Users\mzhao\OPERA_miniMSR\layer_meshing_version.comi'
#mu_flat_inner_nlayer
=#mu_flat_MES
#mu_flat_MES
print
FILTER TYPE=FACE
PREVIEW OPTION=PICK | PICK OPTION=ADD TYPE=FACE UNIQUEBODYNAME='inner_front' IDENTIFIER=A.00007

PREVIEW OPTION=UNPICK REDISPLAY=YES
PREVIEW OPTION=PICK | PICK OPTION=ADD TYPE=FACE UNIQUEBODYNAME='inner_back' IDENTIFIER=A.00009

PREVIEW OPTION=UNPICK REDISPLAY=YES
SELECT OPTION=PICKEDREMOVE
SELECT OPTION=PICKEDREMOVE
PREVIEW OPTION=PICK | PICK OPTION=ADD TYPE=FACE UNIQUEBODYNAME='inner_back' IDENTIFIER=A.00009

PREVIEW OPTION=UNPICK REDISPLAY=YES
FILTER COMMAND=CURSORHIDE
PREVIEW OPTION=PICK | PICK OPTION=ADD TYPE=FACE UNIQUEBODYNAME='inner_back' IDENTIFIER=A.00009

PREVIEW OPTION=UNPICK REDISPLAY=YES
PREVIEW OPTION=PICK | PICK OPTION=ADD TYPE=FACE UNIQUEBODYNAME='inner_back' IDENTIFIER=A.00009

PREVIEW OPTION=UNPICK REDISPLAY=YES
SELECT OPTION=CURSORHIDE TYPE=FACE UNIQUEBODYNAME='inner_back' IDENTIFIER=A.00009
SELECT OPTION=CURSORHIDE TYPE=FACE UNIQUEBODYNAME='inner_back' IDENTIFIER=A.00010
FILTER COMMAND=PICK
PREVIEW OPTION=PICK | PICK OPTION=ADD TYPE=FACE UNIQUEBODYNAME='inner_front' IDENTIFIER=A.00006

PREVIEW OPTION=UNPICK REDISPLAY=YES
PREVIEW OPTION=PICK | PICK OPTION=ADD TYPE=FACE UNIQUEBODYNAME='inner_front' IDENTIFIER=A.00006

PREVIEW OPTION=ACCEPT REDISPLAY=NO |  FACEDATA OPTION=MODIFY ELEMENTTYPE=Linear FORMETHOD=NONE BACKMETHOD=GEOMETRY BACKLAYERS=5 BACKOFFSET=0.0003
$ COMI 'C:\Users\mzhao\OPERA_miniMSR\layer_meshing_version.comi'
FILTER COMMAND=CURSORHIDE
PREVIEW OPTION=PICK | PICK OPTION=ADD PROPERTY=UniqueName LABEL='inner_back'

PREVIEW OPTION=UNPICK REDISPLAY=YES
SELECT OPTION=CURSORHIDE PROPERTY=UniqueName LABEL='inner_back'
FILTER COMMAND=PICK
PREVIEW OPTION=PICK | PICK OPTION=ADD PROPERTY=UniqueName LABEL='inner_front'

PREVIEW OPTION=UNPICK REDISPLAY=YES
FILTER TYPE=FACE
PREVIEW OPTION=PICK | PICK OPTION=ADD TYPE=FACE UNIQUEBODYNAME='inner_front' IDENTIFIER=A.00006

PREVIEW OPTION=UNPICK REDISPLAY=YES
1/1
Unpick
1+1
$string yesorno YES
CLEAR REVERT=NO
THREED XORIGIN=0 YORIGIN=0 ZORIGIN=0 ROTX=0 ROTY=0 ROTZ=0 XASPECT=1 YASPECT=1 ZASPECT=1 SIZE=0 FACETANGLE=5 PERSPECTIVE=YES LINECOLOUR=YES OPTION=SETVIEW

yes
1+1
$ COMI 'C:\Users\mzhao\OPERA_miniMSR\layer_meshing_version.comi'
FILTER COMMAND=CURSORHIDE
SELECT OPTION=CURSORHIDE PROPERTY=UniqueName LABEL='inner_back'
SELECT OPTION=CURSORHIDE PROPERTY=UniqueName LABEL='Unnamed:AAA-002'
FILTER COMMAND=PICK
PREVIEW OPTION=PICK | PICK OPTION=ADD PROPERTY=UniqueName LABEL='inner_front'

PREVIEW OPTION=UNPICK REDISPLAY=YES
FILTER TYPE=FACE
PREVIEW OPTION=PICK | PICK OPTION=ADD TYPE=FACE UNIQUEBODYNAME='inner_front' IDENTIFIER=A.00006

PREVIEW OPTION=UNPICK REDISPLAY=YES
$ COMI 'C:\Users\mzhao\OPERA_miniMSR\layer_meshing_version.comi'
FILTER COMMAND=CURSORHIDE
SELECT OPTION=CURSORHIDE PROPERTY=UniqueName LABEL='inner_back'
FILTER COMMAND=PICK
FILTER TYPE=FACE
PREVIEW OPTION=PICK | PICK OPTION=ADD TYPE=FACE UNIQUEBODYNAME='inner_front' IDENTIFIER=A.00006

PREVIEW OPTION=UNPICK REDISPLAY=YES
$ COMI 'C:\Users\mzhao\OPERA_miniMSR\layer_meshing_version.comi'
FILTER COMMAND=CURSORHIDE
SELECT OPTION=CURSORHIDE PROPERTY=UniqueName LABEL='inner_back'
FILTER COMMAND=PICK
FILTER TYPE=FACE
PREVIEW OPTION=PICK | PICK OPTION=ADD TYPE=FACE UNIQUEBODYNAME='inner_front' IDENTIFIER=A.00006

PREVIEW OPTION=UNPICK REDISPLAY=YES
$ COMI 'C:\Users\mzhao\OPERA_miniMSR\layer_meshing_version.comi'
FILTER TYPE=FACE
FILTER COMMAND=CURSORHIDE
SELECT OPTION=CURSORHIDE TYPE=FACE UNIQUEBODYNAME='inner_back' IDENTIFIER=A.00009
SELECT OPTION=CURSORHIDE TYPE=FACE UNIQUEBODYNAME='inner_back' IDENTIFIER=A.00010
FILTER COMMAND=CURSORHIDE
PREVIEW OPTION=PICK | PICK OPTION=ADD TYPE=FACE UNIQUEBODYNAME='inner_front' IDENTIFIER=A.00006

PREVIEW OPTION=UNPICK REDISPLAY=YES
$ COMI 'C:\Users\mzhao\OPERA_miniMSR\layer_meshing_version.comi'
FILTER COMMAND=CURSORHIDE
SELECT OPTION=CURSORHIDE PROPERTY=UniqueName LABEL='inner_back'
FILTER COMMAND=PICK
FILTER TYPE=FACE
PREVIEW OPTION=PICK | PICK OPTION=ADD TYPE=FACE UNIQUEBODYNAME='inner_front' IDENTIFIER=A.00006

PREVIEW OPTION=UNPICK REDISPLAY=YES
$ COMI 'C:\Users\mzhao\OPERA_miniMSR\layer_meshing_version.comi'
FILTER COMMAND=CURSORHIDE
SELECT OPTION=CURSORHIDE PROPERTY=UniqueName LABEL='inner_back'
FILTER COMMAND=PICK
FILTER TYPE=FACE
PREVIEW OPTION=PICK | PICK OPTION=ADD TYPE=FACE UNIQUEBODYNAME='inner_front' IDENTIFIER=A.00006

PREVIEW OPTION=UNPICK REDISPLAY=YES
$ COMI 'C:\Users\mzhao\OPERA_miniMSR\layer_meshing_version.comi'
FILTER COMMAND=CURSORHIDE
PREVIEW OPTION=PICK | PICK OPTION=ADD PROPERTY=UniqueName LABEL='inner_back'

PREVIEW OPTION=UNPICK REDISPLAY=YES
SELECT OPTION=CURSORHIDE PROPERTY=UniqueName LABEL='inner_back'
FILTER COMMAND=PICK
FILTER TYPE=FACE
PREVIEW OPTION=PICK | PICK OPTION=ADD TYPE=FACE UNIQUEBODYNAME='inner_front' IDENTIFIER=A.00006

PREVIEW OPTION=UNPICK REDISPLAY=YES
$ COMI 'C:\Users\mzhao\OPERA_miniMSR\layer_meshing_version.comi'
FILTER COMMAND=CURSORHIDE
SELECT OPTION=CURSORHIDE PROPERTY=UniqueName LABEL='inner_back'
FILTER COMMAND=PICK
FILTER TYPE=FACE
PREVIEW OPTION=PICK | PICK OPTION=ADD TYPE=FACE UNIQUEBODYNAME='inner_front' IDENTIFIER=A.00006

PREVIEW OPTION=UNPICK REDISPLAY=YES
$ COMI 'C:\Users\mzhao\OPERA_miniMSR\layer_meshing_version.comi'
FILTER COMMAND=CURSORHIDE
SELECT OPTION=CURSORHIDE PROPERTY=UniqueName LABEL='inner_back'
FILTER COMMAND=PICK
FILTER TYPE=FACE
PREVIEW OPTION=PICK | PICK OPTION=ADD TYPE=FACE UNIQUEBODYNAME='inner_front' IDENTIFIER=A.00006

PREVIEW OPTION=UNPICK REDISPLAY=YES
$ COMI 'C:\Users\mzhao\OPERA_miniMSR\layer_meshing_version.comi'
FILTER COMMAND=CURSORHIDE
SELECT OPTION=CURSORHIDE PROPERTY=UniqueName LABEL='inner_back'
FILTER COMMAND=PICK
FILTER TYPE=BODY
FILTER TYPE=BODY
FILTER TYPE=FACE
PREVIEW OPTION=PICK | PICK OPTION=ADD TYPE=FACE UNIQUEBODYNAME='inner_front' IDENTIFIER=A.00006

PREVIEW OPTION=UNPICK REDISPLAY=YES
PREVIEW OPTION=PICK | PICK OPTION=ADD TYPE=FACE UNIQUEBODYNAME='inner_front' IDENTIFIER=A.00006

PREVIEW OPTION=UNPICK REDISPLAY=YES
$ COMI 'C:\Users\mzhao\OPERA_miniMSR\layer_meshing_version.comi'
FILTER COMMAND=CURSORHIDE
SELECT OPTION=CURSORHIDE PROPERTY=UniqueName LABEL='inner_back'
FILTER TYPE=FACE
FILTER COMMAND=PICK
PREVIEW OPTION=PICK | PICK OPTION=ADD TYPE=FACE UNIQUEBODYNAME='inner_front' IDENTIFIER=A.00006

PREVIEW OPTION=UNPICK REDISPLAY=YES
$ COMI 'C:\Users\mzhao\OPERA_miniMSR\layer_meshing_version.comi'
FILTER COMMAND=PICK
FILTER COMMAND=CURSORHIDE
SELECT OPTION=CURSORHIDE PROPERTY=UniqueName LABEL='inner_back'
FILTER COMMAND=PICK
FILTER TYPE=BODY
FILTER TYPE=FACE
PREVIEW OPTION=PICK | PICK OPTION=ADD TYPE=FACE UNIQUEBODYNAME='inner_front' IDENTIFIER=A.00006

PREVIEW OPTION=UNPICK REDISPLAY=YES
$ COMI 'C:\Users\mzhao\OPERA_miniMSR\layer_meshing_version.comi'
FILTER COMMAND=CURSORHIDE
SELECT OPTION=CURSORHIDE PROPERTY=UniqueName LABEL='inner_back'
FILTER COMMAND=PICK
FILTER TYPE=FACE
PREVIEW OPTION=PICK | PICK OPTION=ADD TYPE=FACE UNIQUEBODYNAME='inner_front' IDENTIFIER=A.00006

PREVIEW OPTION=ACCEPT REDISPLAY=NO |  FACEDATA OPTION=MODIFY ELEMENTTYPE=Linear FORMETHOD=NONE BACKMETHOD=GEOMETRY BACKLAYERS=5 BACKOFFSET=0.0003
$ COMI 'C:\Users\mzhao\OPERA_miniMSR\layer_meshing_version.comi'
FILTER TYPE=BODY
FILTER COMMAND=CURSORHIDE
SELECT OPTION=CURSORHIDE PROPERTY=UniqueName LABEL='inner_back'
FILTER COMMAND=PICK
FILTER TYPE=FACE
PREVIEW OPTION=PICK | PICK OPTION=ADD TYPE=FACE UNIQUEBODYNAME='inner_front' IDENTIFIER=A.00006

PREVIEW OPTION=UNPICK REDISPLAY=YES
PREVIEW OPTION=PICK | PICK OPTION=ADD TYPE=FACE UNIQUEBODYNAME='inner_front' IDENTIFIER=A.00006

PREVIEW OPTION=ACCEPT REDISPLAY=NO |  FACEDATA OPTION=MODIFY ELEMENTTYPE=Linear FORMETHOD=NONE BACKMETHOD=GEOMETRY BACKLAYERS=5*2 BACKOFFSET=#mu_flat_inner_offset
PREVIEW OPTION=PICK | PICK OPTION=ADD TYPE=FACE UNIQUEBODYNAME='inner_front' IDENTIFIER=A.00006

PREVIEW OPTION=ACCEPT REDISPLAY=NO |  FACEDATA OPTION=MODIFY ELEMENTTYPE=Linear FORMETHOD=NONE BACKMETHOD=GEOMETRY BACKLAYERS=10 BACKOFFSET=2*2
PREVIEW OPTION=PICK | PICK OPTION=ADD TYPE=FACE UNIQUEBODYNAME='inner_front' IDENTIFIER=A.00006

PREVIEW OPTION=ACCEPT REDISPLAY=NO |  FACEDATA OPTION=MODIFY ELEMENTTYPE=Linear FORMETHOD=NONE BACKMETHOD=GEOMETRY BACKLAYERS=10 BACKOFFSET=layer/3
PREVIEW OPTION=PICK | PICK OPTION=ADD TYPE=FACE UNIQUEBODYNAME='inner_front' IDENTIFIER=A.00006

PREVIEW OPTION=UNPICK REDISPLAY=YES
$ COMI 'C:\Users\mzhao\OPERA_miniMSR\layer_meshing_version.comi'
FILTER COMMAND=CURSORHIDE
SELECT OPTION=CURSORHIDE TYPE=FACE UNIQUEBODYNAME='inner_back' IDENTIFIER=A.00009
SELECT OPTION=CURSORHIDE TYPE=FACE UNIQUEBODYNAME='inner_back' IDENTIFIER=A.00010
PREVIEW OPTION=PICK | PICK OPTION=ADD TYPE=FACE UNIQUEBODYNAME='inner_brkt_front_top' IDENTIFIER=A.00006

PREVIEW OPTION=UNPICK REDISPLAY=YES
PREVIEW OPTION=PICK | PICK OPTION=ADD TYPE=FACE UNIQUEBODYNAME='inner_brkt_front_top' IDENTIFIER=A.00013

PREVIEW OPTION=UNPICK REDISPLAY=YES
PREVIEW OPTION=PICK | PICK OPTION=ADD TYPE=FACE UNIQUEBODYNAME='inner_brkt_front_top' IDENTIFIER=A.00018

PREVIEW OPTION=UNPICK REDISPLAY=YES
$ COMI 'C:\Users\mzhao\OPERA_miniMSR\layer_meshing_version.comi'
FILTER COMMAND=CURSORHIDE
SELECT OPTION=CURSORHIDE TYPE=FACE UNIQUEBODYNAME='inner_back' IDENTIFIER=A.00009
SELECT OPTION=CURSORHIDE TYPE=FACE UNIQUEBODYNAME='inner_back' IDENTIFIER=A.00010
PREVIEW OPTION=PICK | PICK OPTION=ADD TYPE=FACE UNIQUEBODYNAME='inner_brkt_front_right' IDENTIFIER=A.00018

PREVIEW OPTION=UNPICK REDISPLAY=YES
PREVIEW OPTION=PICK | PICK OPTION=ADD TYPE=FACE UNIQUEBODYNAME='inner_back' IDENTIFIER=A.00009

PREVIEW OPTION=UNPICK REDISPLAY=YES
SELECT OPTION=CURSORHIDE TYPE=FACE UNIQUEBODYNAME='inner_back' IDENTIFIER=A.00009
SELECT OPTION=CURSORHIDE TYPE=FACE UNIQUEBODYNAME='inner_back' IDENTIFIER=A.00010
SELECT OPTION=CURSORHIDE TYPE=FACE UNIQUEBODYNAME='inner_right' IDENTIFIER=A.00010
SELECT OPTION=CURSORHIDE TYPE=FACE UNIQUEBODYNAME='inner_brkt_front_right' IDENTIFIER=A.00018
SELECT OPTION=CURSORHIDE TYPE=FACE UNIQUEBODYNAME='inner_brkt_front_right' IDENTIFIER=A.00006
$ COMI 'C:\Users\mzhao\OPERA_miniMSR\layer_meshing_version.comi'
$ COMI 'C:\Users\mzhao\OPERA_miniMSR\layer_meshing_version.comi'
$ COMI 'C:\Users\mzhao\OPERA_miniMSR\layer_meshing_version.comi'
$ COMI 'C:\Users\mzhao\OPERA_miniMSR\layer_meshing_version.comi'
$ COMI 'C:\Users\mzhao\OPERA_miniMSR\layer_meshing_version.comi'
$ COMI 'C:\Users\mzhao\OPERA_miniMSR\layer_meshing_version.comi'
$ COMI 'C:\Users\mzhao\OPERA_miniMSR\layer_meshing_version.comi'
$ COMI 'C:\Users\mzhao\OPERA_miniMSR\layer_meshing_version.comi'
$ COMI 'C:\Users\mzhao\OPERA_miniMSR\layer_meshing_version.comi'
$ COMI 'C:\Users\mzhao\OPERA_miniMSR\layer_meshing_version.comi'
$ COMI 'C:\Users\mzhao\OPERA_miniMSR\layer_meshing_version.comi'
MATERIALS UNPICK | MATERIALS GUIINIT
MATERIALS PICK 'inner_mumetal_door'
MATERIALS UNPICK
PREVIEW OPTION=PICK | PICK OPTION=ADD TYPE=FACE UNIQUEBODYNAME='inner_front' IDENTIFIER=A.00007

PREVIEW OPTION=UNPICK REDISPLAY=YES
FILTER TYPE=BODY
PREVIEW OPTION=PICK | PICK OPTION=ADD PROPERTY=UniqueName LABEL='inner_front'

PREVIEW OPTION=UNPICK REDISPLAY=YES
$ COMI 'C:\Users\mzhao\OPERA_miniMSR\layer_meshing_version.comi'
$ COMI 'C:\Users\mzhao\OPERA_miniMSR\layer_meshing_version.comi'
$ COMI 'C:\Users\mzhao\OPERA_miniMSR\layer_meshing_version.comi'
MODEL CREATE
MESH GENERATOR=AUTOMATIC SIZE=1.0 NORMALTOL=30.0 SURFACETOL=0.0 TOLERANCE=1.0E-06 TYPE=PREFERMOSAIC
MESH GENERATOR=AUTOMATIC SIZE=0.1 NORMALTOL=30.0 SURFACETOL=0.0 TOLERANCE=1.0E-06 TYPE=PREFERMOSAIC
PREVIEW OPTION=PICK | PICK OPTION=ADD TYPE=FACE UNIQUEBODYNAME='ModelBody' IDENTIFIER=DL.00004

PREVIEW OPTION=UNPICK REDISPLAY=YES

PREVIEW OPTION=UNPICK REDISPLAY=YES
FILL TOL=1.0E-06
MULTIPHYSICS OPTION=RESET
ANALYSISDATA OPTION=SET PROGRAM=TOSCAMAGN HX=0 HY=50 HZ=0 LINEAR=NO NITERATIONS=21 NLITERTYPE=NEWTON POTENTIALCUT=YES RHS=ADAPTIVE SCALEDRIVE=ALL TOLERANCE=0.001 USEDEFORMEDMESH=NO USEDIRECTSOLVER=NO
SOLVERS SOLVENOW=NO SAVEMODEL=YES, | SOLVERS OPTION=TEST FILE='layer_meshing_5layers' UNITS=METRE ELEMENT=MIXED SURFACE=CURVED | COMMENT CLEAR=YES TYPE=DBTITLE | FILL TOL=1.0E-06 | SOLVERS OPTION=OVERWRITE
MODEL DELETE
FILTER TYPE=CELL
PREVIEW OPTION=PICK | PICK OPTION=ADD TYPE=CELL UNIQUEBODYNAME='outer_left' IDENTIFIER=A.00001

PREVIEW OPTION=UNPICK REDISPLAY=YES
PREVIEW OPTION=PICK | PICK OPTION=ADD TYPE=CELL UNIQUEBODYNAME='outer_brkt_front_top' IDENTIFIER=A.00001

PREVIEW OPTION=UNPICK REDISPLAY=YES
$ COMI 'C:\Users\mzhao\OPERA_miniMSR\layer_meshing_version.comi'
