/ Opera-3d Modeller
/ Opera 2020 SP3 [Build 2]
/ Started: 15/May/2024 13:27:16
/ Node: TUCAN-MAGPC. Processor: Intel64. System: Windows 10

SKETCH ACTIVE=YES

SELECT OPTION=GUIUPDATE
SKETCH +GRID
SKETCH AUTOGRID=YES SNAPVISIBLE=YES SNAP=NO
SKETCH OBJECT=BLOCK +COMPLETE
SKETCH OBJECT=BLOCK +COMPLETE



SKETCH +GRID
SKETCH AUTOGRID=YES SNAPVISIBLE=YES SNAP=NO

PREVIEW OPTION=UNPICK REDISPLAY=YES
SKETCH +GRID
SKETCH AUTOGRID=YES SNAPVISIBLE=YES SNAP=NO
SKETCH ACTIVE=NO COMPLETE=YES



SKETCH ACTIVE=YES
SKETCH ACTIVE=NO COMPLETE=YES
SKETCH +GRID

SKETCH ACTIVE=YES
LOAD OPTION=INSERT FILE='C:\Users\mzhao\OneDrive - TRIUMF\Desktop\Assem1.STEP'
FILTER TYPE=FACE
PREVIEW OPTION=PICK | PICK OPTION=ADD TYPE=FACE UNIQUEBODYNAME='Unnamed:AAA-001' IDENTIFIER=A.00006

PREVIEW OPTION=ACCEPT REDISPLAY=NO |  FACEDATA OPTION=MODIFY BOUNDARYLABEL='test' ELEMENTTYPE=Linear FORMETHOD=NONE BACKMETHOD=NONE

PREVIEW OPTION=UNPICK REDISPLAY=YES
$ COMI 'C:\Users\mzhao\OPERA_miniMSR\test.comi'
LOAD OPTION=INSERT FILE='C:\Users\mzhao\OneDrive - TRIUMF\Desktop\test.STEP'
LOAD OPTION=INSERT FILE='C:\Users\mzhao\OneDrive - TRIUMF\Desktop\test.STEP'
$ COMI 'C:\Users\mzhao\OPERA_miniMSR\test.comi'
LOAD OPTION=INSERT FILE='C:\Users\mzhao\OneDrive - TRIUMF\Desktop\test.STEP'

PREVIEW OPTION=UNPICK REDISPLAY=YES
FILTER TYPE=CELL
FILTER TYPE=FACE
PREVIEW OPTION=PICK | PICK OPTION=ADD TYPE=FACE UNIQUEBODYNAME='Unnamed:AAA-001' IDENTIFIER=A.00009

PREVIEW OPTION=UNPICK REDISPLAY=YES
PREVIEW OPTION=PICK | PICK OPTION=ADD TYPE=FACE UNIQUEBODYNAME='Unnamed:AAA-001' IDENTIFIER=A.00007

PREVIEW OPTION=UNPICK REDISPLAY=YES
PREVIEW OPTION=PICK | PICK OPTION=ADD TYPE=FACE UNIQUEBODYNAME='Unnamed:AAA-001' IDENTIFIER=A.00002

PREVIEW OPTION=UNPICK REDISPLAY=YES
PREVIEW OPTION=PICK | PICK OPTION=ADD TYPE=FACE UNIQUEBODYNAME='Unnamed:AAA-001' IDENTIFIER=A.00014

PREVIEW OPTION=UNPICK REDISPLAY=YES
PREVIEW OPTION=PICK | PICK OPTION=ADD TYPE=FACE UNIQUEBODYNAME='Unnamed:AAA-001' IDENTIFIER=A.00003

PREVIEW OPTION=UNPICK REDISPLAY=YES
MATERIALS UNPICK | MATERIALS GUIINIT
MATERIALS PICK 'Fillet1'
MATERIALS UNPICK
PREVIEW OPTION=PICK | PICK OPTION=ADD TYPE=FACE UNIQUEBODYNAME='Unnamed:AAA-001' IDENTIFIER=A.00003

PREVIEW OPTION=UNPICK REDISPLAY=YES
FILTER TYPE=BODY
PREVIEW OPTION=PICK | PICK OPTION=ADD PROPERTY=UniqueName LABEL='Unnamed:AAA-001'

PREVIEW OPTION=UNPICK REDISPLAY=YES
PREVIEW OPTION=PICK | PICK OPTION=ADD PROPERTY=UniqueName LABEL='Unnamed:AAA-001'

PREVIEW OPTION=UNPICK REDISPLAY=YES
$ COMI 'C:\Users\mzhao\OPERA_miniMSR\test.comi'
FILTER TYPE=BODY
PREVIEW OPTION=PICK | PICK OPTION=ADD PROPERTY=UniqueName LABEL='Unnamed:AAA-001'

PREVIEW OPTION=UNPICK REDISPLAY=YES
PREVIEW OPTION=PICK | PICK OPTION=ADD PROPERTY=UniqueName LABEL='Unnamed:AAA-001'

PREVIEW OPTION=UNPICK REDISPLAY=YES
PREVIEW OPTION=PICK | PICK OPTION=ADD PROPERTY=UniqueName LABEL='Unnamed:AAA-001'

PREVIEW OPTION=ACCEPT REDISPLAY=NO |  RENAME NAME='inner_msr_structure' UNIQUENAME='inner_msr_structure'
$ COMI 'C:\Users\mzhao\OPERA_miniMSR\test.comi'
PREVIEW OPTION=PICK | PICK OPTION=ADD PROPERTY=UniqueName LABEL='inner_msr_structure'

PREVIEW OPTION=UNPICK REDISPLAY=YES
PREVIEW OPTION=PICK | PICK OPTION=ADD PROPERTY=UniqueName LABEL='inner_msr_structure'

PREVIEW OPTION=UNPICK REDISPLAY=YES
$ COMI 'C:\Users\mzhao\OPERA_miniMSR\test.comi'
FILTER TYPE=CELL
FILTER TYPE=FACE
PREVIEW OPTION=PICK | PICK OPTION=ADD TYPE=FACE UNIQUEBODYNAME='inner_msr_structure' IDENTIFIER=A.00003

PREVIEW OPTION=UNPICK REDISPLAY=YES
FILTER TYPE=CELL
PREVIEW OPTION=PICK | PICK OPTION=ADD TYPE=CELL UNIQUEBODYNAME='inner_msr_structure' IDENTIFIER=A.00001

PREVIEW OPTION=UNPICK REDISPLAY=YES
FILTER TYPE=BODY
PREVIEW OPTION=PICK | PICK OPTION=ADD PROPERTY=UniqueName LABEL='inner_msr_structure'

PREVIEW OPTION=UNPICK REDISPLAY=YES
FILTER TYPE=FACE
FILTER TYPE=BODY
PREVIEW OPTION=PICK | PICK OPTION=ADD PROPERTY=UniqueName LABEL='inner_msr_structure'

PREVIEW OPTION=ACCEPT REDISPLAY=NO |  RENAME NAME='inner_msr_structure' UNIQUENAME='inner_msr_structure'
FILTER TYPE=FACE
PREVIEW OPTION=PICK | PICK OPTION=ADD TYPE=FACE UNIQUEBODYNAME='inner_msr_structure' IDENTIFIER=A.00003

PREVIEW OPTION=UNPICK REDISPLAY=YES
PREVIEW OPTION=PICK | PICK OPTION=ADD TYPE=FACE UNIQUEBODYNAME='inner_msr_structure' IDENTIFIER=A.00003

PREVIEW OPTION=UNPICK REDISPLAY=YES
PREVIEW OPTION=PICK | PICK OPTION=ADD TYPE=FACE UNIQUEBODYNAME='inner_msr_structure' IDENTIFIER=A.00003

PREVIEW OPTION=UNPICK REDISPLAY=YES
PREVIEW OPTION=PICK | PICK OPTION=ADD TYPE=FACE UNIQUEBODYNAME='inner_msr_structure' IDENTIFIER=A.00003

PREVIEW OPTION=UNPICK REDISPLAY=YES
PREVIEW OPTION=PICK | PICK OPTION=ADD TYPE=FACE UNIQUEBODYNAME='inner_msr_structure' IDENTIFIER=A.00003

PREVIEW OPTION=ACCEPT REDISPLAY=NO |  FACEDATA OPTION=MODIFY ELEMENTTYPE=Linear NORMALTOL=3 FORMETHOD=NONE BACKMETHOD=NONE
PREVIEW OPTION=PICK | PICK OPTION=ADD TYPE=FACE UNIQUEBODYNAME='inner_msr_structure' IDENTIFIER=A.00003

PREVIEW OPTION=ACCEPT REDISPLAY=NO |  FACEDATA OPTION=MODIFY ELEMENTTYPE=Linear SIZE=34 NORMALTOL=17 FORMETHOD=NONE BACKMETHOD=NONE
PREVIEW OPTION=PICK | PICK OPTION=ADD TYPE=FACE UNIQUEBODYNAME='inner_msr_structure' IDENTIFIER=A.00005

PREVIEW OPTION=UNPICK REDISPLAY=YES
$ COMI 'C:\Users\mzhao\OPERA_miniMSR\test.comi'
PREVIEW OPTION=PICK | PICK OPTION=ADD TYPE=FACE UNIQUEBODYNAME='inner_msr_structure' IDENTIFIER=A.00005

PREVIEW OPTION=UNPICK REDISPLAY=YES
PREVIEW OPTION=PICK | PICK OPTION=ADD TYPE=FACE UNIQUEBODYNAME='inner_msr_structure' IDENTIFIER=A.00004

PREVIEW OPTION=UNPICK REDISPLAY=YES
PREVIEW OPTION=PICK | PICK OPTION=ADD TYPE=FACE UNIQUEBODYNAME='inner_msr_structure' IDENTIFIER=A.00003

PREVIEW OPTION=UNPICK REDISPLAY=YES
PREVIEW OPTION=PICK | PICK OPTION=ADD TYPE=FACE UNIQUEBODYNAME='inner_msr_structure' IDENTIFIER=A.00004

PREVIEW OPTION=UNPICK REDISPLAY=YES
PREVIEW OPTION=PICK | PICK OPTION=ADD TYPE=FACE UNIQUEBODYNAME='inner_msr_structure' IDENTIFIER=A.00002

PREVIEW OPTION=UNPICK REDISPLAY=YES
PREVIEW OPTION=PICK | PICK OPTION=ADD TYPE=FACE UNIQUEBODYNAME='inner_msr_structure' IDENTIFIER=A.00006

PREVIEW OPTION=UNPICK REDISPLAY=YES
PREVIEW OPTION=PICK | PICK OPTION=ADD TYPE=FACE UNIQUEBODYNAME='inner_msr_structure' IDENTIFIER=A.00007

PREVIEW OPTION=UNPICK REDISPLAY=YES
PREVIEW OPTION=PICK | PICK OPTION=ADD TYPE=FACE UNIQUEBODYNAME='inner_msr_structure' IDENTIFIER=A.00008

PREVIEW OPTION=UNPICK REDISPLAY=YES
PREVIEW OPTION=PICK | PICK OPTION=ADD TYPE=FACE UNIQUEBODYNAME='inner_msr_structure' IDENTIFIER=A.00003

PREVIEW OPTION=ACCEPT REDISPLAY=NO |  FACEDATA OPTION=MODIFY BOUNDARYLABEL='mumetal' ELEMENTTYPE=Linear SIZE=0.05 NORMALTOL=30 FORMETHOD=NONE BACKMETHOD=NONE
PREVIEW OPTION=PICK | PICK OPTION=ADD TYPE=FACE UNIQUEBODYNAME='inner_msr_structure' IDENTIFIER=A.00003

PREVIEW OPTION=ACCEPT REDISPLAY=NO |  FACEDATA OPTION=MODIFY BOUNDARYLABEL='mumetal' LEVEL=400 ELEMENTTYPE=Linear SIZE=0.05 NORMALTOL=30 FORMETHOD=NONE BACKMETHOD=NONE
$ COMI 'C:\Users\mzhao\OPERA_miniMSR\test.comi'
PREVIEW OPTION=PICK | PICK OPTION=ADD TYPE=FACE UNIQUEBODYNAME='inner_msr_structure' IDENTIFIER=A.00003

PREVIEW OPTION=ACCEPT REDISPLAY=NO |  FACEDATA OPTION=MODIFY BOUNDARYLABEL='mumetal' LEVEL=500 ELEMENTTYPE=Linear SIZE=0.05 NORMALTOL=30 FORMETHOD=NONE BACKMETHOD=NONE
PREVIEW OPTION=PICK | PICK OPTION=ADD TYPE=FACE UNIQUEBODYNAME='inner_msr_structure' IDENTIFIER=A.00003

PREVIEW OPTION=UNPICK REDISPLAY=YES
BHDATA OPTION=NEW  LABEL='mumetalBH'
BHDATA OPTION=LOAD LABEL=mumetalBH FILE='C:/Users/mzhao/OneDrive - TRIUMF/Desktop/anhys_curves_forOPERA/PMTshieldB_anh.bh'
PREVIEW OPTION=PICK | PICK OPTION=ADD TYPE=FACE UNIQUEBODYNAME='inner_msr_structure' IDENTIFIER=A.00003

PREVIEW OPTION=UNPICK REDISPLAY=YES
$ COMI 'C:\Users\mzhao\OPERA_miniMSR\test.comi'
$ COMI 'C:\Users\mzhao\OPERA_miniMSR\test.comi'
MATERIALS UNPICK | MATERIALS GUIINIT
MATERIALS UNPICK
BOUNDARY UNPICK | BOUNDARY GUIINIT
BOUNDARY PICK 'mumetal'
BOUNDARY UNPICK
CLEAR
YES
MATERIALS UNPICK | MATERIALS GUIINIT
MATERIALS UNPICK
BOUNDARY UNPICK | BOUNDARY GUIINIT
BOUNDARY UNPICK
$ COMI 'C:\Users\mzhao\OPERA_miniMSR\test.comi'
BOUNDARY UNPICK | BOUNDARY GUIINIT
BOUNDARY PICK 'mumetal'
BOUNDARY OPTION=MODIFY CONDITION=THINPLATE PLATEMATERIAL=mumetal PLATETHICKNESS=0.1
BOUNDARY OPTION=MODIFY CONDITION=THINPLATE PLATEMATERIAL=mumetal PLATETHICKNESS=0.1
BOUNDARY OPTION=MODIFY CONDITION=THINPLATE PLATEMATERIAL=mumetal PLATETHICKNESS=0.1 | BOUNDARY UNPICK
