/ Opera-3d Modeller
/ Opera 2020 SP3 [Build 2]
/ Started: 15/May/2024 15:27:27
/ Node: TUCAN-MAGPC. Processor: Intel64. System: Windows 10
$COMI FILE='C:\Users\mzhao\OPERA_miniMSR\test.comi' MODE=CONT

BOUNDARY UNPICK | BOUNDARY GUIINIT
BOUNDARY UNPICK
MULTIPHYSICS OPTION=RESET
ANALYSISDATA OPTION=SET PROGRAM=ELEKTRATR CONVTOL=1e-08 DELTAT=0.01 HX=0 HY=0 HZ=0 LINEAR=YES LOGLIST= LOGLIST+=TTime RHS=ADAPTIVE UPDATE=SIMPLE USEDEFORMEDMESH=NO
BOUNDARY UNPICK | BOUNDARY GUIINIT
BOUNDARY UNPICK
MULTIPHYSICS OPTION=RESET
ANALYSISDATA OPTION=SET PROGRAM=TOSCAMAGN CONVTOL=1e-08 HX=0 HY=0 HZ=0 LINEAR=YES POTENTIALCUT=YES RHS=ADAPTIVE SCALEDRIVE=ALL USEDEFORMEDMESH=NO USEDIRECTSOLVER=NO
PREVIEW OPTION=PICK | PICK OPTION=ADD TYPE=FACE UNIQUEBODYNAME='inner_msr_structure' IDENTIFIER=A.00004

PREVIEW OPTION=UNPICK REDISPLAY=YES
PREVIEW OPTION=PICK | PICK OPTION=ADD TYPE=FACE UNIQUEBODYNAME='inner_msr_structure' IDENTIFIER=A.00004

PREVIEW OPTION=UNPICK REDISPLAY=YES
$ COMI 'C:\Users\mzhao\OPERA_miniMSR\test.comi'
$ COMI 'C:\Users\mzhao\OPERA_miniMSR\test.comi'
FILTER TYPE=FACE
PREVIEW OPTION=PICK | PICK OPTION=ADD TYPE=FACE UNIQUEBODYNAME='Unnamed:AAA-008' IDENTIFIER=A.00010

PREVIEW OPTION=UNPICK REDISPLAY=YES
PREVIEW OPTION=PICK | PICK OPTION=ADD TYPE=FACE UNIQUEBODYNAME='Unnamed:AAA-008' IDENTIFIER=A.00010

PREVIEW OPTION=UNPICK REDISPLAY=YES
PREVIEW OPTION=PICK | PICK OPTION=ADD TYPE=FACE UNIQUEBODYNAME='Unnamed:AAA-002' IDENTIFIER=A.00018

PREVIEW OPTION=UNPICK REDISPLAY=YES
PREVIEW OPTION=PICK | PICK OPTION=ADD TYPE=FACE UNIQUEBODYNAME='Unnamed:AAA-002' IDENTIFIER=A.00006

PREVIEW OPTION=UNPICK REDISPLAY=YES
PREVIEW OPTION=PICK | PICK OPTION=ADD TYPE=FACE UNIQUEBODYNAME='Unnamed:AAA-010' IDENTIFIER=A.00018

PREVIEW OPTION=UNPICK REDISPLAY=YES
PREVIEW OPTION=PICK | PICK OPTION=ADD TYPE=FACE UNIQUEBODYNAME='Unnamed:AAA-010' IDENTIFIER=A.00006

PREVIEW OPTION=UNPICK REDISPLAY=YES
WINDOW SOLID=NO
