/ Opera-3d Modeller
/ Opera 2021 SP3 [Build 3]
/ Started: 28/May/2024 15:31:15
/ Node: UCNENG01. Processor: Intel64 Family 6 Model 42 Stepping 7, GenuineIntel. System: Windows 10 Version 2009 windows (10.0.19045)

$ COMI 'C:\Users\mzhao\OPERA_miniMSR\layer_meshing_version.comi'
FILL TOL=1.0E-05
$ COMI 'C:\Users\mzhao\OPERA_miniMSR\layer_meshing_version.comi'
$ COMI 'C:\Users\mzhao\OPERA_miniMSR\layer_meshing_version.comi'
PREVIEW OPTION=PICK | PICK OPTION=ADD TYPE=FACE UNIQUEBODYNAME='ModelBody' IDENTIFIER=BL.00004

PREVIEW OPTION=UNPICK REDISPLAY=YES

PREVIEW OPTION=UNPICK REDISPLAY=YES

PREVIEW OPTION=UNPICK REDISPLAY=YES

PREVIEW OPTION=UNPICK REDISPLAY=YES

PREVIEW OPTION=UNPICK REDISPLAY=YES
MODEL DELETE
FILTER COMMAND=CURSORHIDE
PREVIEW OPTION=PICK | PICK OPTION=ADD TYPE=FACE UNIQUEBODYNAME='inner_left' IDENTIFIER=A.00009

PREVIEW OPTION=UNPICK REDISPLAY=YES
PREVIEW OPTION=PICK | PICK OPTION=ADD TYPE=FACE UNIQUEBODYNAME='inner_left' IDENTIFIER=A.00009

PREVIEW OPTION=UNPICK REDISPLAY=YES
SELECT OPTION=CURSORHIDE TYPE=FACE UNIQUEBODYNAME='inner_left' IDENTIFIER=A.00009
SELECT OPTION=CURSORHIDE TYPE=FACE UNIQUEBODYNAME='inner_left' IDENTIFIER=A.00010
PREVIEW OPTION=PICK | PICK OPTION=ADD TYPE=FACE UNIQUEBODYNAME='inner_brkt_top_right' IDENTIFIER=A.00013

PREVIEW OPTION=UNPICK REDISPLAY=YES
PREVIEW OPTION=PICK | PICK OPTION=ADD TYPE=FACE UNIQUEBODYNAME='inner_brkt_front_top' IDENTIFIER=A.00013

PREVIEW OPTION=UNPICK REDISPLAY=YES
$ COMI 'C:\Users\mzhao\OPERA_miniMSR\layer_meshing_version.comi'
PREVIEW OPTION=PICK | PICK OPTION=ADD TYPE=FACE UNIQUEBODYNAME='ModelBody' IDENTIFIER=BL.00004

PREVIEW OPTION=UNPICK REDISPLAY=YES
PREVIEW OPTION=PICK | PICK OPTION=ADD TYPE=FACE UNIQUEBODYNAME='ModelBody' IDENTIFIER=BL.00004

PREVIEW OPTION=UNPICK REDISPLAY=YES

PREVIEW OPTION=UNPICK REDISPLAY=YES
PREVIEW OPTION=PICK | PICK OPTION=ADD TYPE=FACE UNIQUEBODYNAME='ModelBody' IDENTIFIER=BL.00004

PREVIEW OPTION=UNPICK REDISPLAY=YES
PREVIEW OPTION=PICK | PICK OPTION=ADD TYPE=FACE UNIQUEBODYNAME='ModelBody' IDENTIFIER=BL.00004

PREVIEW OPTION=ACCEPT REDISPLAY=NO |  WCS OPTION=PICKED
PREVIEW OPTION=PICK | PICK OPTION=ADD TYPE=FACE UNIQUEBODYNAME='ModelBody' IDENTIFIER=BL.00004

PREVIEW OPTION=UNPICK REDISPLAY=YES
PREVIEW OPTION=PICK | PICK OPTION=ADD TYPE=FACE UNIQUEBODYNAME='ModelBody' IDENTIFIER=BL.00004
PREVIEW OPTION=PICK | PICK OPTION=ADD TYPE=FACE UNIQUEBODYNAME='ModelBody' IDENTIFIER=BL.00004

PREVIEW OPTION=UNPICK REDISPLAY=YES
PICK OPTION=TOGGLE TYPE=FACE UNIQUEBODYNAME='ModelBody' IDENTIFIER=BL.00004
PREVIEW OPTION=PICK | PICK OPTION=ADD TYPE=FACE UNIQUEBODYNAME='ModelBody' IDENTIFIER=BL.00004

PREVIEW OPTION=UNPICK REDISPLAY=YES
PICK OPTION=TOGGLE TYPE=FACE UNIQUEBODYNAME='ModelBody' IDENTIFIER=BL.00004
PREVIEW OPTION=PICK | PICK OPTION=ADD TYPE=FACE UNIQUEBODYNAME='ModelBody' IDENTIFIER=BL.00004

PREVIEW OPTION=UNPICK REDISPLAY=YES
PICK OPTION=TOGGLE TYPE=FACE UNIQUEBODYNAME='ModelBody' IDENTIFIER=BL.00004
PICK OPTION=TOGGLE TYPE=FACE UNIQUEBODYNAME='ModelBody' IDENTIFIER=BL.00004
$ COMI 'C:\Users\mzhao\OPERA_miniMSR\layer_meshing_version.comi'
$string yesorno YES
CLEAR REVERT=NO
THREED XORIGIN=0 YORIGIN=0 ZORIGIN=0 ROTX=0 ROTY=0 ROTZ=0 XASPECT=1 YASPECT=1 ZASPECT=1 SIZE=0 FACETANGLE=5 PERSPECTIVE=YES LINECOLOUR=YES OPTION=SETVIEW
YES
$ COMI 'C:\Users\mzhao\OPERA_miniMSR\mesh_test.comi'

PREVIEW OPTION=UNPICK REDISPLAY=YES
FILTER TYPE=FACE
PREVIEW OPTION=PICK | PICK OPTION=ADD TYPE=FACE UNIQUEBODYNAME='Unnamed:AAA-001' IDENTIFIER=A.00020

PREVIEW OPTION=ACCEPT REDISPLAY=NO |  FACEDATA OPTION=MODIFY ELEMENTTYPE=Linear FORMETHOD=NONE BACKMETHOD=GEOMETRY BACKLAYERS=2 BACKOFFSET=0.00075
PREVIEW OPTION=PICK | PICK OPTION=ADD TYPE=FACE UNIQUEBODYNAME='Unnamed:AAA-001' IDENTIFIER=A.00010

PREVIEW OPTION=ACCEPT REDISPLAY=NO |  FACEDATA OPTION=MODIFY ELEMENTTYPE=Linear FORMETHOD=NONE BACKMETHOD=GEOMETRY BACKLAYERS=2 BACKOFFSET=0.00075
PREVIEW OPTION=PICK | PICK OPTION=ADD TYPE=FACE UNIQUEBODYNAME='Unnamed:AAA-001' IDENTIFIER=A.00009

PREVIEW OPTION=ACCEPT REDISPLAY=NO |  FACEDATA OPTION=MODIFY ELEMENTTYPE=Linear FORMETHOD=NONE BACKMETHOD=GEOMETRY BACKLAYERS=2 BACKOFFSET=0.00075
MODEL CREATE
MESH GENERATOR=AUTOMATIC SIZE=0.01 NORMALTOL=30.0 SURFACETOL=0.0 TOLERANCE=1.0E-06 TYPE=PREFERTETRA
FILL TOL=1.0E-06
$ COMI 'C:\Users\mzhao\OPERA_miniMSR\mesh_test.comi'
FILTER TYPE=FACE
PREVIEW OPTION=PICK | PICK OPTION=ADD TYPE=FACE UNIQUEBODYNAME='Unnamed:AAA-001' IDENTIFIER=A.00006

PREVIEW OPTION=ACCEPT REDISPLAY=NO |  FACEDATA OPTION=MODIFY ELEMENTTYPE=Linear FORMETHOD=NONE BACKMETHOD=GEOMETRY BACKLAYERS=2 BACKOFFSET=0.00075
MODEL CREATE
MESH GENERATOR=AUTOMATIC SIZE=0.01 NORMALTOL=30.0 SURFACETOL=0.0 TOLERANCE=1.0E-06 TYPE=PREFERTETRA
FILL TOL=1.0E-06
$ COMI 'C:\Users\mzhao\OPERA_miniMSR\mesh_test.comi'
FILTER TYPE=FACE
PREVIEW OPTION=PICK | PICK OPTION=ADD TYPE=FACE UNIQUEBODYNAME='Unnamed:AAA-002' IDENTIFIER=A.00010

PREVIEW OPTION=ACCEPT REDISPLAY=NO |  FACEDATA OPTION=MODIFY ELEMENTTYPE=Linear FORMETHOD=NONE BACKMETHOD=GEOMETRY BACKLAYERS=2 BACKOFFSET=0.00075
PREVIEW OPTION=PICK | PICK OPTION=ADD TYPE=FACE UNIQUEBODYNAME='Unnamed:AAA-001' IDENTIFIER=A.00006

PREVIEW OPTION=ACCEPT REDISPLAY=NO |  FACEDATA OPTION=MODIFY ELEMENTTYPE=Linear FORMETHOD=NONE BACKMETHOD=GEOMETRY BACKLAYERS=2 BACKOFFSET=0.00075
PREVIEW OPTION=PICK | PICK OPTION=ADD TYPE=FACE UNIQUEBODYNAME='Unnamed:AAA-001' IDENTIFIER=A.00013

PREVIEW OPTION=ACCEPT REDISPLAY=NO |  FACEDATA OPTION=MODIFY ELEMENTTYPE=Linear FORMETHOD=NONE BACKMETHOD=GEOMETRY BACKLAYERS=2 BACKOFFSET=0.00075
PREVIEW OPTION=PICK | PICK OPTION=ADD TYPE=FACE UNIQUEBODYNAME='Unnamed:AAA-001' IDENTIFIER=A.00018

PREVIEW OPTION=ACCEPT REDISPLAY=NO |  FACEDATA OPTION=MODIFY ELEMENTTYPE=Linear FORMETHOD=NONE BACKMETHOD=GEOMETRY BACKLAYERS=2 BACKOFFSET=0.00075
PREVIEW OPTION=PICK | PICK OPTION=ADD TYPE=FACE UNIQUEBODYNAME='Unnamed:AAA-001' IDENTIFIER=A.00013

PREVIEW OPTION=ACCEPT REDISPLAY=NO |  FACEDATA OPTION=MODIFY ELEMENTTYPE=Linear FORMETHOD=NONE BACKMETHOD=GEOMETRY BACKLAYERS=2 BACKOFFSET=0.00075
PREVIEW OPTION=PICK | PICK OPTION=ADD TYPE=FACE UNIQUEBODYNAME='Unnamed:AAA-001' IDENTIFIER=A.00018

PREVIEW OPTION=ACCEPT REDISPLAY=NO |  FACEDATA OPTION=MODIFY ELEMENTTYPE=Linear FORMETHOD=NONE BACKMETHOD=GEOMETRY BACKLAYERS=2 BACKOFFSET=0.00075
MODEL CREATE
MESH GENERATOR=AUTOMATIC SIZE=0.01 NORMALTOL=30.0 SURFACETOL=0.0 TOLERANCE=1.0E-06 TYPE=PREFERTETRA
