/ Opera-3d Post-Processor
/ Opera 2021 SP3 [Build 3]
/ Started: 24/May/2024 09:09:46
/ Node: UCNENG01. Processor: Intel64 Family 6 Model 42 Stepping 7, GenuineIntel. System: Windows 10 Version 2009 windows (10.0.19045)
ACTIVATE FILE='C:\Users\mzhao\OPERA_miniMSR\mini_MSR.op3' | LOAD | SELECT ACTION=DEFAULT | SELECT ACTION=SELECT OPTION=SURFACES | THREED OPTION=REFRESH

POINT XP=0 YP=0 ZP=0 COMPONENT=B
LINE  BUFFERNAME='Line' X1=0 X2=X1 Y1=0 Y2=Y1 Z1=1 Z2=-1 NP=100 | DATALINE OPTION=CREATE BUFFERNAME='&VF_PLOTBUF&' MINX=* MAXX=* NAME='NewLine' XCOMPONENT=z YCOMPONENT=B INTERPOLATION=LINEAR GRAPH='Default'
LINE  BUFFERNAME='Line' X1=0 X2=X1 Y1=0 Y2=Y1 Z1=1 Z2=-1 NP=200 | DATALINE OPTION=CREATE BUFFERNAME='&VF_PLOTBUF&' MINX=* MAXX=* NAME='NewLine_1' XCOMPONENT=z YCOMPONENT=B INTERPOLATION=LINEAR GRAPH='Default'
LINE  BUFFERNAME='Line' X1=0 X2=X1 Y1=1 Z1=0 Z2=Z1 Y2=-1 NP=200 | DATALINE OPTION=CREATE BUFFERNAME='&VF_PLOTBUF&' MINX=* MAXX=* NAME='NewLine' XCOMPONENT=Y YCOMPONENT=B INTERPOLATION=LINEAR GRAPH='Default'
LINE  BUFFERNAME='Line' X1=1 Y1=0 Y2=Y1 Z1=0 Z2=Z1 X2=-1 NP=200 | DATALINE OPTION=CREATE BUFFERNAME='&VF_PLOTBUF&' MINX=* MAXX=* NAME='NewLine_2' XCOMPONENT=X YCOMPONENT=B INTERPOLATION=LINEAR GRAPH='Default'
THREED OPTION=GETVIEW
SELECT ACTION=SELECT  OPTION=SURFACES SYMMETRY=Full | THREED OPTION=REFRESH
THREED OPTION=GETVIEW
THREED TYPE=COMPONENT COMPONENT=Bz MIN=* MAX=* VECTOR=NO XORIGIN=0.184999999999998 YORIGIN=0.184999999999996 ZORIGIN=-4.61852778244065E-16 ROTX=24.5937679450904 ROTY=42.910801927875 ROTZ=-4.40816720984229 XASPECT=1 YASPECT=1 ZASPECT=1 SIZE=0.370000000000004 FACETANGLE=10 PERSPECTIVE=YES LINECOLOUR=YES USEOUTERELEM=NO OPTION=SETVIEW
THREED OPTION=GETVIEW
THREED TYPE=COMPONENT COMPONENT=Bz MIN=1e-1 MAX=-1e-1 VECTOR=NO XORIGIN=0.186373672980068 YORIGIN=-0.0262216808319157 ZORIGIN=0.081479281353951 ROTX=18.4216242664815 ROTY=43.3972085889468 ROTZ=-4.69989964260173 XASPECT=1 YASPECT=1 ZASPECT=1 SIZE=0.437188451700005 FACETANGLE=10 PERSPECTIVE=YES LINECOLOUR=YES USEOUTERELEM=NO OPTION=SETVIEW
THREED TYPE=COMPONENT COMPONENT=Bz MIN=1e-4 MAX=-1e-4 VECTOR=NO XORIGIN=0.186373672980068 YORIGIN=-0.0262216808319157 ZORIGIN=0.081479281353951 ROTX=18.4216242664815 ROTY=43.3972085889468 ROTZ=-4.69989964260173 XASPECT=1 YASPECT=1 ZASPECT=1 SIZE=0.437188451700005 FACETANGLE=10 PERSPECTIVE=YES LINECOLOUR=YES USEOUTERELEM=NO OPTION=SETVIEW
WINDOW OUTLINE=NO
WINDOW OUTLINE=YES
WINDOW OUTLINE=NO
THREED OPTION=GETVIEW
THREED TYPE=COMPONENT COMPONENT=Bz MIN=1.0E-05 MAX=-1.0E-05 VECTOR=NO XORIGIN=0.186373672980068 YORIGIN=-0.0262216808319157 ZORIGIN=0.081479281353951 ROTX=10.4098572126375 ROTY=51.5544713543974 ROTZ=-3.15460972380979 XASPECT=1 YASPECT=1 ZASPECT=1 SIZE=0.437188451700005 FACETANGLE=10 PERSPECTIVE=YES LINECOLOUR=YES USEOUTERELEM=NO OPTION=SETVIEW
THREED OPTION=GETVIEW
THREED TYPE=SURFACE VECTOR=NO XORIGIN=0.186373672980068 YORIGIN=-0.0262216808319157 ZORIGIN=0.081479281353951 ROTX=0.982673222173367 ROTY=45.1546075571016 ROTZ=14.3395161808353 XASPECT=1 YASPECT=1 ZASPECT=1 SIZE=0.437188451700005 FACETANGLE=10 PERSPECTIVE=YES LINECOLOUR=YES USEOUTERELEM=NO OPTION=SETVIEW
POINT XP=0 YP=0 ZP=0 COMPONENT=B
