/ Opera-3d Post-Processor
/ Opera 2020 SP3 [Build 2]
/ Started: 04/Jun/2024 13:30:38
/ Node: TUCAN-MAGPC. Processor: Intel64. System: Windows 10
ACTIVATE FILE='C:\Users\mzhao\OPERA_miniMSR\miniMSR_layer_dfdf.op3' | LOAD | SELECT ACTION=DEFAULT | SELECT ACTION=SELECT OPTION=SURFACES | THREED OPTION=REFRESH

GRID X0=-0.4 Y0=-0.4 Z0=-0.4 DXG=0.04 DYG=0.04 DZG=0.04 NXG=20 NYG=20 NZG=20 FILE='C:\Users\mzhao\OPERA_miniMSR\results\mini_MSR_dfdf_3D_v1.table' BINARY=NO FORMAT=2 F1=X NAME1=x UNIT1G=LENGU F2=Y NAME2=y UNIT2G=LENGU F3=Z NAME3=z UNIT3G=LENGU F4=Bx NAME4=Bx UNIT4G=FLUXU F5=By NAME5=By UNIT5G=FLUXU F6=Bz NAME6=Bz UNIT6G=FLUXU UNIT7G=1 UNIT8G=1 UNIT9G=1 UNIT10G=1 UNIT11G=1 UNIT12G=1
GRID X0=-0.4 Y0=-0.4 Z0=-0.4 DXG=0.04 DYG=0.04 DZG=0.04 NXG=21 NYG=21 NZG=21 FILE='C:\Users\mzhao\OPERA_miniMSR\results\mini_MSR_dfdf_3D_v1.table' BINARY=NO FORMAT=2 F1=Z NAME1=z UNIT1G=LENGU F2=X NAME2=x UNIT2G=LENGU F3=Y NAME3=y UNIT3G=LENGU F4=Bx NAME4=Bx UNIT4G=FLUXU F5=By NAME5=By UNIT5G=FLUXU F6=Bz NAME6=Bz UNIT6G=FLUXU UNIT7G=1 UNIT8G=1 UNIT9G=1 UNIT10G=1 UNIT11G=1 UNIT12G=1
BUFFER NAME='&VF_MAPBUF&' OPTION=SWITCH
THREED OPTION=GETVIEW
SELECT ACTION=SELECT CUT=YES THETA=90,PHI=90 ZCUT=0 ZTOLERANCE=1.0E-05 | THREED OPTION=REFRESH
SELECT ACTION=SELECT CUT=NO | THREED OPTION=REFRESH
SELECT ACTION=SELECT CUT=YES THETA=90,PHI=90 ZCUT=0 ZTOLERANCE=1.0E-05
SELECT ACTION=SELECT CUT=FRONT THETA=90,PHI=90 ZCUT=0 ZTOLERANCE=1.0E-05
SELECT ACTION=SELECT CUT=BACK THETA=90,PHI=90 ZCUT=0 ZTOLERANCE=1.0E-05
SELECT ACTION=SELECT CUT=NO | THREED OPTION=REFRESH
SELECT ACTION=SELECT CUT=YES THETA=90,PHI=90 ZCUT=0 ZTOLERANCE=1.0E-10 | THREED OPTION=REFRESH
SELECT ACTION=SELECT CUT=YES THETA=90,PHI=90 ZCUT=0 ZTOLERANCE=1.0E-10 | THREED OPTION=REFRESH
SELECT ACTION=DEFAULT | SELECT ACTION=SELECT OPTION=SURFACES | THREED OPTION=REFRESH
THREED OPTION=GETVIEW
THREED OPTION=SETVIEW SIZE=0
SELECT ACTION=SELECT CUT=NO | THREED OPTION=REFRESH
THREED OPTION=GETVIEW
SELECT ACTION=DEFAULT | SELECT ACTION=SELECT OPTION=SURFACES | THREED OPTION=REFRESH
SELECT ACTION=SELECT  OPTION=SURFACES SYMMETRY=None | THREED OPTION=REFRESH
CARTESIAN  Z1=0.4 Z4=Z1 X1=0.4 X2=X1 Z3=-0.4 Z2=Z3 X3=-0.4 X4=X3 Y1=0 Y2=Y1 Y3=Y1 Y4=Y1 CORNERS=4 N1=100 N2=100 BUFFERNAME=Cartesian | MAP FILE=TEMP COMPONENT=B
CARTESIAN  Z1=0.4 Z4=Z1 X1=0.4 X2=X1 Z3=-0.4 Z2=Z3 X3=-0.4 X4=X3 Y1=0.31 Y2=Y1 Y3=Y1 Y4=Y1 CORNERS=4 N1=100 N2=100 BUFFERNAME=Cartesian | MAP FILE=TEMP COMPONENT=B
CARTESIAN  Z1=0.4 Z4=Z1 X1=0.4 X2=X1 Z3=-0.4 Z2=Z3 X3=-0.4 X4=X3 Y1=0 Y2=Y1 Y3=Y1 Y4=Y1 CORNERS=4 N1=100 N2=100 BUFFERNAME=Cartesian | MAP FILE=TEMP COMPONENT=B
TABLE INFILE=TEMP  OUTFILE='C:\Users\mzhao\OPERA_miniMSR\results\mini_MSR_dfdf_centerplane_v1.table' COLUMNS=5 F1=x NAME1=x UNIT1T=LENGU F2=y NAME2=y UNIT2T=LENGU F3=Bx NAME3=Bx UNIT3T=FLUXU F4=By NAME4=By UNIT4T=FLUXU F5=Bz NAME5=Bz UNIT5T=FLUXU UNIT6T=1 UNIT7T=1 UNIT8T=1 UNIT9T=1 UNIT10T=1 UNIT11T=1 UNIT12T=1
CARTESIAN  Z1=0.4 Z4=Z1 X1=0.4 X2=X1 Z3=-0.4 Z2=Z3 X3=-0.4 X4=X3 Y1=0 Y2=Y1 Y3=Y1 Y4=Y1 CORNERS=4 N1=100 N2=100 BUFFERNAME=Cartesian | MAP FILE=TEMP COMPONENT=B
TABLE INFILE=TEMP  OUTFILE='C:\Users\mzhao\OPERA_miniMSR\results\mini_MSR_dfdf_centerplane_v1.table' COLUMNS=6 F1=x NAME1=x UNIT1T=LENGU F2=z NAME2=z UNIT2T=LENGU F3=Bx NAME3=Bx UNIT3T=FLUXU F4=By NAME4=By UNIT4T=FLUXU F5=Bz NAME5=Bz UNIT5T=FLUXU F6=B NAME6=B UNIT6T=FLUXU UNIT7T=1 UNIT8T=1 UNIT9T=1 UNIT10T=1 UNIT11T=1 UNIT12T=1
CARTESIAN  Z1=0.4 Z4=Z1 X1=0.4 X2=X1 Z3=-0.4 Z2=Z3 X3=-0.4 X4=X3 Y1=0.32 Y2=Y1 Y3=Y1 Y4=Y1 CORNERS=4 N1=100 N2=100 BUFFERNAME=Cartesian | MAP FILE=TEMP COMPONENT=B
TABLE INFILE=TEMP  OUTFILE='C:\Users\mzhao\OPERA_miniMSR\results\mini_MSR_dfdf_XZ_topplane_v1.table' COLUMNS=6 F1=x NAME1=x UNIT1T=LENGU F2=z NAME2=z UNIT2T=LENGU F3=Bx NAME3=Bx UNIT3T=FLUXU F4=By NAME4=By UNIT4T=FLUXU F5=Bz NAME5=Bz UNIT5T=FLUXU F6=B NAME6=B UNIT6T=FLUXU UNIT7T=1 UNIT8T=1 UNIT9T=1 UNIT10T=1 UNIT11T=1 UNIT12T=1
POINT XP=0.3 YP=-0.3 ZP=0 COMPONENT=B
POINT XP=0.3 YP=-0.3 ZP=0 COMPONENT=B
CARTESIAN  X1=0.4 X4=X1 Y1=0.4 Y2=Y1 X3=-0.4 X2=X3 Y3=-0.4 Y4=Y3 Z1=0.32 Z2=Z1 Z3=Z1 Z4=Z1 CORNERS=4 N1=100 N2=100 BUFFERNAME=Cartesian | MAP FILE=TEMP COMPONENT=B
CARTESIAN  X1=0.2 X4=X1 Y1=0.2 Y2=Y1 X3=-0.2 X2=X3 Y3=-0.2 Y4=Y3 Z1=0.32 Z2=Z1 Z3=Z1 Z4=Z1 CORNERS=4 N1=100 N2=100 BUFFERNAME=Cartesian | MAP FILE=TEMP COMPONENT=B
CARTESIAN  X1=0.2 X4=X1 Y1=0.2 Y2=Y1 X3=-0.2 X2=X3 Y3=-0.2 Y4=Y3 Z1=0 Z2=Z1 Z3=Z1 Z4=Z1 CORNERS=4 N1=100 N2=100 BUFFERNAME=Cartesian | MAP FILE=TEMP COMPONENT=B
CARTESIAN  X1=0.3 X4=X1 Y1=0.3 Y2=Y1 X3=-0.3 X2=X3 Y3=-0.3 Y4=Y3 Z1=0 Z2=Z1 Z3=Z1 Z4=Z1 CORNERS=4 N1=100 N2=100 BUFFERNAME=Cartesian | MAP FILE=TEMP COMPONENT=B
CARTESIAN  X1=0.3 X4=X1 Y1=0.3 Y2=Y1 X3=-0.3 X2=X3 Y3=-0.3 Y4=Y3 Z1=0.2 Z2=Z1 Z3=Z1 Z4=Z1 CORNERS=4 N1=100 N2=100 BUFFERNAME=Cartesian | MAP FILE=TEMP COMPONENT=B
CARTESIAN  Z1=0.2 Z4=Z1 X1=0.2 X2=X1 Z3=0.2 Z2=Z3 X3=-0.2 X4=X3 Y1=0 Y2=Y1 Y3=Y1 Y4=Y1 CORNERS=4 N1=100 N2=100 BUFFERNAME=Cartesian | MAP FILE=TEMP COMPONENT=B
CARTESIAN  Z1=0.2 Z4=Z1 X1=0.2 X2=X1 Z3=-0.2 Z2=Z3 X3=-0.2 X4=X3 Y1=0 Y2=Y1 Y3=Y1 Y4=Y1 CORNERS=4 N1=100 N2=100 BUFFERNAME=Cartesian | MAP FILE=TEMP COMPONENT=B
POINT XP=0.3 YP=-0.3 ZP=0 COMPONENT=B
POINT XP=0 YP=0 ZP=0 COMPONENT=B
LINE  BUFFERNAME='Line' X1=0 X2=X1 Y1=0 Y2=Y1 Z1=0.4 Z2=-0.4 NP=100 | DATALINE OPTION=CREATE BUFFERNAME='&VF_PLOTBUF&' MINX=* MAXX=* NAME='NewLine' XCOMPONENT=z YCOMPONENT=Bz INTERPOLATION=LINEAR GRAPH='Default'
POINT XP=0 YP=0 ZP=0 COMPONENT=Bz
