/ Opera-3d Post-Processor
/ Opera 2020 SP3 [Build 2]
/ Started: 17/May/2024 15:50:42
/ Node: TUCAN-MAGPC. Processor: Intel64. System: Windows 10
ACTIVATE FILE='C:\Users\mzhao\OPERA_miniMSR\mini_MSR.op3' | LOAD | SELECT ACTION=DEFAULT | SELECT ACTION=SELECT OPTION=SURFACES | THREED OPTION=REFRESH

WINDOW SOLID=NO
WINDOW SOLID=YES
WINDOW OUTLINE=NO
WINDOW SOLID=NO
WINDOW SOLID=YES
LINE  BUFFERNAME='Line' X1=2 Y1=0 Y2=Y1 Z1=0 Z2=Z1 X2=-2 NP=200 | DATALINE OPTION=CREATE BUFFERNAME='&VF_PLOTBUF&' MINX=* MAXX=* NAME='NewLine' XCOMPONENT=X YCOMPONENT=B INTERPOLATION=LINEAR GRAPH='Default'
LINE  BUFFERNAME='Line' X1=2 X2=X1 Y1=2 Z1=0 Z2=Z1 Y2=-2 NP=200 | DATALINE OPTION=CREATE BUFFERNAME='&VF_PLOTBUF&' MINX=* MAXX=* NAME='NewLine_1' XCOMPONENT=y YCOMPONENT=B INTERPOLATION=LINEAR GRAPH='Default'
LINE  BUFFERNAME='Line' X1=0 X2=X1 Y1=2 Z1=0 Z2=Z1 Y2=-2 NP=200 | DATALINE OPTION=CREATE BUFFERNAME='&VF_PLOTBUF&' MINX=* MAXX=* NAME='NewLine_2' XCOMPONENT=y YCOMPONENT=B INTERPOLATION=LINEAR GRAPH='Default'
THREED OPTION=GETVIEW
THREED TYPE=COMPONENT COMPONENT=Bz MIN=* MAX=* VECTOR=NO XORIGIN=0 YORIGIN=-3.5527136788005E-17 ZORIGIN=1.4210854715202E-16 ROTX=44.5058766022238 ROTY=62.6949946354153 ROTZ=-31.9947026113157 XASPECT=1 YASPECT=1 ZASPECT=1 SIZE=0.434721444583522 FACETANGLE=10 PERSPECTIVE=YES LINECOLOUR=YES USEOUTERELEM=NO OPTION=SETVIEW
THREED OPTION=GETVIEW
THREED TYPE=SURFACE VECTOR=YES VX=Bx VY=By VZ=Bz VMIN=* VMAX=* VECSBYSIZE=YES VSCALEOPTION=AUTOMATIC VAUTOSCALE=1 XORIGIN=0 YORIGIN=-3.5527136788005E-17 ZORIGIN=1.4210854715202E-16 ROTX=10.3247271640374 ROTY=64.8665353386001 ROTZ=-0.487133430311238 XASPECT=1 YASPECT=1 ZASPECT=1 SIZE=0.617304451308601 FACETANGLE=10 PERSPECTIVE=YES LINECOLOUR=YES USEOUTERELEM=NO OPTION=SETVIEW
THREED OPTION=GETVIEW
THREED TYPE=SURFACE VECTOR=YES VMIN=* VMAX=* VECSBYSIZE=YES VSCALEOPTION=AUTOMATIC VAUTOSCALE=1 XORIGIN=0 YORIGIN=-3.5527136788005E-17 ZORIGIN=1.4210854715202E-16 ROTX=7.11677895844934 ROTY=44.3201924036362 ROTZ=-2.03134205251711 XASPECT=1 YASPECT=1 ZASPECT=1 SIZE=0.436844956451285 FACETANGLE=10 PERSPECTIVE=YES LINECOLOUR=YES USEOUTERELEM=NO OPTION=SETVIEW
THREED OPTION=GETVIEW
THREED TYPE=SURFACE VECTOR=NO XORIGIN=0 YORIGIN=-3.5527136788005E-17 ZORIGIN=1.4210854715202E-16 ROTX=7.11677895844934 ROTY=44.3201924036362 ROTZ=-2.03134205251711 XASPECT=1 YASPECT=1 ZASPECT=1 SIZE=0.436844956451285 FACETANGLE=10 PERSPECTIVE=YES LINECOLOUR=YES USEOUTERELEM=NO OPTION=SETVIEW
LINE  BUFFERNAME='Line' X1=0 X2=X1 Y1=0 Y2=Y1 Z1=-2 Z2=2 NP=200 | DATALINE OPTION=CREATE BUFFERNAME='&VF_PLOTBUF&' MINX=* MAXX=* NAME='NewLine_3' XCOMPONENT=z YCOMPONENT=B INTERPOLATION=LINEAR GRAPH='Default'
