/ Opera-3d Post-Processor
/ Opera 2020 SP3 [Build 2]
/ Started: 03/Jun/2024 15:58:33
/ Node: TUCAN-MAGPC. Processor: Intel64. System: Windows 10
ACTIVATE FILE='C:\Users\mzhao\OPERA_miniMSR\miniMSR_layer.op3' | LOAD | SELECT ACTION=DEFAULT | SELECT ACTION=SELECT OPTION=SURFACES | THREED OPTION=REFRESH

POINT XP=0 YP=0 ZP=0 COMPONENT=H
POINT XP=0 YP=0 ZP=0 COMPONENT=H
BUFFER NAME='&VF_MAPBUF&' OPTION=SWITCH
CARTESIAN  Z1=1 Z4=Z1 X1=1 X2=X1 Z3=-1 Z2=Z3 X3=-1 X4=X3 Y1=0 Y2=Y1 Y3=Y1 Y4=Y1 CORNERS=4 N1=50 N2=50 BUFFERNAME=Cartesian | MAP FILE=TEMP COMPONENT=H
CARTESIAN  Z1=1 Z4=Z1 X1=1 X2=X1 Z3=-1 Z2=Z3 X3=-1 X4=X3 Y1=0 Y2=Y1 Y3=Y1 Y4=Y1 CORNERS=4 N1=100 N2=100 BUFFERNAME=Cartesian | MAP FILE=TEMP COMPONENT=H
BUFFER NAME='&VF_MAPBUF&' OPTION=SWITCH
CARTESIAN  Z1=1 Z4=Z1 X1=1 X2=X1 Z3=-1 Z2=Z3 X3=-1 X4=X3 Y1=0.31 Y2=Y1 Y3=Y1 Y4=Y1 CORNERS=4 N1=100 N2=100 BUFFERNAME=Cartesian | MAP FILE=TEMP COMPONENT=H
LINE  BUFFERNAME='Line' X1=0 X2=X1 Y1=0.31 Y2=Y1 Z1=-0.5 Z2=0.5 NP=100 | DATALINE OPTION=CREATE BUFFERNAME='&VF_PLOTBUF&' MINX=* MAXX=* NAME='NewLine' XCOMPONENT=z YCOMPONENT=H INTERPOLATION=LINEAR GRAPH='Default'
CARTESIAN  Z1=1 Z4=Z1 X1=1 X2=X1 Z3=-1 Z2=Z3 X3=-1 X4=X3 Y1=0.31 Y2=Y1 Y3=Y1 Y4=Y1 CORNERS=4 N1=100 N2=100 BUFFERNAME=Cartesian | MAP FILE=TEMP COMPONENT=0
CARTESIAN  Z1=1 Z4=Z1 X1=1 X2=X1 Z3=-1 Z2=Z3 X3=-1 X4=X3 Y1=0.31 Y2=Y1 Y3=Y1 Y4=Y1 CORNERS=4 N1=0 N2=0 BUFFERNAME=Cartesian | MAP FILE=TEMP COMPONENT=0
THREED OPTION=GETVIEW
THREED TYPE=COMPONENT COMPONENT=H MIN=* MAX=* VECTOR=NO XORIGIN=0.191140197093484 YORIGIN=0.184623370575603 ZORIGIN=9.80963011264463E-03 ROTX=-1.97043495949374 ROTY=56.9006201503096 ROTZ=32.0832240343854 XASPECT=1 YASPECT=1 ZASPECT=1 SIZE=0.593313590496119 FACETANGLE=10 PERSPECTIVE=YES LINECOLOUR=YES USEOUTERELEM=NO OPTION=SETVIEW
WINDOW OUTLINE=NO
BUFFER NAME='&VF_PLOTBUF&' OPTION=SWITCH
THREED OPTION=GETVIEW
THREED TYPE=COMPONENT COMPONENT=0 MIN=* MAX=* VECTOR=YES VX=Hx VY=Hy VZ=Hz VMIN=* VMAX=* VECSBYSIZE=YES VSCALEOPTION=AUTOMATIC VAUTOSCALE=1 XORIGIN=0.191140197093484 YORIGIN=0.184623370575603 ZORIGIN=9.80963011264463E-03 ROTX=-132.305444050826 ROTY=4.11982765601806 ROTZ=-153.697591495797 XASPECT=1 YASPECT=1 ZASPECT=1 SIZE=0.593313590496119 FACETANGLE=10 PERSPECTIVE=YES LINECOLOUR=YES USEOUTERELEM=NO OPTION=SETVIEW
THREED OPTION=GETVIEW
THREED TYPE=COMPONENT COMPONENT=0 MIN=* MAX=* VECTOR=NO XORIGIN=0.191140197093484 YORIGIN=0.184623370575603 ZORIGIN=9.80963011264463E-03 ROTX=104.313337651295 ROTY=80.3229524887486 ROTZ=-102.257640523521 XASPECT=1 YASPECT=1 ZASPECT=1 SIZE=0.700737217238712 FACETANGLE=10 PERSPECTIVE=YES LINECOLOUR=YES USEOUTERELEM=NO OPTION=SETVIEW
CARTESIAN  Y1=1 Y4=Y1 Z1=1 Z2=Z1 Y3=-1 Y2=Y3 Z3=-1 Z4=Z3 X1=0 X2=X1 X3=X1 X4=X1 CORNERS=4 N1=100 N2=100 BUFFERNAME=Cartesian | MAP FILE=TEMP COMPONENT=Hx
CARTESIAN  Y1=1 Y4=Y1 Z1=1 Z2=Z1 Y3=-1 Y2=Y3 Z3=-1 Z4=Z3 X1=0 X2=X1 X3=X1 X4=X1 CORNERS=4 N1=100 N2=100 BUFFERNAME=Cartesian | MAP FILE=TEMP COMPONENT=Hz
THREED OPTION=GETVIEW
THREED OPTION=GETVIEW
THREED OPTION=GETVIEW
THREED OPTION=GETVIEW
THREED TYPE=SURFACE VECTOR=NO XORIGIN=0.155048623326455 YORIGIN=-0.106928013227736 ZORIGIN=-9.59831474464079E-04 ROTX=-157.99564830286 ROTY=78.890155685911 ROTZ=170.131365021199 XASPECT=1 YASPECT=1 ZASPECT=1 SIZE=0.556833597078517 FACETANGLE=10 PERSPECTIVE=YES LINECOLOUR=YES USEOUTERELEM=NO OPTION=SETVIEW
THREED OPTION=GETVIEW
THREED TYPE=COMPONENT COMPONENT=0 MIN=* MAX=* VECTOR=NO XORIGIN=0.155048623326455 YORIGIN=-0.106928013227736 ZORIGIN=-9.59831474464079E-04 ROTX=-164.758370325829 ROTY=56.8060483603511 ROTZ=-172.226306720098 XASPECT=1 YASPECT=1 ZASPECT=1 SIZE=0.556833597078517 FACETANGLE=10 PERSPECTIVE=YES LINECOLOUR=YES USEOUTERELEM=NO OPTION=SETVIEW
THREED TYPE=COMPONENT COMPONENT=0 MIN=* MAX=* VECTOR=NO XORIGIN=0.155048623326455 YORIGIN=-0.106928013227736 ZORIGIN=-9.59831474464079E-04 ROTX=-164.758370325829 ROTY=56.8060483603511 ROTZ=-172.226306720098 XASPECT=1 YASPECT=1 ZASPECT=1 SIZE=0.556833597078517 FACETANGLE=10 PERSPECTIVE=YES LINECOLOUR=YES USEOUTERELEM=NO OPTION=SETVIEW
CARTESIAN  Y1=1 Y4=Y1 Z1=1 Z2=Z1 Y3=-1 Y2=Y3 Z3=-1 Z4=Z3 X1=0 X2=X1 X3=X1 X4=X1 CORNERS=4 N1=0 N2=0 BUFFERNAME=Cartesian | MAP FILE=TEMP COMPONENT=0
THREED OPTION=GETVIEW
THREED TYPE=SURFACE VECTOR=NO XORIGIN=0.155048623326455 YORIGIN=-0.106928013227736 ZORIGIN=-9.59831474464079E-04 ROTX=-156.437999306617 ROTY=48.2669559276089 ROTZ=-170.657454167413 XASPECT=1 YASPECT=1 ZASPECT=1 SIZE=0.556833597078517 FACETANGLE=10 PERSPECTIVE=YES LINECOLOUR=YES USEOUTERELEM=NO OPTION=SETVIEW
LINE  BUFFERNAME='Line' X1=0 X2=X1 Y1=0 Y2=Y1 Z1=-0.5 Z2=0.5 NP=100 | DATALINE OPTION=CREATE BUFFERNAME='&VF_PLOTBUF&' MINX=* MAXX=* NAME='NewLine_1' XCOMPONENT=z YCOMPONENT=H INTERPOLATION=LINEAR GRAPH='Default'
LINE  BUFFERNAME='Line' X1=0 X2=X1 Y1=0 Y2=Y1 Z1=-0.5 Z2=0.5 NP=100 | DATALINE OPTION=CREATE BUFFERNAME='&VF_PLOTBUF&' MINX=* MAXX=* NAME='NewLine_2' XCOMPONENT=z YCOMPONENT=H INTERPOLATION=LINEAR GRAPH='Default'
POINT XP=0 YP=0 ZP=0 COMPONENT=By
