/ Opera-3d Post-Processor
/ Opera 2020 SP3 [Build 2]
/ Started: 07/Jun/2024 10:38:52
/ Node: TUCAN-MAGPC. Processor: Intel64. System: Windows 10
ACTIVATE FILE='C:\Users\mzhao\OPERA_miniMSR\test_dgcoil.op3' | LOAD | SELECT ACTION=DEFAULT | SELECT ACTION=SELECT OPTION=SURFACES | THREED OPTION=REFRESH

THREED OPTION=GETVIEW
THREED TYPE=COMPONENT COMPONENT=B MIN=* MAX=* VECTOR=NO XORIGIN=-2.78427124746692E-04 YORIGIN=0 ZORIGIN=2.78427124743956E-04 ROTX=20 ROTY=20 ROTZ=0 XASPECT=1 YASPECT=1 ZASPECT=1 SIZE=0.326778427124748 FACETANGLE=10 PERSPECTIVE=YES LINECOLOUR=YES USEOUTERELEM=NO OPTION=SETVIEW
THREED TYPE=COMPONENT COMPONENT=B MIN=* MAX=* VECTOR=NO XORIGIN=-2.78427124746692E-04 YORIGIN=0 ZORIGIN=2.78427124743956E-04 ROTX=20 ROTY=20 ROTZ=0 XASPECT=1 YASPECT=1 ZASPECT=1 SIZE=0.326778427124748 FACETANGLE=10 PERSPECTIVE=YES LINECOLOUR=YES USEOUTERELEM=NO OPTION=SETVIEW
WINDOW OUTLINE=NO
LINE  BUFFERNAME='Line' X1=0.3265 X2=X1 Y1=0 Y2=Y1 Z1=-0.3265 Z2=0.3265 NP=100 | DATALINE OPTION=CREATE BUFFERNAME='&VF_PLOTBUF&' MINX=* MAXX=* NAME='NewLine' XCOMPONENT=z YCOMPONENT=B INTERPOLATION=LINEAR GRAPH='Default'
LINE  BUFFERNAME='Line' X1=0.326 X2=X1 Y1=0 Y2=Y1 Z1=-0.3265 Z2=0.3265 NP=100 | DATALINE OPTION=CREATE BUFFERNAME='&VF_PLOTBUF&' MINX=* MAXX=* NAME='NewLine_1' XCOMPONENT=z YCOMPONENT=B INTERPOLATION=LINEAR GRAPH='Default'
CARTESIAN  Y1=0.35 Y4=Y1 Z1=0.35 Z2=Z1 Y3=-0.35 Y2=Y3 Z3=-0.35 Z4=Z3 X1=0.326 X2=X1 X3=X1 X4=X1 CORNERS=4 N1=100 N2=100 BUFFERNAME=Cartesian | MAP FILE=TEMP COMPONENT=B
WINDOW SOLID=NO
CARTESIAN  Y1=0.35 Y4=Y1 Z1=0.35 Z2=Z1 Y3=-0.35 Y2=Y3 Z3=-0.35 Z4=Z3 X1=0.3265 X2=X1 X3=X1 X4=X1 CORNERS=4 N1=100 N2=100 BUFFERNAME=Cartesian | MAP FILE=TEMP COMPONENT=B
CARTESIAN  Y1=0.35 Y4=Y1 Z1=0.35 Z2=Z1 Y3=-0.35 Y2=Y3 Z3=-0.35 Z4=Z3 X1=0.327 X2=X1 X3=X1 X4=X1 CORNERS=4 N1=100 N2=100 BUFFERNAME=Cartesian | MAP FILE=TEMP COMPONENT=B
CARTESIAN  Y1=0.35 Y4=Y1 Z1=0.35 Z2=Z1 Y3=-0.35 Y2=Y3 Z3=-0.35 Z4=Z3 X1=0.326 X2=X1 X3=X1 X4=X1 CORNERS=4 N1=100 N2=100 BUFFERNAME=Cartesian | MAP FILE=TEMP COMPONENT=B
CARTESIAN  Y1=0.32 Y4=Y1 Z1=0.32 Z2=Z1 Y3=-0.32 Y2=Y3 Z3=-0.32 Z4=Z3 X1=0.326 X2=X1 X3=X1 X4=X1 CORNERS=4 N1=100 N2=100 BUFFERNAME=Cartesian | MAP FILE=TEMP COMPONENT=B
CARTESIAN  Y1=0.31 Y4=Y1 Z1=0.31 Z2=Z1 Y3=-0.31 Y2=Y3 Z3=-0.31 Z4=Z3 X1=0.326 X2=X1 X3=X1 X4=X1 CORNERS=4 N1=100 N2=100 BUFFERNAME=Cartesian | MAP FILE=TEMP COMPONENT=B
WINDOW OUTLINE=YES
WINDOW OUTLINE=NO
WINDOW SOLID=YES
THREED OPTION=GETVIEW
THREED TYPE=COMPONENT COMPONENT=B MIN=* MAX=* VECTOR=YES VX=Bx VY=By VZ=Bz VMIN=* VMAX=* VECSBYSIZE=YES VSCALEOPTION=AUTOMATIC VAUTOSCALE=0.5 XORIGIN=-2.78427124746692E-04 YORIGIN=0 ZORIGIN=2.78427124743956E-04 ROTX=22.5249184064381 ROTY=-55.684846412317 ROTZ=-4.63830743560476 XASPECT=1 YASPECT=1 ZASPECT=1 SIZE=0.494730207405467 FACETANGLE=10 PERSPECTIVE=YES LINECOLOUR=YES USEOUTERELEM=NO OPTION=SETVIEW
THREED TYPE=COMPONENT COMPONENT=B MIN=* MAX=* VECTOR=YES VX=Bx VY=By VZ=Bz VMIN=* VMAX=* VECSBYSIZE=YES VSCALEOPTION=AUTOMATIC VAUTOSCALE=0.5 XORIGIN=-2.78427124746692E-04 YORIGIN=0 ZORIGIN=2.78427124743956E-04 ROTX=22.5249184064381 ROTY=-55.684846412317 ROTZ=-4.63830743560476 XASPECT=1 YASPECT=1 ZASPECT=1 SIZE=0.494730207405467 FACETANGLE=10 PERSPECTIVE=YES LINECOLOUR=YES USEOUTERELEM=NO OPTION=SETVIEW
THREED OPTION=GETVIEW
THREED TYPE=COMPONENT COMPONENT=B MIN=* MAX=* VECTOR=YES VX=Bx VY=By VZ=Bz VMIN=* VMAX=* VECSBYSIZE=YES VSCALEOPTION=ABSOLUTE VABSSCALE=1 XORIGIN=-2.78427124746692E-04 YORIGIN=0 ZORIGIN=2.78427124743956E-04 ROTX=-11.8442683699222 ROTY=-27.9676692301518 ROTZ=-12.3225699705411 XASPECT=1 YASPECT=1 ZASPECT=1 SIZE=0.488271972535823 FACETANGLE=10 PERSPECTIVE=YES LINECOLOUR=YES USEOUTERELEM=NO OPTION=SETVIEW
THREED TYPE=COMPONENT COMPONENT=B MIN=* MAX=* VECTOR=YES VX=Bx VY=By VZ=Bz VMIN=* VMAX=* VECSBYSIZE=YES VSCALEOPTION=ABSOLUTE VABSSCALE=0.1 XORIGIN=-2.78427124746692E-04 YORIGIN=0 ZORIGIN=2.78427124743956E-04 ROTX=-11.8442683699222 ROTY=-27.9676692301518 ROTZ=-12.3225699705411 XASPECT=1 YASPECT=1 ZASPECT=1 SIZE=0.488271972535823 FACETANGLE=10 PERSPECTIVE=YES LINECOLOUR=YES USEOUTERELEM=NO OPTION=SETVIEW
THREED TYPE=COMPONENT COMPONENT=B MIN=* MAX=* VECTOR=YES VX=Bx VY=By VZ=Bz VMIN=* VMAX=* VECSBYSIZE=NO VAUTOSCALE=0.5 XORIGIN=-2.78427124746692E-04 YORIGIN=0 ZORIGIN=2.78427124743956E-04 ROTX=-11.8442683699222 ROTY=-27.9676692301518 ROTZ=-12.3225699705411 XASPECT=1 YASPECT=1 ZASPECT=1 SIZE=0.488271972535823 FACETANGLE=10 PERSPECTIVE=YES LINECOLOUR=YES USEOUTERELEM=NO OPTION=SETVIEW
THREED TYPE=COMPONENT COMPONENT=B MIN=* MAX=* VECTOR=YES VX=Bx VY=By VZ=Bz VMIN=* VMAX=* VECSBYSIZE=YES VSCALEOPTION=AUTOMATIC VAUTOSCALE=0.5 XORIGIN=-2.78427124746692E-04 YORIGIN=0 ZORIGIN=2.78427124743956E-04 ROTX=-11.8442683699222 ROTY=-27.9676692301518 ROTZ=-12.3225699705411 XASPECT=1 YASPECT=1 ZASPECT=1 SIZE=0.488271972535823 FACETANGLE=10 PERSPECTIVE=YES LINECOLOUR=YES USEOUTERELEM=NO OPTION=SETVIEW
THREED TYPE=COMPONENT COMPONENT=B MIN=* MAX=* VECTOR=YES VX=Bx VY=By VZ=Bz VMIN=* VMAX=* VECSBYSIZE=YES VSCALEOPTION=AUTOMATIC VAUTOSCALE=0.5 XORIGIN=-2.78427124746692E-04 YORIGIN=0 ZORIGIN=2.78427124743956E-04 ROTX=-11.8442683699222 ROTY=-27.9676692301518 ROTZ=-12.3225699705411 XASPECT=1 YASPECT=1 ZASPECT=1 SIZE=0.488271972535823 FACETANGLE=10 PERSPECTIVE=YES LINECOLOUR=YES USEOUTERELEM=NO OPTION=SETVIEW
