/ Opera-3d Post-Processor
/ Opera 2020 SP3 [Build 2]
/ Started: 07/Jun/2024 09:51:04
/ Node: TUCAN-MAGPC. Processor: Intel64. System: Windows 10
ACTIVATE FILE='C:\Users\mzhao\OPERA_miniMSR\test_dgcoil.op3' | LOAD | SELECT ACTION=DEFAULT | SELECT ACTION=SELECT OPTION=SURFACES | THREED OPTION=REFRESH

THREED OPTION=GETVIEW
THREED TYPE=COMPONENT COMPONENT=B MIN=* MAX=0.8 VECTOR=NO XORIGIN=-2.78427124746692E-04 YORIGIN=0 ZORIGIN=2.78427124743956E-04 ROTX=20 ROTY=20 ROTZ=0 XASPECT=1 YASPECT=1 ZASPECT=1 SIZE=0.326778427124748 FACETANGLE=10 PERSPECTIVE=YES LINECOLOUR=YES USEOUTERELEM=NO OPTION=SETVIEW
THREED TYPE=COMPONENT COMPONENT=B MIN=* MAX=0.8 VECTOR=NO XORIGIN=-2.78427124746692E-04 YORIGIN=0 ZORIGIN=2.78427124743956E-04 ROTX=20 ROTY=20 ROTZ=0 XASPECT=1 YASPECT=1 ZASPECT=1 SIZE=0.326778427124748 FACETANGLE=10 PERSPECTIVE=YES LINECOLOUR=YES USEOUTERELEM=NO OPTION=SETVIEW
WINDOW OUTLINE=NO
THREED OPTION=GETVIEW
THREED TYPE=COMPONENT COMPONENT=B MIN=* MAX=0.5 VECTOR=NO XORIGIN=-2.78427124746692E-04 YORIGIN=0 ZORIGIN=2.78427124743956E-04 ROTX=12.866675582001 ROTY=-20.9582680234436 ROTZ=14.1240838307601 XASPECT=1 YASPECT=1 ZASPECT=1 SIZE=0.326778427124748 FACETANGLE=10 PERSPECTIVE=YES LINECOLOUR=YES USEOUTERELEM=NO OPTION=SETVIEW
THREED OPTION=GETVIEW
THREED TYPE=COMPONENT COMPONENT=B MIN=* MAX=0.3 VECTOR=NO XORIGIN=-2.78427124746692E-04 YORIGIN=0 ZORIGIN=2.78427124743956E-04 ROTX=17.8559046110929 ROTY=-12.175929833781 ROTZ=0.269151977798781 XASPECT=1 YASPECT=1 ZASPECT=1 SIZE=0.475789389893633 FACETANGLE=10 PERSPECTIVE=YES LINECOLOUR=YES USEOUTERELEM=NO OPTION=SETVIEW
THREED TYPE=COMPONENT COMPONENT=B MIN=* MAX=0.3 VECTOR=NO XORIGIN=-2.78427124746692E-04 YORIGIN=0 ZORIGIN=2.78427124743956E-04 ROTX=17.8559046110929 ROTY=-12.175929833781 ROTZ=0.269151977798781 XASPECT=1 YASPECT=1 ZASPECT=1 SIZE=0.475789389893633 FACETANGLE=10 PERSPECTIVE=YES LINECOLOUR=YES USEOUTERELEM=NO OPTION=SETVIEW
THREED OPTION=GETVIEW
THREED TYPE=COMPONENT COMPONENT=B MIN=* MAX=0.3 VECTOR=YES VX=Bx VY=By VZ=Bz VMIN=* VMAX=* VECSBYSIZE=YES VSCALEOPTION=AUTOMATIC VAUTOSCALE=1 XORIGIN=-2.78427124746692E-04 YORIGIN=0 ZORIGIN=2.78427124743956E-04 ROTX=29.9203787894872 ROTY=16.0076145345507 ROTZ=6.70941447483727 XASPECT=1 YASPECT=1 ZASPECT=1 SIZE=0.439451374492763 FACETANGLE=10 PERSPECTIVE=YES LINECOLOUR=YES USEOUTERELEM=NO OPTION=SETVIEW
THREED TYPE=COMPONENT COMPONENT=B MIN=* MAX=0.3 VECTOR=YES VX=Bx VY=By VZ=Bz VMIN=* VMAX=0.1 VECSBYSIZE=YES VSCALEOPTION=AUTOMATIC VAUTOSCALE=1 XORIGIN=-2.78427124746692E-04 YORIGIN=0 ZORIGIN=2.78427124743956E-04 ROTX=29.9203787894872 ROTY=16.0076145345507 ROTZ=6.70941447483727 XASPECT=1 YASPECT=1 ZASPECT=1 SIZE=0.439451374492763 FACETANGLE=10 PERSPECTIVE=YES LINECOLOUR=YES USEOUTERELEM=NO OPTION=SETVIEW
THREED TYPE=COMPONENT COMPONENT=B MIN=* MAX=0.3 VECTOR=YES VX=Bx VY=By VZ=Bz VMIN=0.1 VMAX=* VECSBYSIZE=YES VSCALEOPTION=AUTOMATIC VAUTOSCALE=1 XORIGIN=-2.78427124746692E-04 YORIGIN=0 ZORIGIN=2.78427124743956E-04 ROTX=29.9203787894872 ROTY=16.0076145345507 ROTZ=6.70941447483727 XASPECT=1 YASPECT=1 ZASPECT=1 SIZE=0.439451374492763 FACETANGLE=10 PERSPECTIVE=YES LINECOLOUR=YES USEOUTERELEM=NO OPTION=SETVIEW
THREED TYPE=COMPONENT COMPONENT=B MIN=* MAX=0.3 VECTOR=YES VX=Bx VY=By VZ=Bz VMIN=0.1 VMAX=* VECSBYSIZE=YES VSCALEOPTION=AUTOMATIC VAUTOSCALE=1 XORIGIN=-2.78427124746692E-04 YORIGIN=0 ZORIGIN=2.78427124743956E-04 ROTX=29.9203787894872 ROTY=16.0076145345507 ROTZ=6.70941447483727 XASPECT=1 YASPECT=1 ZASPECT=1 SIZE=0.439451374492763 FACETANGLE=10 PERSPECTIVE=YES LINECOLOUR=YES USEOUTERELEM=NO OPTION=SETVIEW
THREED OPTION=GETVIEW
THREED TYPE=COMPONENT COMPONENT=B MIN=* MAX=0.3 VECTOR=YES VX=Bx VY=By VZ=Bz VMIN=0.1 VMAX=* VECSBYSIZE=YES VSCALEOPTION=AUTOMATIC VAUTOSCALE=0.1 XORIGIN=-2.78427124746692E-04 YORIGIN=0 ZORIGIN=2.78427124743956E-04 ROTX=33.169534789342 ROTY=-3.24060537282899 ROTZ=17.9016010886987 XASPECT=1 YASPECT=1 ZASPECT=1 SIZE=0.334336103539838 FACETANGLE=10 PERSPECTIVE=YES LINECOLOUR=YES USEOUTERELEM=NO OPTION=SETVIEW
THREED TYPE=COMPONENT COMPONENT=B MIN=* MAX=0.3 VECTOR=YES VX=Bx VY=By VZ=Bz VMIN=0.1 VMAX=* VECSBYSIZE=YES VSCALEOPTION=AUTOMATIC VAUTOSCALE=0.3 XORIGIN=-2.78427124746692E-04 YORIGIN=0 ZORIGIN=2.78427124743956E-04 ROTX=33.169534789342 ROTY=-3.24060537282899 ROTZ=17.9016010886987 XASPECT=1 YASPECT=1 ZASPECT=1 SIZE=0.334336103539838 FACETANGLE=10 PERSPECTIVE=YES LINECOLOUR=YES USEOUTERELEM=NO OPTION=SETVIEW
THREED TYPE=COMPONENT COMPONENT=B MIN=* MAX=0.3 VECTOR=YES VX=Bx VY=By VZ=Bz VMIN=0.1 VMAX=* VECSBYSIZE=YES VSCALEOPTION=AUTOMATIC VAUTOSCALE=0.3 XORIGIN=-2.78427124746692E-04 YORIGIN=0 ZORIGIN=2.78427124743956E-04 ROTX=33.169534789342 ROTY=-3.24060537282899 ROTZ=17.9016010886987 XASPECT=1 YASPECT=1 ZASPECT=1 SIZE=0.334336103539838 FACETANGLE=10 PERSPECTIVE=YES LINECOLOUR=YES USEOUTERELEM=NO OPTION=SETVIEW
THREED OPTION=GETVIEW
THREED TYPE=COMPONENT COMPONENT=B MIN=* MAX=0.3 VECTOR=YES VX=Bx VY=By VZ=Bz VMIN=0.01 VMAX=* VECSBYSIZE=YES VSCALEOPTION=AUTOMATIC VAUTOSCALE=0.3 XORIGIN=-2.78427124746692E-04 YORIGIN=0 ZORIGIN=2.78427124743956E-04 ROTX=-169.165385350213 ROTY=52.9719740818505 ROTZ=-163.03681927598 XASPECT=1 YASPECT=1 ZASPECT=1 SIZE=0.364467341807731 FACETANGLE=10 PERSPECTIVE=YES LINECOLOUR=YES USEOUTERELEM=NO OPTION=SETVIEW
THREED TYPE=COMPONENT COMPONENT=B MIN=* MAX=0.3 VECTOR=YES VX=Bx VY=By VZ=Bz VMIN=0.01 VMAX=* VECSBYSIZE=YES VSCALEOPTION=AUTOMATIC VAUTOSCALE=0.3 XORIGIN=-2.78427124746692E-04 YORIGIN=0 ZORIGIN=2.78427124743956E-04 ROTX=-169.165385350213 ROTY=52.9719740818505 ROTZ=-163.03681927598 XASPECT=1 YASPECT=1 ZASPECT=1 SIZE=0.364467341807731 FACETANGLE=10 PERSPECTIVE=YES LINECOLOUR=YES USEOUTERELEM=NO OPTION=SETVIEW
