/ Opera-3d Post-Processor
/ Opera 2020 SP3 [Build 2]
/ Started: 06/Jun/2024 14:53:39
/ Node: TUCAN-MAGPC. Processor: Intel64. System: Windows 10
ACTIVATE FILE='C:\Users\mzhao\OPERA_miniMSR\test_dgcoil.op3' | LOAD | SELECT ACTION=DEFAULT | SELECT ACTION=SELECT OPTION=SURFACES | THREED OPTION=REFRESH

THREED OPTION=GETVIEW
THREED TYPE=COMPONENT COMPONENT=H MIN=* MAX=* VECTOR=NO XORIGIN=0.169267766952963 YORIGIN=0 ZORIGIN=3.39213562372869E-03 ROTX=4.19791273621585 ROTY=0.783329186420484 ROTZ=7.09997430945412 XASPECT=1 YASPECT=1 ZASPECT=1 SIZE=0.329892135623733 FACETANGLE=10 PERSPECTIVE=YES LINECOLOUR=YES USEOUTERELEM=NO OPTION=SETVIEW
WINDOW OUTLINE=NO
THREED OPTION=GETVIEW
THREED TYPE=COMPONENT COMPONENT=H MIN=* MAX=1e-3 VECTOR=NO XORIGIN=0.0283003641446958 YORIGIN=-0.359087378686037 ZORIGIN=0.229430742748113 ROTX=120.15582464049 ROTY=18.6403627083273 ROTZ=-149.902356150707 XASPECT=1 YASPECT=1 ZASPECT=1 SIZE=0.201835608615748 FACETANGLE=10 PERSPECTIVE=YES LINECOLOUR=YES USEOUTERELEM=NO OPTION=SETVIEW
THREED OPTION=GETVIEW
THREED TYPE=COMPONENT COMPONENT=H MIN=* MAX=1.0E-02 VECTOR=NO XORIGIN=0.0283003641446958 YORIGIN=-0.359087378686037 ZORIGIN=0.229430742748113 ROTX=16.4529311597104 ROTY=-37.6185652494041 ROTZ=-1.21006242122881 XASPECT=1 YASPECT=1 ZASPECT=1 SIZE=0.681763181308908 FACETANGLE=10 PERSPECTIVE=YES LINECOLOUR=YES USEOUTERELEM=NO OPTION=SETVIEW
CARTESIAN  Z1=0.5 Z4=Z1 X1=0.5 X2=X1 Z3=0 Z2=Z3 X3=0 X4=X3 Y1=0.2 Y2=Y1 Y3=Y1 Y4=Y1 CORNERS=4 N1=100 N2=100 BUFFERNAME=Cartesian | MAP FILE=TEMP COMPONENT=H
THREED OPTION=GETVIEW
THREED TYPE=COMPONENT COMPONENT=H MIN=* MAX=0.01 VECTOR=NO XORIGIN=0.0283003641446958 YORIGIN=-0.359087378686037 ZORIGIN=0.229430742748113 ROTX=76.9908305501272 ROTY=-13.5114759956606 ROTZ=5.94303413919439 XASPECT=1 YASPECT=1 ZASPECT=1 SIZE=0.348811791662275 FACETANGLE=10 PERSPECTIVE=YES LINECOLOUR=YES USEOUTERELEM=NO OPTION=SETVIEW
THREED TYPE=COMPONENT COMPONENT=H MIN=* MAX=0.01 VECTOR=NO XORIGIN=0.0283003641446958 YORIGIN=-0.359087378686037 ZORIGIN=0.229430742748113 ROTX=76.9908305501272 ROTY=-13.5114759956606 ROTZ=5.94303413919439 XASPECT=1 YASPECT=1 ZASPECT=1 SIZE=0.348811791662275 FACETANGLE=10 PERSPECTIVE=YES LINECOLOUR=YES USEOUTERELEM=NO OPTION=SETVIEW
THREED TYPE=COMPONENT COMPONENT=H MIN=* MAX=0.01 VECTOR=NO XORIGIN=0.0283003641446958 YORIGIN=-0.359087378686037 ZORIGIN=0.229430742748113 ROTX=76.9908305501272 ROTY=-13.5114759956606 ROTZ=5.94303413919439 XASPECT=1 YASPECT=1 ZASPECT=1 SIZE=0.348811791662275 FACETANGLE=10 PERSPECTIVE=YES LINECOLOUR=YES USEOUTERELEM=NO OPTION=SETVIEW
THREED OPTION=GETVIEW
THREED TYPE=SURFACE VECTOR=NO XORIGIN=0.0283003641446958 YORIGIN=-0.359087378686037 ZORIGIN=0.229430742748113 ROTX=52.3431902757577 ROTY=-3.53292069756382 ROTZ=-18.0193387652354 XASPECT=1 YASPECT=1 ZASPECT=1 SIZE=0.514826671033185 FACETANGLE=10 PERSPECTIVE=YES LINECOLOUR=YES USEOUTERELEM=NO OPTION=SETVIEW
CARTESIAN  Z1=0.5 Z4=Z1 X1=0.5 X2=X1 Z3=0 Z2=Z3 X3=0 X4=X3 Y1=0.2 Y2=Y1 Y3=Y1 Y4=Y1 CORNERS=4 N1=100 N2=100 BUFFERNAME=Cartesian | MAP FILE=TEMP COMPONENT=H
WINDOW SOLID=NO
WINDOW SOLID=YES
